Branch indexing
 > git rev-parse --resolve-git-dir /var/lib/jenkins/caches/git-a531c5e10c9aa163db1d9caf0d181353/.git # timeout=10
Setting origin to https://github.com/kishanops/Boardgame.git
 > git config remote.origin.url https://github.com/kishanops/Boardgame.git # timeout=10
Fetching origin...
Fetching upstream changes from origin
 > git --version # timeout=10
 > git --version # 'git version 2.43.0'
 > git config --get remote.origin.url # timeout=10
using GIT_SSH to set credentials 
Verifying host key using known hosts file
[8mha:////4LRcPEihPiHPlRgOIHZM1WTqF71IHZJtORDtizMW7zg6AAAAwB+LCAAAAAAAAP9djLENwjAQRY8gGIAS0VE77ihAVDQgRVAwQRSMfYl1tuwLStZgDWgYgmEo2IFE6fjN+19fes8vTGKAhakv0VFaOIrOqnTfehUsUnV0rFbbx2t79+8EkgNMrSLNJoNxHSzDLCvzWy5tTlqeOSDpTRNg/qfbDexlMGSUADS+Kx+Gk2H2cS2lt7VGimmpqOqJTmpkUVhUxHI53KKTcrdFjEYYF1lUqhU3FfCKRc7o6AcdrEU/1AAAAA==[0mYou're using 'Known hosts file' strategy to verify ssh host keys, but your known_hosts file does not exist, please go to 'Manage Jenkins' -> 'Security' -> 'Git Host Key Verification Configuration' and configure host key verification.
 > git fetch --no-tags --force --progress -- origin +refs/heads/*:refs/remotes/origin/* # timeout=10
Seen branch in repository origin/DEV
Seen branch in repository origin/feature-1
Seen branch in repository origin/main
Seen 3 remote branches
Obtained Jenkinsfile from dce5503ed59cc15b3a627535ca3d3971f89d439e
[8mha:////4IUwP7x+XfvfJuD0MgilBRUiQDyZ9B5JqGbIyaPpwwDYAAAAoh+LCAAAAAAAAP9tjTEOwjAQBM8BClpKHuFItIiK1krDC0x8GCfWnbEdkooX8TX+gCESFVvtrLSa5wtWKcKBo5UdUu8otU4GP9jS5Mixv3geZcdn2TIl9igbHBs2eJyx4YwwR1SwULBGaj0nRzbDRnX6rmuvydanHMu2V1A5c4MHCFXMWcf8hSnC9jqYxPTz/BXAFEIGsfuclm8zQVqFvQAAAA==[0m[Pipeline] Start of Pipeline
[8mha:////4NVuC/EXHYLnhOEteCR0wZK2icSNcJZFn0TAtdSzyQG0AAAApR+LCAAAAAAAAP9tjTEOwjAUQ3+KOrAycohUghExsUZZOEFIQkgb/d8mKe3EibgadyBQiQlLlmxL1nu+oE4RjhQdby12HpP2vA+jK4lPFLtroIm3dOGaMFGwXNpJkrGnpUrKFhaxClYC1hZ1oOTRZdiIVt1VExS65pxj2Q4CKm8GeAAThZxVzN8yR9jeRpMIf5y/AJj7DGxXvP/86jduZBmjwAAAAA==[0m[Pipeline] node
Running on [8mha:////4MEneAxgfhwI1On5k/pdMQuN3JSoEo4/w5L02W58+I1uAAAAoR+LCAAAAAAAAP9b85aBtbiIQTGjNKU4P08vOT+vOD8nVc83PyU1x6OyILUoJzMv2y+/JJUBAhiZGBgqihhk0NSjKDWzXb3RdlLBUSYGJk8GtpzUvPSSDB8G5tKinBIGIZ+sxLJE/ZzEvHT94JKizLx0a6BxUmjGOUNodHsLgAz2EgZR/eT83ILSktQifY2k0sycEt3MPE19AHHxbH3KAAAA[0mJenkins in /var/lib/jenkins/workspace/MB-JB-01_feature-1
[8mha:////4P/5CzbpD6ZafweezNxYyp3KsWC7Vm5aZbuyyqw82WBMAAAApR+LCAAAAAAAAP9tjTEOwjAUQ3+KOrAycoh0gA0xsUZZOEFIQkgb/d8mKe3EibgadyBQiQlLlmxL1nu+oE4RjhQdby12HpP2vA+jK4lPFLtroIm3dOGaMFGwXNpJkrGnpUrKFhaxClYC1hZ1oOTRZdiIVt1VExS65pxj2Q4CKm8GeAAThZxVzN8yR9jeRpMIf5y/AJj7DGxXvP/86jfoP95RwAAAAA==[0m[Pipeline] {
[8mha:////4PviMSffBKKW/IviEBQIoDk0+a9BodUaW2YYFvnaNSenAAAApR+LCAAAAAAAAP9tjTEOwjAUQ3+KOrAycoh0gQkxsUZZOEFIQkgb/d8mKe3EibgadyBQiQlLlmxL1nu+oE4RjhQdby12HpP2vA+jK4lPFLtroIm3dOGaMFGwXNpJkrGnpUrKFhaxClYC1hZ1oOTRZdiIVt1VExS65pxj2Q4CKm8GeAAThZxVzN8yR9jeRpMIf5y/AJj7DGxXvP/86jc09154wAAAAA==[0m[Pipeline] stage
[8mha:////4NAP3Vnj81vtpP3IrtCUPnvEV9eQSKFQ6WXeva4ZGot0AAAApR+LCAAAAAAAAP9tjTEOwjAUQ3+KOrAycoh0ggUxsUZZOEFIQkgb/d8mKe3EibgadyBQiQlLlmxL1nu+oE4RjhQdby12HpP2vA+jK4lPFLtroIm3dOGaMFGwXNpJkrGnpUrKFhaxClYC1hZ1oOTRZdiIVt1VExS65pxj2Q4CKm8GeAAThZxVzN8yR9jeRpMIf5y/AJj7DGxXvP/86jek7ggRwAAAAA==[0m[Pipeline] { (Declarative: Checkout SCM)
[8mha:////4JGMHP7vAikWzY6s8pngA77jYHFwECNRaS8fTDC0jGpgAAAAoh+LCAAAAAAAAP9tjTEOAiEURD9rLGwtPQTbaWGsbAmNJ0AWEZb8zwLrbuWJvJp3kLiJlZNMMm+a93rDOic4UbLcG+wdZu14DKOti0+U+lugiXu6ck2YKRguzSSpM+cFJRUDS1gDKwEbgzpQdmgLbIVXD9UGhba9lFS/o4DGdQM8gYlqLiqVL8wJdvexy4Q/z18BzLEA29ce4gfg7KmOvAAAAA==[0m[Pipeline] checkout
Selected Git installation does not exist. Using Default
The recommended git tool is: NONE
using credential Agent-Server
Cloning the remote Git repository
Cloning with configured refspecs honoured and without tags
Cloning repository https://github.com/kishanops/Boardgame.git
 > git init /var/lib/jenkins/workspace/MB-JB-01_feature-1 # timeout=10
Fetching upstream changes from https://github.com/kishanops/Boardgame.git
 > git --version # timeout=10
 > git --version # 'git version 2.43.0'
using GIT_SSH to set credentials 
Verifying host key using known hosts file
[8mha:////4LRcPEihPiHPlRgOIHZM1WTqF71IHZJtORDtizMW7zg6AAAAwB+LCAAAAAAAAP9djLENwjAQRY8gGIAS0VE77ihAVDQgRVAwQRSMfYl1tuwLStZgDWgYgmEo2IFE6fjN+19fes8vTGKAhakv0VFaOIrOqnTfehUsUnV0rFbbx2t79+8EkgNMrSLNJoNxHSzDLCvzWy5tTlqeOSDpTRNg/qfbDexlMGSUADS+Kx+Gk2H2cS2lt7VGimmpqOqJTmpkUVhUxHI53KKTcrdFjEYYF1lUqhU3FfCKRc7o6AcdrEU/1AAAAA==[0mYou're using 'Known hosts file' strategy to verify ssh host keys, but your known_hosts file does not exist, please go to 'Manage Jenkins' -> 'Security' -> 'Git Host Key Verification Configuration' and configure host key verification.
 > git fetch --no-tags --force --progress -- https://github.com/kishanops/Boardgame.git +refs/heads/*:refs/remotes/origin/* # timeout=10
 > git config remote.origin.url https://github.com/kishanops/Boardgame.git # timeout=10
 > git config --add remote.origin.fetch +refs/heads/*:refs/remotes/origin/* # timeout=10
Avoid second fetch
Checking out Revision dce5503ed59cc15b3a627535ca3d3971f89d439e (feature-1)
 > git config core.sparsecheckout # timeout=10
 > git checkout -f dce5503ed59cc15b3a627535ca3d3971f89d439e # timeout=10
Commit message: "Update Jenkinsfile"
First time build. Skipping changelog.
[8mha:////4LdE+D5WvyTONgRG/sMtlxmaSC594FdFP1aSPU34FBkRAAAAoh+LCAAAAAAAAP9tjTEOAiEURD9rLGwtPQTbGRNjZUtoPAGyiLDkfxZYdytP5NW8g8RNrJxkknnTvNcb1jnBiZLl3mDvMGvHYxhtXXyi1N8CTdzTlWvCTMFwaSZJnTkvKKkYWMIaWAnYGNSBskNbYCu8eqg2KLTtpaT6HQU0rhvgCUxUc1GpfGFOsLuPXSb8ef4KYI6xADvU7j9Dg2gqvAAAAA==[0m[Pipeline] }
[8mha:////4FKeyEF73Gt482/cXCO1TXYnxQaCivJBOmIKvytwPE8EAAAAoh+LCAAAAAAAAP9tjTEOAiEURD9rLGwtPQRbWRhjZUtoPAGyiLDkfxZYdytP5NW8g8RNrJxkknnTvNcb1jnBiZLl3mDvMGvHYxhtXXyi1N8CTdzTlWvCTMFwaSZJnTkvKKkYWMIaWAnYGNSBskNbYCu8eqg2KLTtpaT6HQU0rhvgCUxUc1GpfGFOsLuPXSb8ef4KYI6xADvU7j9J+wGOvAAAAA==[0m[Pipeline] // stage
[8mha:////4CAGnAAn0goAdGIfd+6j7tRgiCAwfTWG/g88s3F2g+9eAAAAph+LCAAAAAAAAP9tjTEOwjAQBM9BKWgpeYQDEh2iorXc8AITG+PEugv2haTiRXyNPxCIRMVWOyut5vmCMic4UPKycdgGzHWQXez91ORAqb1EGmRDZ1kTZopOajdosu44oyZ2MEcUsFCwdFhHygE9w0o15m6qaNBXJ07TtldQBHuDBwg1mdkk/sKYYH3tbSb8ef4KYOwYxI6h2G4+x/INtuQqUcEAAAA=[0m[Pipeline] withEnv
[8mha:////4Em1AoyXTDJQPREe7NnTQrvU533y1QZDtnIFCNQEoJiWAAAApR+LCAAAAAAAAP9tjTEOwjAUQ3+DOrAycoiUzoiJNerCCUITQtLo/zZJSSdOxNW4Ay2VmPBg2Zas93pDGQOcKBjuNHYWY2t570czJ54pdDdPmTu68pYwkte80bkhpc9rbShpWFUw2AjYamw9RYsmwU44+ZCVl2iqSwrzdhTArBrgCYWYyUmG9C1TgP19VJHwx/kLgKlPwOrDYvXyLD8BobDcwgAAAA==[0m[Pipeline] {
[8mha:////4JI7vH2+q9j/BjvM+SvI9ISgKC+kjD41HV2IZXEfF9xRAAAAph+LCAAAAAAAAP9tjTEOwjAUQ3+LOrAycohUZUVMrFEWThCaEJJG/7dJSjpxIq7GHWipxIQHy7ZkvdcbqhjgRMEwp7GzGFvLej+aObFMobt5yszRlbWEkbxmQmdBSp/XKihpWFWUsOGw1dh6ihZNgh138iFrL9HUlxTm7cihtGqAJxR8JicZ0rdMAfb3UUXCH+cvAKY+Qdk0ix2WZ/UBbwyqm8IAAAA=[0m[Pipeline] stage
[8mha:////4NoXiNHZhjq1YVTn3RRIe0XltsylLVxtWW3YjroXX3mTAAAAph+LCAAAAAAAAP9tjTEOwjAUQ3+LOrAycohUwIiYukZZOEFoQkgb/V9+UtqJE3E17kBLJSY8WLYl673eUESGE7ETjcXWY6y96ELvpiQG4vYaaBANXURNGClYoeygyNhqqYqShUVZDisJa4t1oOjRJdjIRj90GTS68px42o4Scm/u8IRMTuSkOX3LyLC99SYS/jh/ATB2CfLdfrbD/Cw+y7kUycIAAAA=[0m[Pipeline] { (Declarative: Tool Install)
[8mha:////4EI8gN4scUJ8xFsr9DDbUQaExVMHPUt+a7blPAWPoh+zAAAApB+LCAAAAAAAAP9tjTEOwjAQBC9BFLSUPOIiBB2iSmu54QUmNsaJdWdsh6TiRXyNPxCIRMUWq51t5vmCZYpw5GixNdQ5So3D4Hs7LRw4dhfPA7Z8xoYpsTcozSBZm3pGydnAnKKEhYCVocZzcmQzrEWr7qryimx1ynH6DgJKp2/wgEJM5qxi/sIYYXPtdWL6ef4KYAwZyu3uU/vwBgq0rvS+AAAA[0m[Pipeline] tool
[8mha:////4Mbjo6YlTENkA6bE/vNyYdXXOakeNiIU34zJhKHPpAvFAAAApB+LCAAAAAAAAP9tjTEOwjAQBC9BFLSUPOIihKgQVVrLDS8wsTFOrDtjOyQVL+Jr/IFAJCq2WO1sM88XLFOEI0eLraHOUWocBt/baeHAsbt4HrDlMzZMib1BaQbJ2tQzSs4G5hQlLASsDDWekyObYS1adVeVV2SrU47TdxBQOn2DBxRiMmcV8xfGCJtrrxPTz/NXAGPIUG53n9qHN0uFte2+AAAA[0m[Pipeline] envVarsForTool
[8mha:////4C5wJwKLZDpttOlWS/UkG7XDnUA1scsjanp+0jO9MIWxAAAApR+LCAAAAAAAAP9tjTEOwjAQBC9BFLSUPOIihESDqNJabniBiY1xYt0Z2yGpeBFf4w8EIlGxxWpnm3m+YJkiHDlabA11jlLjMPjeTgsHjt3F84Atn7FhSuwNSjNI1qaeUXI2MKcoYSFgZajxnBzZDGvRqruqvCJbnXKcvoOA0ukbPKAQkzmrmL8wRthce52Yfp6/AhhDhnK7+9Q+vAGI1pjGvgAAAA==[0m[Pipeline] tool
[8mha:////4K6rtAYx9z8WLyLq/EkBC50Rt+RNcgl7fyWCL6i0UTFAAAAApR+LCAAAAAAAAP9tjTEOwjAQBC9BFLSUPOIiREGBqNJabniBiY1xYt0Z2yGpeBFf4w8EIlGxxWpnm3m+YJkiHDlabA11jlLjMPjeTgsHjt3F84Atn7FhSuwNSjNI1qaeUXI2MKcoYSFgZajxnBzZDGvRqruqvCJbnXKcvoOA0ukbPKAQkzmrmL8wRthce52Yfp6/AhhDhnK7+9Q+vAHJ54PfvgAAAA==[0m[Pipeline] envVarsForTool
[8mha:////4AFuYfzPoWDmr7YgWOFaPct3YoYU2wfWiRFmMxyV7SW8AAAApR+LCAAAAAAAAP9tjTEOwjAQBC9BFLSUPOIiRIOEqNJabniBiY1xYt0Z2yGpeBFf4w8EIlGxxWpnm3m+YJkiHDlabA11jlLjMPjeTgsHjt3F84Atn7FhSuwNSjNI1qaeUXI2MKcoYSFgZajxnBzZDGvRqruqvCJbnXKcvoOA0ukbPKAQkzmrmL8wRthce52Yfp6/AhhDyFBu95/avQFudLBjvgAAAA==[0m[Pipeline] }
[8mha:////4Aa0Gdv3WQH2HK6TIGdSRia6/jhjLv4aB1lt3z2oAFSiAAAApB+LCAAAAAAAAP9tjTEOwjAQBC9BFLSUPOIi6BCiSmu54QUmNsaJdWdsh6TiRXyNPxCIRMUWq51t5vmCZYpw5GixNdQ5So3D4Hs7LRw4dhfPA7Z8xoYpsTcozSBZm3pGydnAnKKEhYCVocZzcmQzrEWr7qryimx1ynH6DgJKp2/wgEJM5qxi/sIYYXPtdWL6ef4KYAwhQ7ndf2r3Bl2X69++AAAA[0m[Pipeline] // stage
[8mha:////4ApThOVL3XAhz5fZ+OY2hY2IWqtq9Bf8NuS7nOblpOpuAAAAph+LCAAAAAAAAP9tjTEOwjAUQ3+LOrAycoiUsiKmrlEWThCSENJG/5ckpZ04EVfjDgQqMeHBsi1Z7/mCKgY4UrCsM9g7jMqxwY82JzZR6C+eJtbRmSnCSN4wYSZB2rRLFZQMLCpKWHFYG1SeokObYMM7eZe1l2jrUwp5O3Aonb7BAwqeyUmG9C1zgO111JHwx/kLgHlIUDZNtv3u86ze+beK58IAAAA=[0m[Pipeline] withEnv
[8mha:////4IWImLnD6lEIlO/CsMMmUYtMSP8KqnCLXA47Bes3zvD9AAAAph+LCAAAAAAAAP9tjTEOwjAUQ3+LOrAycogUWBFT1ygLJwhNCGmj/8tPSjtxIq7GHWipxIQHy7ZkvdcbishwInaisdh6jLUXXejdlMRA3F4DDaKhi6gJIwUrlB0UGVstVVGysCjLYSVhbbEOFD26BBvZ6Icug0ZXnhNP21FC7s0dnpDJiZw0p28ZGba33kTCH+cvAMYuQX7Yzbafn8UHbGnGmsIAAAA=[0m[Pipeline] {
[8mha:////4Ij1klHV41oBqcbkiSML9ocn1ltJgvA3PA7h0hJJTf4GAAAAph+LCAAAAAAAAP9tjTEOwjAUQ3+DOrAycohUdEVMrFEXThCaEJJG/7dJSjpxIq7GHWipxIQHy7ZkvdcbyhjgRMFwp7GzGFvLez+aOfFMobt5ytzRlbeEkbzmjc4NKX1ea0NJw6qCwUbAVmPrKVo0CXbCyYesvERTXVKYt6MAZtUATyjETE4ypG+ZAuzvo4qEP85fAEx9AlYfFquXZ/kBAsTc3cIAAAA=[0m[Pipeline] stage
[8mha:////4KO1yTxmIxyzeJOUril5UYo5S9XtP9r2qii0jO0UY/ndAAAAph+LCAAAAAAAAP9tjTEOwjAUQ3+LOrAycohUKiNiYo2ycILQhJA0+r9NUtKJE3E17kBLJSY8WLYl673eUMUAJwqGOY2dxdha1vvRzIllCt3NU2aOrqwljOQ1EzoLUvq8VkFJw6qihA2HrcbWU7RoEuy4kw9Ze4mmvqQwb0cOpVUDPKHgMznJkL5lCrC/jyoS/jh/ATD1CcqmWeywPKsPpnFij8IAAAA=[0m[Pipeline] { (Compile)
[8mha:////4EwBo7MNzMp25hAk40E2PulHufk2E2bHT8BHSLQprswzAAAApB+LCAAAAAAAAP9tjTEOwjAQBC9BFLSUPOIiAR2iSmu54QUmNsaJdWdsh6TiRXyNPxCIRMUWq51t5vmCZYpw5GixNdQ5So3D4Hs7LRw4dhfPA7Z8xoYpsTcozSBZm3pGydnAnKKEhYCVocZzcmQzrEWr7qryimx1ynH6DgJKp2/wgEJM5qxi/sIYYXPtdWL6ef4KYAwZyu3uU/vwBrANZ3i+AAAA[0m[Pipeline] tool
[8mha:////4OGYYZNKe7bTMoUIDRzd8kbgNi0M/SQX81yKu3/8+eG7AAAApB+LCAAAAAAAAP9tjTEOwjAQBC9BFLSUPOIigagQVVrLDS8wsTFOrDtjOyQVL+Jr/IFAJCq2WO1sM88XLFOEI0eLraHOUWocBt/baeHAsbt4HrDlMzZMib1BaQbJ2tQzSs4G5hQlLASsDDWekyObYS1adVeVV2SrU47TdxBQOn2DBxRiMmcV8xfGCJtrrxPTz/NXAGPIUG53n9qHN/E8fGG+AAAA[0m[Pipeline] envVarsForTool
[8mha:////4DhQqlgjwn9H6VhXF7DQFmRIsE8TRfCITG+4xduBdtHlAAAApR+LCAAAAAAAAP9tjTEOwjAQBC9BFLSUPOIigUSDqNJabniBiY1xYt0Z2yGpeBFf4w8EIlGxxWpnm3m+YJkiHDlabA11jlLjMPjeTgsHjt3F84Atn7FhSuwNSjNI1qaeUXI2MKcoYSFgZajxnBzZDGvRqruqvCJbnXKcvoOA0ukbPKAQkzmrmL8wRthce52Yfp6/AhhDhnK7+9Q+vAEyb1FKvgAAAA==[0m[Pipeline] tool
[8mha:////4G3TAvIeBK9xqhH8Syq0v46M7yXnE7X/xawhHkNlBcsYAAAApR+LCAAAAAAAAP9tjTEOwjAQBC9BFLSUPOIiQUGBqNJabniBiY1xYt0Z2yGpeBFf4w8EIlGxxWpnm3m+YJkiHDlabA11jlLjMPjeTgsHjt3F84Atn7FhSuwNSjNI1qaeUXI2MKcoYSFgZajxnBzZDGvRqruqvCJbnXKcvoOA0ukbPKAQkzmrmL8wRthce52Yfp6/AhhDhnK7+9Q+vAFzXkpTvgAAAA==[0m[Pipeline] envVarsForTool
[8mha:////4CW3OXMzB4NKJK3B7Ax3ElwL4NZqaKZMalbOO75Ak6+TAAAAqB+LCAAAAAAAAP9tjTEOwjAUQ3+LOrAycohUggUJMXWNsnCC0ISQNvq//KS0EyfiatyBlkpMeLBsS9Z7vaGIDCdiJxqLrcdYe9GF3k1JDMTtNdAgGrqImjBSsELZQZGx1VIVJQuLshxWEtYW60DRo0uwkY1+6DJodOU58bQdJeTe3OEJmZzISXP6lpFhe+tNJPxx/gJg7BLku/1sh/lZfAClXiskwgAAAA==[0m[Pipeline] withEnv
[8mha:////4JcHK1LbKqE0FO/IEdR4RQHS+ImsDGoS5EtRR8RF0ARAAAAApx+LCAAAAAAAAP9tjTEOwjAUQ3+LOrAycohUYgIhpq5RFk4QmhDSRv+Xn5R24kRcjTvQUokJD5ZtyXqvNxSR4UTsRGOx9RhrL7rQuymJgbi9BhpEQxdRE0YKVig7KDK2WqqiZGFRlsNKwtpiHSh6dAk2stEPXQaNrjwnnrajhNybOzwhkxM5aU7fMjJsb72JhD/OXwCMXYJ8t5/tMD+LD0QKVszCAAAA[0m[Pipeline] {
[8mha:////4NkDZRetl9/8FcNEW+GiS/srGGKc1quz3ubIhO/kxH+QAAAApR+LCAAAAAAAAP9tjTEOwjAQBC9BFLSUPOKCoEIoFa3lhheYxBgn1l2wHZyKF/E1/oBFJCq2WO1sM683LIOHmr3BTlNvKTQWBzeavDCx76+OE3Z8wYYpsNModZLc6tOMkqOGOUUJCwErTY3jYMlEWItOPVTlFJnqHH3+jgJK297hCYXI5qh8/MLkYXMb28D08/wVwDREKHeHXPvt8AHN/bm5vgAAAA==[0m[Pipeline] sh
+ mvn compile
[INFO] Scanning for projects...
[INFO] 
[INFO] --------------< com.javaproject:database_service_project >--------------
[INFO] Building database_service_project 0.0.5-SNAPSHOT
[INFO] --------------------------------[ jar ]---------------------------------
[INFO] 
[INFO] --- jacoco-maven-plugin:0.8.7:prepare-agent (jacoco-initialize) @ database_service_project ---
[INFO] argLine set to -javaagent:/var/lib/jenkins/.m2/repository/org/jacoco/org.jacoco.agent/0.8.7/org.jacoco.agent-0.8.7-runtime.jar=destfile=/var/lib/jenkins/workspace/MB-JB-01_feature-1/target/jacoco.exec
[INFO] 
[INFO] --- maven-resources-plugin:3.2.0:resources (default-resources) @ database_service_project ---
[INFO] Using 'UTF-8' encoding to copy filtered resources.
[INFO] Using 'UTF-8' encoding to copy filtered properties files.
[INFO] Copying 1 resource
[INFO] Copying 19 resources
[INFO] 
[INFO] --- maven-compiler-plugin:3.8.1:compile (default-compile) @ database_service_project ---
[INFO] Changes detected - recompiling the module!
[INFO] Compiling 9 source files to /var/lib/jenkins/workspace/MB-JB-01_feature-1/target/classes
[INFO] /var/lib/jenkins/workspace/MB-JB-01_feature-1/src/main/java/com/javaproject/database/DatabaseAccess.java: /var/lib/jenkins/workspace/MB-JB-01_feature-1/src/main/java/com/javaproject/database/DatabaseAccess.java uses unchecked or unsafe operations.
[INFO] /var/lib/jenkins/workspace/MB-JB-01_feature-1/src/main/java/com/javaproject/database/DatabaseAccess.java: Recompile with -Xlint:unchecked for details.
[INFO] ------------------------------------------------------------------------
[INFO] BUILD SUCCESS
[INFO] ------------------------------------------------------------------------
[INFO] Total time:  3.775 s
[INFO] Finished at: 2026-02-09T18:30:43Z
[INFO] ------------------------------------------------------------------------
[8mha:////4IiQYBs7cPTl2ka0XoGxKIqckLCkSLolFZeDmHL3DZtUAAAApR+LCAAAAAAAAP9tjTEOwjAQBC9BFLSUPOIioEIoFa3lhheYxBgn1l2wHZyKF/E1/oBFJCq2WO1sM683LIOHmr3BTlNvKTQWBzeavDCx76+OE3Z8wYYpsNModZLc6tOMkqOGOUUJCwErTY3jYMlEWItOPVTlFJnqHH3+jgJK297hCYXI5qh8/MLkYXMb28D08/wVwDQMEcr9Ntfu8AFSjtgYvgAAAA==[0m[Pipeline] }
[8mha:////4IOFgpiytLSF+25s26e/N7tXcpgZaa6ZevSRT8/iftFyAAAApR+LCAAAAAAAAP9tjTEOwjAQBC9BFLSUPOIihQYJUaW10vACExvjxLoztkNS8SK+xh+wiETFFqudbeb1hnUMcOJgsNc0WIqdRe9GkxdOHIar4wl7vmDHFNlpbPXUstLNgi0nDUuKElYCNpo6x9GSSbAVvXzIykky1TmF/B0FlFbd4QmFyOYkQ/rCHGB3G1Vk+nn+CmD2PkG5r3PVhw9qzEvpvgAAAA==[0m[Pipeline] // withEnv
[8mha:////4J6z7Ew/ZtgENla1KrA7mitZr892lhbTVUnMP648QDb7AAAApB+LCAAAAAAAAP9tjTEOwjAQBC9BFLSUPMKRSImoaC03vMAkh3Fi3Rnbwal4EV/jD1hEomKL1c4283rDOgY4cjBiQBotxc4K7yZTlsgcxqvjLAa+iI4pskOhMCvu8bSg4oSwpKphJWGD1DmOlkyCrRz0QzdOk2nOKZTvIKG2/R2eUMliTjqkL8wBdrepj0w/z18BzN4nqNu21L79AEfGxbW+AAAA[0m[Pipeline] }
[8mha:////4KrXTJBabcVlo72TV/6Pal4PrnTAYEbA7uVh6PgWCA99AAAApB+LCAAAAAAAAP9tjTEOwjAQBC9BFLSUPOIiBTpEldZKwwtMbIwT687YDknFi/gaf8AiEhVbrHa2mdcb1jHAiYPBXtNgKXYWvRtNXjhxGK6OJ+z5gh1TZKex1VPLSjcLtpw0LClKWAnYaOocR0smwVb08iErJ8lU5xTydxRQWnWHJxQim5MM6QtzgN1tVJHp5/krgNn7BOX+kKuuP2nGx9++AAAA[0m[Pipeline] // stage
[8mha:////4LnAM9q3AaOZ7fV+CnhIPS8oVfiNVj1OhxnazZ4vn2SsAAAAqB+LCAAAAAAAAP9tjTEOwjAUQ3+LOrAycohUgJhQJ9aoCycITQhJo/9LkpJOnIircQcClZjwYNmWrPd8QRU8NOQ1swp7g6EzbHCjzokl8v3FUWKWzqwjDOQUa1VqSarjXFuKCmYVJSw4LBV2joJBHWHFrbiL2gnU9Sn6vB04lEbe4AEFz+QofPyWycP6OspA+OP8BcA0RCi3m2y7/edZvQEO/65mwgAAAA==[0m[Pipeline] stage
[8mha:////4GsVXLHWO5LR0PATGl5YGhln7QiN2tunGrMHbFJwgH0UAAAApx+LCAAAAAAAAP9tjTEOwjAUQ3+LOrAycoh0QLAgpq5RFk4QmhDSRv+Xn5R24kRcjTvQUokJD5ZtyXqvNxSR4UTsRGOx9RhrL7rQuymJgbi9BhpEQxdRE0YKVig7KDK2WqqiZGFRlsNKwtpiHSh6dAk2stEPXQaNrjwnnrajhNybOzwhkxM5aU7fMjJsb72JhD/OXwCMXYJ8t5/tMD+LD02yRsvCAAAA[0m[Pipeline] { (Test)
[8mha:////4ITqXd+pppheajuTIIcL+DuDoLDxVWwjj/fqSs6lxlK8AAAApR+LCAAAAAAAAP9tjTEOwjAQBC9BFLSUPOJSIEGBqNJabniBiY1xYt0Z2yGpeBFf4w8EIlGxxWpnm3m+YJkiHDlabA11jlLjMPjeTgsHjt3F84Atn7FhSuwNSjNI1qaeUXI2MKcoYSFgZajxnBzZDGvRqruqvCJbnXKcvoOA0ukbPKAQkzmrmL8wRthce52Yfp6/AhhDhnK7+9Q+vAF9GxrMvgAAAA==[0m[Pipeline] tool
[8mha:////4PyTY6AIS4T7mWADdqUesP1tH/fEZpDvnCY/sryzUvHmAAAApR+LCAAAAAAAAP9tjTEOwjAQBC9BFLSUPOJSICEkRJXWcsMLTGyME+vO2A5JxYv4Gn8gEImKLVY728zzBcsU4cjRYmuoc5Qah8H3dlo4cOwungds+YwNU2JvUJpBsjb1jJKzgTlFCQsBK0ON5+TIZliLVt1V5RXZ6pTj9B0ElE7f4AGFmMxZxfyFMcLm2uvE9PP8FcAYMpTb3af24Q2yB4JLvgAAAA==[0m[Pipeline] envVarsForTool
[8mha:////4NiBUT66G0dSO96hEKsEzKJUJE/cf9B0cvyaSbpZXIAhAAAApR+LCAAAAAAAAP9tjTEOwjAQBC9BFLSUPOJSICEhRJXWcsMLTGyME+vO2A5JxYv4Gn8gEImKLVY728zzBcsU4cjRYmuoc5Qah8H3dlo4cOwungds+YwNU2JvUJpBsjb1jJKzgTlFCQsBK0ON5+TIZliLVt1V5RXZ6pTj9B0ElE7f4AGFmMxZxfyFMcLm2uvE9PP8FcAYMpTb3af24Q3zNplSvgAAAA==[0m[Pipeline] tool
[8mha:////4B6EMbcvTx16XM5sVbMnzVfBqYu7Pxe3BkSeuqX/4FYhAAAApR+LCAAAAAAAAP9tjTEOwjAQBC9BFLSUPOKCBKJBqWgtN7zAJMY4se6C7eBUvIiv8QcsIlGxxWpnm3m9YRk81OwNdpp6S6GxOLjR5IWJfX91nLDjCzZMgZ1GqZPkVp9mlBw1zClKWAhYaWocB0smwlp06qEqp8hU5+jzdxRQ2vYOTyhENkfl4xcmD5vb2Aamn+evAKYhQrk75Npvhw8/mxSGvgAAAA==[0m[Pipeline] envVarsForTool
[8mha:////4GeYXUAOYFkV9ggAin2U0Sn1AzEONmK4ioihQrwHpAiTAAAAqB+LCAAAAAAAAP9tjTEOwjAUQ3+LOrAycohUCMSCOrFGXThBaEJIGv1fkpR04kRcjTsQqMSEB8u2ZL3nC6rgoSGvmVXYGwydYYMbdU4ske8vjhKzdGYdYSCnWKtSS1Id59pSVDCrKGHBYamwcxQM6ggrbsVd1E6grk/R5+3AoTTyBg8oeCZH4eO3TB7W11EGwh/nLwCmIUK53WfbbT7P6g162gaKwgAAAA==[0m[Pipeline] withEnv
[8mha:////4Cl7uAxJviThmCOTkMZ2tlQ7g2yqhBy1ZGvaS4K5neEQAAAApx+LCAAAAAAAAP9tjTEOwjAUQ3+LOrAycohUIDbE1DXKwglCE0La6P/yk9JOnIircQdaKjHhwbItWe/1hiIynIidaCy2HmPtRRd6NyUxELfXQINo6CJqwkjBCmUHRcZWS1WULCzKclhJWFusA0WPLsFGNvqhy6DRlefE03aUkHtzhydkciInzelbRobtrTeR8Mf5C4CxS5AfdrPt52fxAdhUMVHCAAAA[0m[Pipeline] {
[8mha:////4HDhj/q+8XgyQdcQh8i8c/b1gX5UFYTJ1VANxBxieX0+AAAApB+LCAAAAAAAAP9tjTEOwjAQBC9BFLSUPOIiAR2iSmu54QUmNsaJdWdsh6TiRXyNPxCIRMUWq51t5vmCZYpw5GixNdQ5So3D4Hs7LRw4dhfPA7Z8xoYpsTcozSBZm3pGydnAnKKEhYCVocZzcmQzrEWr7qryimx1ynH6DgJKp2/wgEJM5qxi/sIYYXPtdWL6ef4KYAwZyv32U7vwBvbls1O+AAAA[0m[Pipeline] sh
+ mvn test
[INFO] Scanning for projects...
[INFO] 
[INFO] --------------< com.javaproject:database_service_project >--------------
[INFO] Building database_service_project 0.0.5-SNAPSHOT
[INFO] --------------------------------[ jar ]---------------------------------
[INFO] 
[INFO] --- jacoco-maven-plugin:0.8.7:prepare-agent (jacoco-initialize) @ database_service_project ---
[INFO] argLine set to -javaagent:/var/lib/jenkins/.m2/repository/org/jacoco/org.jacoco.agent/0.8.7/org.jacoco.agent-0.8.7-runtime.jar=destfile=/var/lib/jenkins/workspace/MB-JB-01_feature-1/target/jacoco.exec
[INFO] 
[INFO] --- maven-resources-plugin:3.2.0:resources (default-resources) @ database_service_project ---
[INFO] Using 'UTF-8' encoding to copy filtered resources.
[INFO] Using 'UTF-8' encoding to copy filtered properties files.
[INFO] Copying 1 resource
[INFO] Copying 19 resources
[INFO] 
[INFO] --- maven-compiler-plugin:3.8.1:compile (default-compile) @ database_service_project ---
[INFO] Nothing to compile - all classes are up to date
[INFO] 
[INFO] --- maven-resources-plugin:3.2.0:testResources (default-testResources) @ database_service_project ---
[INFO] Using 'UTF-8' encoding to copy filtered resources.
[INFO] Using 'UTF-8' encoding to copy filtered properties files.
[INFO] skip non existing resourceDirectory /var/lib/jenkins/workspace/MB-JB-01_feature-1/src/test/resources
[INFO] 
[INFO] --- maven-compiler-plugin:3.8.1:testCompile (default-testCompile) @ database_service_project ---
[INFO] Changes detected - recompiling the module!
[INFO] Compiling 3 source files to /var/lib/jenkins/workspace/MB-JB-01_feature-1/target/test-classes
[INFO] 
[INFO] --- maven-surefire-plugin:2.22.2:test (default-test) @ database_service_project ---
[INFO] 
[INFO] -------------------------------------------------------
[INFO]  T E S T S
[INFO] -------------------------------------------------------
[INFO] Running com.javaproject.TestDatabase
18:30:51.618 [main] DEBUG org.springframework.test.context.BootstrapUtils - Instantiating CacheAwareContextLoaderDelegate from class [org.springframework.test.context.cache.DefaultCacheAwareContextLoaderDelegate]
18:30:51.644 [main] DEBUG org.springframework.test.context.BootstrapUtils - Instantiating BootstrapContext using constructor [public org.springframework.test.context.support.DefaultBootstrapContext(java.lang.Class,org.springframework.test.context.CacheAwareContextLoaderDelegate)]
18:30:51.736 [main] DEBUG org.springframework.test.context.BootstrapUtils - Instantiating TestContextBootstrapper for test class [com.javaproject.TestDatabase] from class [org.springframework.boot.test.context.SpringBootTestContextBootstrapper]
18:30:51.761 [main] INFO org.springframework.boot.test.context.SpringBootTestContextBootstrapper - Neither @ContextConfiguration nor @ContextHierarchy found for test class [com.javaproject.TestDatabase], using SpringBootContextLoader
18:30:51.768 [main] DEBUG org.springframework.test.context.support.AbstractContextLoader - Did not detect default resource location for test class [com.javaproject.TestDatabase]: class path resource [com/javaproject/TestDatabase-context.xml] does not exist
18:30:51.772 [main] DEBUG org.springframework.test.context.support.AbstractContextLoader - Did not detect default resource location for test class [com.javaproject.TestDatabase]: class path resource [com/javaproject/TestDatabaseContext.groovy] does not exist
18:30:51.772 [main] INFO org.springframework.test.context.support.AbstractContextLoader - Could not detect default resource locations for test class [com.javaproject.TestDatabase]: no resource found for suffixes {-context.xml, Context.groovy}.
18:30:51.772 [main] INFO org.springframework.test.context.support.AnnotationConfigContextLoaderUtils - Could not detect default configuration classes for test class [com.javaproject.TestDatabase]: TestDatabase does not declare any static, non-private, non-final, nested classes annotated with @Configuration.
18:30:51.886 [main] DEBUG org.springframework.test.context.support.ActiveProfilesUtils - Could not find an 'annotation declaring class' for annotation type [org.springframework.test.context.ActiveProfiles] and class [com.javaproject.TestDatabase]
18:30:52.021 [main] DEBUG org.springframework.context.annotation.ClassPathScanningCandidateComponentProvider - Identified candidate component class: file [/var/lib/jenkins/workspace/MB-JB-01_feature-1/target/classes/com/javaproject/DatabaseServiceProjectApplication.class]
18:30:52.024 [main] INFO org.springframework.boot.test.context.SpringBootTestContextBootstrapper - Found @SpringBootConfiguration com.javaproject.DatabaseServiceProjectApplication for test class com.javaproject.TestDatabase
18:30:52.269 [main] DEBUG org.springframework.boot.test.context.SpringBootTestContextBootstrapper - @TestExecutionListeners is not present for class [com.javaproject.TestDatabase]: using defaults.
18:30:52.269 [main] INFO org.springframework.boot.test.context.SpringBootTestContextBootstrapper - Loaded default TestExecutionListener class names from location [META-INF/spring.factories]: [org.springframework.boot.test.mock.mockito.MockitoTestExecutionListener, org.springframework.boot.test.mock.mockito.ResetMocksTestExecutionListener, org.springframework.boot.test.autoconfigure.restdocs.RestDocsTestExecutionListener, org.springframework.boot.test.autoconfigure.web.client.MockRestServiceServerResetTestExecutionListener, org.springframework.boot.test.autoconfigure.web.servlet.MockMvcPrintOnlyOnFailureTestExecutionListener, org.springframework.boot.test.autoconfigure.web.servlet.WebDriverTestExecutionListener, org.springframework.boot.test.autoconfigure.webservices.client.MockWebServiceServerTestExecutionListener, org.springframework.test.context.web.ServletTestExecutionListener, org.springframework.test.context.support.DirtiesContextBeforeModesTestExecutionListener, org.springframework.test.context.event.ApplicationEventsTestExecutionListener, org.springframework.test.context.support.DependencyInjectionTestExecutionListener, org.springframework.test.context.support.DirtiesContextTestExecutionListener, org.springframework.test.context.transaction.TransactionalTestExecutionListener, org.springframework.test.context.jdbc.SqlScriptsTestExecutionListener, org.springframework.test.context.event.EventPublishingTestExecutionListener, org.springframework.security.test.context.support.WithSecurityContextTestExecutionListener, org.springframework.security.test.context.support.ReactorContextTestExecutionListener]
18:30:52.317 [main] INFO org.springframework.boot.test.context.SpringBootTestContextBootstrapper - Using TestExecutionListeners: [org.springframework.test.context.web.ServletTestExecutionListener@6150afc6, org.springframework.test.context.support.DirtiesContextBeforeModesTestExecutionListener@49f50c8f, org.springframework.test.context.event.ApplicationEventsTestExecutionListener@46e6458d, org.springframework.boot.test.mock.mockito.MockitoTestExecutionListener@6297cb4b, org.springframework.boot.test.autoconfigure.SpringBootDependencyInjectionTestExecutionListener@65d6640, org.springframework.test.context.support.DirtiesContextTestExecutionListener@672d8370, org.springframework.test.context.transaction.TransactionalTestExecutionListener@13137835, org.springframework.test.context.jdbc.SqlScriptsTestExecutionListener@4f82248f, org.springframework.test.context.event.EventPublishingTestExecutionListener@22002459, org.springframework.security.test.context.support.WithSecurityContextTestExecutionListener@29bd056a, org.springframework.security.test.context.support.ReactorContextTestExecutionListener@21e702b8, org.springframework.boot.test.mock.mockito.ResetMocksTestExecutionListener@7f1fec57, org.springframework.boot.test.autoconfigure.restdocs.RestDocsTestExecutionListener@5c9e3d01, org.springframework.boot.test.autoconfigure.web.client.MockRestServiceServerResetTestExecutionListener@1dc9f5ad, org.springframework.boot.test.autoconfigure.web.servlet.MockMvcPrintOnlyOnFailureTestExecutionListener@4a2d66e, org.springframework.boot.test.autoconfigure.web.servlet.WebDriverTestExecutionListener@4dffff9, org.springframework.boot.test.autoconfigure.webservices.client.MockWebServiceServerTestExecutionListener@2904bc56]
18:30:52.323 [main] DEBUG org.springframework.test.context.support.AbstractDirtiesContextTestExecutionListener - Before test class: context [DefaultTestContext@2d3c501b testClass = TestDatabase, testInstance = [null], testMethod = [null], testException = [null], mergedContextConfiguration = [WebMergedContextConfiguration@7b8cb283 testClass = TestDatabase, locations = '{}', classes = '{class com.javaproject.DatabaseServiceProjectApplication}', contextInitializerClasses = '[]', activeProfiles = '{}', propertySourceLocations = '{}', propertySourceProperties = '{org.springframework.boot.test.context.SpringBootTestContextBootstrapper=true}', contextCustomizers = set[[ImportsContextCustomizer@38b54694 key = [org.springframework.boot.test.autoconfigure.web.servlet.MockMvcAutoConfiguration, org.springframework.boot.test.autoconfigure.web.servlet.MockMvcWebClientAutoConfiguration, org.springframework.boot.test.autoconfigure.web.servlet.MockMvcWebDriverAutoConfiguration, org.springframework.boot.autoconfigure.security.oauth2.client.servlet.OAuth2ClientAutoConfiguration, org.springframework.boot.autoconfigure.security.oauth2.resource.servlet.OAuth2ResourceServerAutoConfiguration, org.springframework.boot.autoconfigure.security.servlet.SecurityAutoConfiguration, org.springframework.boot.autoconfigure.security.servlet.SecurityFilterAutoConfiguration, org.springframework.boot.autoconfigure.security.servlet.UserDetailsServiceAutoConfiguration, org.springframework.boot.test.autoconfigure.web.servlet.MockMvcSecurityConfiguration]], org.springframework.boot.test.context.filter.ExcludeFilterContextCustomizer@6909f6be, org.springframework.boot.test.json.DuplicateJsonObjectContextCustomizerFactory$DuplicateJsonObjectContextCustomizer@764b14b8, org.springframework.boot.test.mock.mockito.MockitoContextCustomizer@0, org.springframework.boot.test.web.client.TestRestTemplateContextCustomizer@515b9d4a, org.springframework.boot.test.autoconfigure.actuate.metrics.MetricsExportContextCustomizerFactory$DisableMetricExportContextCustomizer@43471a7e, org.springframework.boot.test.autoconfigure.properties.PropertyMappingContextCustomizer@4b3fa0b3, org.springframework.boot.test.autoconfigure.web.servlet.WebDriverContextCustomizerFactory$Customizer@27585351, org.springframework.boot.test.context.SpringBootTestArgs@1, org.springframework.boot.test.context.SpringBootTestWebEnvironment@7cbee484], resourceBasePath = 'src/main/webapp', contextLoader = 'org.springframework.boot.test.context.SpringBootContextLoader', parent = [null]], attributes = map['org.springframework.test.context.web.ServletTestExecutionListener.activateListener' -> true]], class annotated with @DirtiesContext [false] with mode [null].
18:30:52.385 [main] DEBUG org.springframework.test.context.support.TestPropertySourceUtils - Adding inlined properties to environment: {spring.jmx.enabled=false, org.springframework.boot.test.context.SpringBootTestContextBootstrapper=true}

  .   ____          _            __ _ _
 /\\ / ___'_ __ _ _(_)_ __  __ _ \ \ \ \
( ( )\___ | '_ | '_| | '_ \/ _` | \ \ \ \
 \\/  ___)| |_)| | | | | || (_| |  ) ) ) )
  '  |____| .__|_| |_|_| |_\__, | / / / /
 =========|_|==============|___/=/_/_/_/
 :: Spring Boot ::                (v2.5.6)

2026-02-09 18:30:52.959  INFO 56246 --- [           main] com.javaproject.TestDatabase             : Starting TestDatabase using Java 11.0.30 on jenkins-server with PID 56246 (started by jenkins in /var/lib/jenkins/workspace/MB-JB-01_feature-1)
2026-02-09 18:30:52.963  INFO 56246 --- [           main] com.javaproject.TestDatabase             : No active profile set, falling back to default profiles: default
2026-02-09 18:30:54.428  INFO 56246 --- [           main] .s.d.r.c.RepositoryConfigurationDelegate : Multiple Spring Data modules found, entering strict repository configuration mode!
2026-02-09 18:30:54.431  INFO 56246 --- [           main] .s.d.r.c.RepositoryConfigurationDelegate : Bootstrapping Spring Data JDBC repositories in DEFAULT mode.
2026-02-09 18:30:54.449  INFO 56246 --- [           main] .s.d.r.c.RepositoryConfigurationDelegate : Finished Spring Data repository scanning in 10 ms. Found 0 JDBC repository interfaces.
2026-02-09 18:30:54.466  INFO 56246 --- [           main] .s.d.r.c.RepositoryConfigurationDelegate : Multiple Spring Data modules found, entering strict repository configuration mode!
2026-02-09 18:30:54.472  INFO 56246 --- [           main] .s.d.r.c.RepositoryConfigurationDelegate : Bootstrapping Spring Data JPA repositories in DEFAULT mode.
2026-02-09 18:30:54.478  INFO 56246 --- [           main] .s.d.r.c.RepositoryConfigurationDelegate : Finished Spring Data repository scanning in 0 ms. Found 0 JPA repository interfaces.
2026-02-09 18:30:55.210  INFO 56246 --- [           main] com.zaxxer.hikari.HikariDataSource       : HikariPool-1 - Starting...
2026-02-09 18:30:55.674  INFO 56246 --- [           main] com.zaxxer.hikari.HikariDataSource       : HikariPool-1 - Start completed.
2026-02-09 18:30:56.074  INFO 56246 --- [           main] o.hibernate.jpa.internal.util.LogHelper  : HHH000204: Processing PersistenceUnitInfo [name: default]
2026-02-09 18:30:56.221  INFO 56246 --- [           main] org.hibernate.Version                    : HHH000412: Hibernate ORM core version 5.4.32.Final
2026-02-09 18:30:56.410  INFO 56246 --- [           main] o.hibernate.annotations.common.Version   : HCANN000001: Hibernate Commons Annotations {5.1.2.Final}
2026-02-09 18:30:56.696  INFO 56246 --- [           main] org.hibernate.dialect.Dialect            : HHH000400: Using dialect: org.hibernate.dialect.H2Dialect
2026-02-09 18:30:57.224  INFO 56246 --- [           main] o.h.e.t.j.p.i.JtaPlatformInitiator       : HHH000490: Using JtaPlatform implementation: [org.hibernate.engine.transaction.jta.platform.internal.NoJtaPlatform]
2026-02-09 18:30:57.247  INFO 56246 --- [           main] j.LocalContainerEntityManagerFactoryBean : Initialized JPA EntityManagerFactory for persistence unit 'default'
2026-02-09 18:30:57.492  WARN 56246 --- [           main] JpaBaseConfiguration$JpaWebConfiguration : spring.jpa.open-in-view is enabled by default. Therefore, database queries may be performed during view rendering. Explicitly configure spring.jpa.open-in-view to disable this warning
2026-02-09 18:30:57.564  INFO 56246 --- [           main] o.s.s.p.JdbcUserDetailsManager           : No authentication manager set. Reauthentication of users when changing passwords will not be performed.
2026-02-09 18:30:58.317  INFO 56246 --- [           main] o.s.s.web.DefaultSecurityFilterChain     : Will secure any request with [org.springframework.security.web.context.request.async.WebAsyncManagerIntegrationFilter@2afb5a8a, org.springframework.security.web.context.SecurityContextPersistenceFilter@45d619c2, org.springframework.security.web.header.HeaderWriterFilter@20276f61, org.springframework.security.web.authentication.logout.LogoutFilter@684c4ecd, org.springframework.security.web.authentication.UsernamePasswordAuthenticationFilter@1c231801, org.springframework.security.web.savedrequest.RequestCacheAwareFilter@4576f822, org.springframework.security.web.servletapi.SecurityContextHolderAwareRequestFilter@56b2fc96, org.springframework.security.web.authentication.AnonymousAuthenticationFilter@23716ad0, org.springframework.security.web.session.SessionManagementFilter@55fec9e3, org.springframework.security.web.access.ExceptionTranslationFilter@105a90b9, org.springframework.security.web.access.intercept.FilterSecurityInterceptor@42e7e5b9]
2026-02-09 18:30:58.907  INFO 56246 --- [           main] o.s.b.a.h2.H2ConsoleAutoConfiguration    : H2 console available at '/h2-console'. Database available at 'jdbc:h2:mem:testdb'
2026-02-09 18:30:59.008  INFO 56246 --- [           main] o.s.b.a.w.s.WelcomePageHandlerMapping    : Adding welcome page template: index
2026-02-09 18:30:59.491  INFO 56246 --- [           main] o.s.b.t.m.w.SpringBootMockServletContext : Initializing Spring TestDispatcherServlet ''
2026-02-09 18:30:59.491  INFO 56246 --- [           main] o.s.t.web.servlet.TestDispatcherServlet  : Initializing Servlet ''
2026-02-09 18:30:59.494  INFO 56246 --- [           main] o.s.t.web.servlet.TestDispatcherServlet  : Completed initialization in 0 ms
2026-02-09 18:30:59.524  INFO 56246 --- [           main] com.javaproject.TestDatabase             : Started TestDatabase in 7.128 seconds (JVM running for 9.286)
[INFO] Tests run: 1, Failures: 0, Errors: 0, Skipped: 0, Time elapsed: 8.48 s - in com.javaproject.TestDatabase
[INFO] Running com.javaproject.TestController
2026-02-09 18:30:59.932  INFO 56246 --- [           main] .b.t.c.SpringBootTestContextBootstrapper : Neither @ContextConfiguration nor @ContextHierarchy found for test class [com.javaproject.TestController], using SpringBootContextLoader
2026-02-09 18:30:59.942  INFO 56246 --- [           main] o.s.t.c.support.AbstractContextLoader    : Could not detect default resource locations for test class [com.javaproject.TestController]: no resource found for suffixes {-context.xml, Context.groovy}.
2026-02-09 18:30:59.942  INFO 56246 --- [           main] t.c.s.AnnotationConfigContextLoaderUtils : Could not detect default configuration classes for test class [com.javaproject.TestController]: TestController does not declare any static, non-private, non-final, nested classes annotated with @Configuration.
2026-02-09 18:30:59.944  INFO 56246 --- [           main] .b.t.c.SpringBootTestContextBootstrapper : Found @SpringBootConfiguration com.javaproject.DatabaseServiceProjectApplication for test class com.javaproject.TestController
2026-02-09 18:30:59.948  INFO 56246 --- [           main] .b.t.c.SpringBootTestContextBootstrapper : Loaded default TestExecutionListener class names from location [META-INF/spring.factories]: [org.springframework.boot.test.mock.mockito.MockitoTestExecutionListener, org.springframework.boot.test.mock.mockito.ResetMocksTestExecutionListener, org.springframework.boot.test.autoconfigure.restdocs.RestDocsTestExecutionListener, org.springframework.boot.test.autoconfigure.web.client.MockRestServiceServerResetTestExecutionListener, org.springframework.boot.test.autoconfigure.web.servlet.MockMvcPrintOnlyOnFailureTestExecutionListener, org.springframework.boot.test.autoconfigure.web.servlet.WebDriverTestExecutionListener, org.springframework.boot.test.autoconfigure.webservices.client.MockWebServiceServerTestExecutionListener, org.springframework.test.context.web.ServletTestExecutionListener, org.springframework.test.context.support.DirtiesContextBeforeModesTestExecutionListener, org.springframework.test.context.event.ApplicationEventsTestExecutionListener, org.springframework.test.context.support.DependencyInjectionTestExecutionListener, org.springframework.test.context.support.DirtiesContextTestExecutionListener, org.springframework.test.context.transaction.TransactionalTestExecutionListener, org.springframework.test.context.jdbc.SqlScriptsTestExecutionListener, org.springframework.test.context.event.EventPublishingTestExecutionListener, org.springframework.security.test.context.support.WithSecurityContextTestExecutionListener, org.springframework.security.test.context.support.ReactorContextTestExecutionListener]
2026-02-09 18:30:59.949  INFO 56246 --- [           main] .b.t.c.SpringBootTestContextBootstrapper : Using TestExecutionListeners: [org.springframework.test.context.web.ServletTestExecutionListener@4cef18cb, org.springframework.test.context.support.DirtiesContextBeforeModesTestExecutionListener@15ee70dc, org.springframework.test.context.event.ApplicationEventsTestExecutionListener@45529217, org.springframework.boot.test.mock.mockito.MockitoTestExecutionListener@2d246203, org.springframework.boot.test.autoconfigure.SpringBootDependencyInjectionTestExecutionListener@19b90e2c, org.springframework.test.context.support.DirtiesContextTestExecutionListener@7fb7e557, org.springframework.test.context.transaction.TransactionalTestExecutionListener@2ea4129c, org.springframework.test.context.jdbc.SqlScriptsTestExecutionListener@209e5931, org.springframework.test.context.event.EventPublishingTestExecutionListener@7107fb60, org.springframework.security.test.context.support.WithSecurityContextTestExecutionListener@31da354a, org.springframework.security.test.context.support.ReactorContextTestExecutionListener@3fe4f11f, org.springframework.boot.test.mock.mockito.ResetMocksTestExecutionListener@6d617003, org.springframework.boot.test.autoconfigure.restdocs.RestDocsTestExecutionListener@23f34a34, org.springframework.boot.test.autoconfigure.web.client.MockRestServiceServerResetTestExecutionListener@43634b65, org.springframework.boot.test.autoconfigure.web.servlet.MockMvcPrintOnlyOnFailureTestExecutionListener@5b17261f, org.springframework.boot.test.autoconfigure.web.servlet.WebDriverTestExecutionListener@3d10a416, org.springframework.boot.test.autoconfigure.webservices.client.MockWebServiceServerTestExecutionListener@48bfb6a]
return value is: 5

MockHttpServletRequest:
      HTTP Method = POST
      Request URI = /boardgameAdded
       Parameters = {name=[onecard], level=[1], minPlayers=[2], maxPlayers=[+], gameType=[Party Game]}
          Headers = []
             Body = null
    Session Attrs = {}

Handler:
             Type = com.javaproject.controllers.HomeController
           Method = com.javaproject.controllers.HomeController#boardgameAdded(BoardGame)

Async:
    Async started = false
     Async result = null

Resolved Exception:
             Type = null

ModelAndView:
        View name = redirect:/
             View = null
            Model = null

FlashMap:
       Attributes = null

MockHttpServletResponse:
           Status = 302
    Error message = null
          Headers = [Content-Language:"en", X-Content-Type-Options:"nosniff", X-XSS-Protection:"1; mode=block", Cache-Control:"no-cache, no-store, max-age=0, must-revalidate", Pragma:"no-cache", Expires:"0", Location:"/"]
     Content type = null
             Body = 
    Forwarded URL = null
   Redirected URL = /
          Cookies = []
return value is: 1
return value is: 1
[INFO] Tests run: 4, Failures: 0, Errors: 0, Skipped: 0, Time elapsed: 0.919 s - in com.javaproject.TestController
[INFO] Running com.javaproject.DatabaseServiceProjectApplicationTests
2026-02-09 18:31:00.901  INFO 56246 --- [           main] .b.t.c.SpringBootTestContextBootstrapper : Neither @ContextConfiguration nor @ContextHierarchy found for test class [com.javaproject.DatabaseServiceProjectApplicationTests], using SpringBootContextLoader
2026-02-09 18:31:00.905  INFO 56246 --- [           main] o.s.t.c.support.AbstractContextLoader    : Could not detect default resource locations for test class [com.javaproject.DatabaseServiceProjectApplicationTests]: no resource found for suffixes {-context.xml, Context.groovy}.
2026-02-09 18:31:00.907  INFO 56246 --- [           main] t.c.s.AnnotationConfigContextLoaderUtils : Could not detect default configuration classes for test class [com.javaproject.DatabaseServiceProjectApplicationTests]: DatabaseServiceProjectApplicationTests does not declare any static, non-private, non-final, nested classes annotated with @Configuration.
2026-02-09 18:31:00.908  INFO 56246 --- [           main] .b.t.c.SpringBootTestContextBootstrapper : Found @SpringBootConfiguration com.javaproject.DatabaseServiceProjectApplication for test class com.javaproject.DatabaseServiceProjectApplicationTests
2026-02-09 18:31:00.911  INFO 56246 --- [           main] .b.t.c.SpringBootTestContextBootstrapper : Loaded default TestExecutionListener class names from location [META-INF/spring.factories]: [org.springframework.boot.test.mock.mockito.MockitoTestExecutionListener, org.springframework.boot.test.mock.mockito.ResetMocksTestExecutionListener, org.springframework.boot.test.autoconfigure.restdocs.RestDocsTestExecutionListener, org.springframework.boot.test.autoconfigure.web.client.MockRestServiceServerResetTestExecutionListener, org.springframework.boot.test.autoconfigure.web.servlet.MockMvcPrintOnlyOnFailureTestExecutionListener, org.springframework.boot.test.autoconfigure.web.servlet.WebDriverTestExecutionListener, org.springframework.boot.test.autoconfigure.webservices.client.MockWebServiceServerTestExecutionListener, org.springframework.test.context.web.ServletTestExecutionListener, org.springframework.test.context.support.DirtiesContextBeforeModesTestExecutionListener, org.springframework.test.context.event.ApplicationEventsTestExecutionListener, org.springframework.test.context.support.DependencyInjectionTestExecutionListener, org.springframework.test.context.support.DirtiesContextTestExecutionListener, org.springframework.test.context.transaction.TransactionalTestExecutionListener, org.springframework.test.context.jdbc.SqlScriptsTestExecutionListener, org.springframework.test.context.event.EventPublishingTestExecutionListener, org.springframework.security.test.context.support.WithSecurityContextTestExecutionListener, org.springframework.security.test.context.support.ReactorContextTestExecutionListener]
2026-02-09 18:31:00.913  INFO 56246 --- [           main] .b.t.c.SpringBootTestContextBootstrapper : Using TestExecutionListeners: [org.springframework.test.context.web.ServletTestExecutionListener@34be0e4b, org.springframework.test.context.support.DirtiesContextBeforeModesTestExecutionListener@2ace6e2e, org.springframework.test.context.event.ApplicationEventsTestExecutionListener@56fd268, org.springframework.boot.test.mock.mockito.MockitoTestExecutionListener@7fc7e3d9, org.springframework.boot.test.autoconfigure.SpringBootDependencyInjectionTestExecutionListener@3bcf763c, org.springframework.test.context.support.DirtiesContextTestExecutionListener@62a9c075, org.springframework.test.context.transaction.TransactionalTestExecutionListener@192ea2da, org.springframework.test.context.jdbc.SqlScriptsTestExecutionListener@59b7530d, org.springframework.test.context.event.EventPublishingTestExecutionListener@1909b091, org.springframework.security.test.context.support.WithSecurityContextTestExecutionListener@358f61ad, org.springframework.security.test.context.support.ReactorContextTestExecutionListener@59db3db4, org.springframework.boot.test.mock.mockito.ResetMocksTestExecutionListener@3a1732b9, org.springframework.boot.test.autoconfigure.restdocs.RestDocsTestExecutionListener@6e4e8052, org.springframework.boot.test.autoconfigure.web.client.MockRestServiceServerResetTestExecutionListener@2002163f, org.springframework.boot.test.autoconfigure.web.servlet.MockMvcPrintOnlyOnFailureTestExecutionListener@2034b916, org.springframework.boot.test.autoconfigure.web.servlet.WebDriverTestExecutionListener@2335c553, org.springframework.boot.test.autoconfigure.webservices.client.MockWebServiceServerTestExecutionListener@39e38d77]
[INFO] Tests run: 1, Failures: 0, Errors: 0, Skipped: 0, Time elapsed: 0.013 s - in com.javaproject.DatabaseServiceProjectApplicationTests
2026-02-09 18:31:00.936  INFO 56246 --- [ionShutdownHook] j.LocalContainerEntityManagerFactoryBean : Closing JPA EntityManagerFactory for persistence unit 'default'
2026-02-09 18:31:00.938  INFO 56246 --- [ionShutdownHook] .SchemaDropperImpl$DelayedDropActionImpl : HHH000477: Starting delayed evictData of schema as part of SessionFactory shut-down'
2026-02-09 18:31:00.985  INFO 56246 --- [ionShutdownHook] com.zaxxer.hikari.HikariDataSource       : HikariPool-1 - Shutdown initiated...
2026-02-09 18:31:00.987  INFO 56246 --- [ionShutdownHook] com.zaxxer.hikari.HikariDataSource       : HikariPool-1 - Shutdown completed.
[INFO] 
[INFO] Results:
[INFO] 
[INFO] Tests run: 6, Failures: 0, Errors: 0, Skipped: 0
[INFO] 
[INFO] ------------------------------------------------------------------------
[INFO] BUILD SUCCESS
[INFO] ------------------------------------------------------------------------
[INFO] Total time:  15.018 s
[INFO] Finished at: 2026-02-09T18:31:01Z
[INFO] ------------------------------------------------------------------------
[8mha:////4IRVfYVSZEkomCTOPzI4wE/mgUVjpBQk98EVSYPZ2g5BAAAApB+LCAAAAAAAAP9tjTEOwjAQBC9BFLSUPOIioXSIitZKwwtMYowd686xHZyKF/E1/kAgEhVbrHa2mecL1jHAkYNGq6g3FFuD3o16Xpg59FfHGS1fsGWK7BQ2KjfcqdOCDScFS4oSVgI2ilrH0ZBOsBVW3mXlJOnqnML8HQSUphvgAYWYzUmG9IUpwO42dpHp5/krgMn7BGVdf2r/BmFfOky+AAAA[0m[Pipeline] }
[8mha:////4OSiyOHFdpdgkF8TUMG+WXiwJBwDmyAxyA4xlfIdsh7tAAAApB+LCAAAAAAAAP9tjTEOwjAQBC9BFLSUPOIiJKgQVVrLDS8wsTFOrDtjOyQVL+Jr/IFAJCq2WO1sM88XLFOEI0eLraHOUWocBt/baeHAsbt4HrDlMzZMib1BaQbJ2tQzSs4G5hQlLASsDDWekyObYS1adVeVV2SrU47TdxBQOn2DBxRiMmcV8xfGCJtrrxPTz/NXAGMIGcrd/lPbN37dbx6+AAAA[0m[Pipeline] // withEnv
[8mha:////4GM+SrTzlrzUYrouphp065UVrNH9n09dtAOmG27GGPL3AAAApR+LCAAAAAAAAP9tjTEOwjAQBC9BFLSUPOJSgNIgqrRWGl5gYmOcWHfGdkgqXsTX+AMWkajYYrWzzbzesI4BThwM9poGS7Gz6N1o8sKJw3B1PGHPF+yYIjuNrZ5aVrpZsOWkYUlRwkrARlPnOFoyCbailw9ZOUmmOqeQv6OA0qo7PKEQ2ZxkSF+YA+xuo4pMP89fAczeJygPda59/QG0rN5JvgAAAA==[0m[Pipeline] }
[8mha:////4NCGBy0jGKYDibWRK1P2J2alyASvvTOtRWSgKo89+073AAAApR+LCAAAAAAAAP9tjTEOwjAQBC9BFLSUPOJSAKJAqWgtN7zAJMY4se6C7eBUvIiv8QcsIlGxxWpnm3m9YRk81OwNdpp6S6GxOLjR5IWJfX91nLDjCzZMgZ1GqZPkVp9mlBw1zClKWAhYaWocB0smwlp06qEqp8hU5+jzdxRQ2vYOTyhENkfl4xcmD5vb2Aamn+evAKZhiFDuDrm2+w+rLosbvgAAAA==[0m[Pipeline] // stage
[8mha:////4JgiPpdf1vnfyzftIulKIEyK3bRmEofPPRztGvQrqqkpAAAAqB+LCAAAAAAAAP9tjTEOwjAUQ3+LOrAycohUIAYk1Ik16sIJQhNC0uj/kqSkEyfiatyBQCUmPFi2Jes9X1AFDw15zazC3mDoDBvcqHNiiXx/cZSYpTPrCAM5xVqVWpLqONeWooJZRQkLDkuFnaNgUEdYcSvuonYCdX2KPm8HDqWRN3hAwTM5Ch+/ZfKwvo4yEP44fwEwDRHK7Sbbbv95Vm9e0pcfwgAAAA==[0m[Pipeline] stage
[8mha:////4IbBdXogXl4EtSe09bTv8QhCT+BgWducWFxSH1vCzRL9AAAApx+LCAAAAAAAAP9tjTEOwjAUQ3+LOrAycoh0YQAhpq5RFk4QmhDSRv+Xn5R24kRcjTvQUokJD5ZtyXqvNxSR4UTsRGOx9RhrL7rQuymJgbi9BhpEQxdRE0YKVig7KDK2WqqiZGFRlsNKwtpiHSh6dAk2stEPXQaNrjwnnrajhNybOzwhkxM5aU7fMjJsb72JhD/OXwCMXYJ8t5/tMD+LD56au0DCAAAA[0m[Pipeline] { (install)
[8mha:////4BKcfL2HvEHS5RyrRJAibi2I+jLqLFFNk+f+jO2emtQGAAAApR+LCAAAAAAAAP9tjTEOwjAQBC9BFLSUPOJCAQVCqWgtN7zAJMY4se6C7eBUvIiv8QcsIlGxxWpnm3m9YRk81OwNdpp6S6GxOLjR5IWJfX91nLDjCzZMgZ1GqZPkVp9mlBw1zClKWAhYaWocB0smwlp06qEqp8hU5+jzdxRQ2vYOTyhENkfl4xcmD5vb2Aamn+evAKYhQrk75Npvhw/4iFt7vgAAAA==[0m[Pipeline] tool
[8mha:////4JfECfERKQTEjU+ipEaRfPlkBDmvy24+FU2WtbmxkqMWAAAAph+LCAAAAAAAAP9tjTEOwjAQBC9BFLSUPOIiJCgQSkVrueEFJjHGiXUXbAen4kV8jT9gEYmKLVY728zrDcvgoWZvsNPUWwqNxcGNJi9M7Pur44QdX7BhCuw0Sp0kt/o0o+SoYU5RwkLASlPjOFgyEdaiUw9VOUWmOkefv6OA0rZ3eEIhsjkqH78wedjcxjYw/Tx/BTANEcrdIdd+O3wAublAYr4AAAA=[0m[Pipeline] envVarsForTool
[8mha:////4LKIpGcOoiA/K5PU3D2TWQP6EjyDVwCv5ErjJqfNGa/kAAAAph+LCAAAAAAAAP9tjTEOwjAQBC9BFLSUPOIiISgQSkVrueEFJjHGiXUXbAen4kV8jT9gEYmKLVY728zrDcvgoWZvsNPUWwqNxcGNJi9M7Pur44QdX7BhCuw0Sp0kt/o0o+SoYU5RwkLASlPjOFgyEdaiUw9VOUWmOkefv6OA0rZ3eEIhsjkqH78wedjcxjYw/Tx/BTANEcrdIdd+O3wAeuptSb4AAAA=[0m[Pipeline] tool
[8mha:////4GltCiXnVj/+pWAn5LvrpVBMF10SuGGAksIppga6QTrsAAAApR+LCAAAAAAAAP9tjTEOwjAQBC9BFLSUPOJSAAVCqWgtN7zAJMY4se6C7eBUvIiv8QcsIlGxxWpnm3m9YRk81OwNdpp6S6GxOLjR5IWJfX91nLDjCzZMgZ1GqZPkVp9mlBw1zClKWAhYaWocB0smwlp06qEqp8hU5+jzdxRQ2vYOTyhENkfl4xcmD5vb2Aamn+evAKYhQrk75Npvhw8723ZQvgAAAA==[0m[Pipeline] envVarsForTool
[8mha:////4LTJeZjBQ1p0RZCQ+JoF/9WX0TWKnxFgGew+BNSM5Sz4AAAAqB+LCAAAAAAAAP9tjTEOwjAUQ3+LOrAycoh0KQNCTF2jLpwgNCEkjf4vSUo6cSKuxh0IVGLCg2Vbst7zBVXwcCSvmVU4GAy9YaObdE4skR8ujhKzdGY9YSCnWKdSR1K1S+0oKlhUlLDisFbYOwoGdYQNt+IuaidQ16fo83bgUBp5gwcUPJOj8PFbZg/b6yQD4Y/zFwDzGKFs9tl2zedZvQE0XdybwgAAAA==[0m[Pipeline] withEnv
[8mha:////4CMeGegN7g6cd8xIyzen/jduOE2Hk612j+CvpCPlpVNjAAAAph+LCAAAAAAAAP9tjTEOwjAUQ3+DOrAycoh0oRNiYo26cILQhJA0+r9NUtKJE3E17kBLJSY8WLYl673eUMYAJwqGO42dxdha3vvRzIlnCt3NU+aOrrwljOQ1b3RuSOnzWhtKGlYVDDYCthpbT9GiSbATTj5k5SWa6pLCvB0FMKsGeEIhZnKSIX3LFGB/H1Uk/HH+AmDqE7D6sFi9PMsP+Y+xAMIAAAA=[0m[Pipeline] {
[8mha:////4J0fLMdoL+/IaBevVVUOGk9WtBO8JpzdU3++0Ra/o2qTAAAAox+LCAAAAAAAAP9tjTESwiAURH/iWNhaeghSxcaxsmVoPAEmiBDmfwJEUnkir+YdRDNj5RY7+7Z5zxesY4AjBc2swsFg7AzzbtJlsUxhuDrKzNKFdYSRnGJCZUG9Oi0oKClYUtWw4rBR2DmKBnWCLbfyLhsnUTfnFMp34FCbfoQHVLyYkwzpC3OA3W3qI+HP81cAs09Qt+2n9v4NlEULJr4AAAA=[0m[Pipeline] sh
+ mvn install
[INFO] Scanning for projects...
[INFO] 
[INFO] --------------< com.javaproject:database_service_project >--------------
[INFO] Building database_service_project 0.0.5-SNAPSHOT
[INFO] --------------------------------[ jar ]---------------------------------
Downloading from central: https://repo.maven.apache.org/maven2/org/apache/maven/plugins/maven-jar-plugin/3.2.0/maven-jar-plugin-3.2.0.pom
Progress (1): 779 BProgress (1): 1.8 kBProgress (1): 4.2 kBProgress (1): 6.3 kBProgress (1): 7.3 kB                    Downloaded from central: https://repo.maven.apache.org/maven2/org/apache/maven/plugins/maven-jar-plugin/3.2.0/maven-jar-plugin-3.2.0.pom (7.3 kB at 23 kB/s)
Downloading from central: https://repo.maven.apache.org/maven2/org/apache/maven/plugins/maven-install-plugin/2.5.2/maven-install-plugin-2.5.2.pom
Progress (1): 781 BProgress (1): 2.0 kBProgress (1): 4.8 kBProgress (1): 6.4 kB                    Downloaded from central: https://repo.maven.apache.org/maven2/org/apache/maven/plugins/maven-install-plugin/2.5.2/maven-install-plugin-2.5.2.pom (6.4 kB at 107 kB/s)
Downloading from central: https://repo.maven.apache.org/maven2/org/apache/maven/plugins/maven-plugins/25/maven-plugins-25.pom
Progress (1): 753 BProgress (1): 2.0 kBProgress (1): 3.8 kBProgress (1): 5.8 kBProgress (1): 7.9 kBProgress (1): 9.6 kB                    Downloaded from central: https://repo.maven.apache.org/maven2/org/apache/maven/plugins/maven-plugins/25/maven-plugins-25.pom (9.6 kB at 187 kB/s)
Downloading from central: https://repo.maven.apache.org/maven2/org/apache/maven/maven-parent/24/maven-parent-24.pom
Progress (1): 730 BProgress (1): 1.7 kBProgress (1): 4.6 kBProgress (1): 8.7 kBProgress (1): 9.0 kBProgress (1): 12 kB Progress (1): 16 kBProgress (1): 16 kBProgress (1): 20 kBProgress (1): 23 kBProgress (1): 25 kBProgress (1): 28 kBProgress (1): 30 kBProgress (1): 32 kBProgress (1): 36 kBProgress (1): 37 kB                   Downloaded from central: https://repo.maven.apache.org/maven2/org/apache/maven/maven-parent/24/maven-parent-24.pom (37 kB at 683 kB/s)
Downloading from central: https://repo.maven.apache.org/maven2/org/apache/apache/14/apache-14.pom
Progress (1): 745 BProgress (1): 1.7 kBProgress (1): 3.5 kBProgress (1): 7.0 kBProgress (1): 10 kB Progress (1): 13 kBProgress (1): 15 kB                   Downloaded from central: https://repo.maven.apache.org/maven2/org/apache/apache/14/apache-14.pom (15 kB at 294 kB/s)
Downloading from central: https://repo.maven.apache.org/maven2/org/apache/maven/plugins/maven-install-plugin/2.5.2/maven-install-plugin-2.5.2.jar
Progress (1): 0.9/33 kBProgress (1): 2.3/33 kBProgress (1): 3.7/33 kBProgress (1): 5.0/33 kBProgress (1): 6.4/33 kBProgress (1): 7.8/33 kBProgress (1): 9.1/33 kBProgress (1): 11/33 kB Progress (1): 12/33 kBProgress (1): 13/33 kBProgress (1): 15/33 kBProgress (1): 16/33 kBProgress (1): 17/33 kBProgress (1): 19/33 kBProgress (1): 23/33 kBProgress (1): 23/33 kBProgress (1): 25/33 kBProgress (1): 29/33 kBProgress (1): 29/33 kBProgress (1): 33/33 kBProgress (1): 33/33 kBProgress (1): 33 kB                      Downloaded from central: https://repo.maven.apache.org/maven2/org/apache/maven/plugins/maven-install-plugin/2.5.2/maven-install-plugin-2.5.2.jar (33 kB at 534 kB/s)
[INFO] 
[INFO] --- jacoco-maven-plugin:0.8.7:prepare-agent (jacoco-initialize) @ database_service_project ---
[INFO] argLine set to -javaagent:/var/lib/jenkins/.m2/repository/org/jacoco/org.jacoco.agent/0.8.7/org.jacoco.agent-0.8.7-runtime.jar=destfile=/var/lib/jenkins/workspace/MB-JB-01_feature-1/target/jacoco.exec
[INFO] 
[INFO] --- maven-resources-plugin:3.2.0:resources (default-resources) @ database_service_project ---
[INFO] Using 'UTF-8' encoding to copy filtered resources.
[INFO] Using 'UTF-8' encoding to copy filtered properties files.
[INFO] Copying 1 resource
[INFO] Copying 19 resources
[INFO] 
[INFO] --- maven-compiler-plugin:3.8.1:compile (default-compile) @ database_service_project ---
[INFO] Nothing to compile - all classes are up to date
[INFO] 
[INFO] --- maven-resources-plugin:3.2.0:testResources (default-testResources) @ database_service_project ---
[INFO] Using 'UTF-8' encoding to copy filtered resources.
[INFO] Using 'UTF-8' encoding to copy filtered properties files.
[INFO] skip non existing resourceDirectory /var/lib/jenkins/workspace/MB-JB-01_feature-1/src/test/resources
[INFO] 
[INFO] --- maven-compiler-plugin:3.8.1:testCompile (default-testCompile) @ database_service_project ---
[INFO] Nothing to compile - all classes are up to date
[INFO] 
[INFO] --- maven-surefire-plugin:2.22.2:test (default-test) @ database_service_project ---
[INFO] 
[INFO] -------------------------------------------------------
[INFO]  T E S T S
[INFO] -------------------------------------------------------
[INFO] Running com.javaproject.TestDatabase
18:31:08.035 [main] DEBUG org.springframework.test.context.BootstrapUtils - Instantiating CacheAwareContextLoaderDelegate from class [org.springframework.test.context.cache.DefaultCacheAwareContextLoaderDelegate]
18:31:08.058 [main] DEBUG org.springframework.test.context.BootstrapUtils - Instantiating BootstrapContext using constructor [public org.springframework.test.context.support.DefaultBootstrapContext(java.lang.Class,org.springframework.test.context.CacheAwareContextLoaderDelegate)]
18:31:08.152 [main] DEBUG org.springframework.test.context.BootstrapUtils - Instantiating TestContextBootstrapper for test class [com.javaproject.TestDatabase] from class [org.springframework.boot.test.context.SpringBootTestContextBootstrapper]
18:31:08.183 [main] INFO org.springframework.boot.test.context.SpringBootTestContextBootstrapper - Neither @ContextConfiguration nor @ContextHierarchy found for test class [com.javaproject.TestDatabase], using SpringBootContextLoader
18:31:08.193 [main] DEBUG org.springframework.test.context.support.AbstractContextLoader - Did not detect default resource location for test class [com.javaproject.TestDatabase]: class path resource [com/javaproject/TestDatabase-context.xml] does not exist
18:31:08.195 [main] DEBUG org.springframework.test.context.support.AbstractContextLoader - Did not detect default resource location for test class [com.javaproject.TestDatabase]: class path resource [com/javaproject/TestDatabaseContext.groovy] does not exist
18:31:08.196 [main] INFO org.springframework.test.context.support.AbstractContextLoader - Could not detect default resource locations for test class [com.javaproject.TestDatabase]: no resource found for suffixes {-context.xml, Context.groovy}.
18:31:08.199 [main] INFO org.springframework.test.context.support.AnnotationConfigContextLoaderUtils - Could not detect default configuration classes for test class [com.javaproject.TestDatabase]: TestDatabase does not declare any static, non-private, non-final, nested classes annotated with @Configuration.
18:31:08.349 [main] DEBUG org.springframework.test.context.support.ActiveProfilesUtils - Could not find an 'annotation declaring class' for annotation type [org.springframework.test.context.ActiveProfiles] and class [com.javaproject.TestDatabase]
18:31:08.509 [main] DEBUG org.springframework.context.annotation.ClassPathScanningCandidateComponentProvider - Identified candidate component class: file [/var/lib/jenkins/workspace/MB-JB-01_feature-1/target/classes/com/javaproject/DatabaseServiceProjectApplication.class]
18:31:08.514 [main] INFO org.springframework.boot.test.context.SpringBootTestContextBootstrapper - Found @SpringBootConfiguration com.javaproject.DatabaseServiceProjectApplication for test class com.javaproject.TestDatabase
18:31:08.774 [main] DEBUG org.springframework.boot.test.context.SpringBootTestContextBootstrapper - @TestExecutionListeners is not present for class [com.javaproject.TestDatabase]: using defaults.
18:31:08.775 [main] INFO org.springframework.boot.test.context.SpringBootTestContextBootstrapper - Loaded default TestExecutionListener class names from location [META-INF/spring.factories]: [org.springframework.boot.test.mock.mockito.MockitoTestExecutionListener, org.springframework.boot.test.mock.mockito.ResetMocksTestExecutionListener, org.springframework.boot.test.autoconfigure.restdocs.RestDocsTestExecutionListener, org.springframework.boot.test.autoconfigure.web.client.MockRestServiceServerResetTestExecutionListener, org.springframework.boot.test.autoconfigure.web.servlet.MockMvcPrintOnlyOnFailureTestExecutionListener, org.springframework.boot.test.autoconfigure.web.servlet.WebDriverTestExecutionListener, org.springframework.boot.test.autoconfigure.webservices.client.MockWebServiceServerTestExecutionListener, org.springframework.test.context.web.ServletTestExecutionListener, org.springframework.test.context.support.DirtiesContextBeforeModesTestExecutionListener, org.springframework.test.context.event.ApplicationEventsTestExecutionListener, org.springframework.test.context.support.DependencyInjectionTestExecutionListener, org.springframework.test.context.support.DirtiesContextTestExecutionListener, org.springframework.test.context.transaction.TransactionalTestExecutionListener, org.springframework.test.context.jdbc.SqlScriptsTestExecutionListener, org.springframework.test.context.event.EventPublishingTestExecutionListener, org.springframework.security.test.context.support.WithSecurityContextTestExecutionListener, org.springframework.security.test.context.support.ReactorContextTestExecutionListener]
18:31:08.819 [main] INFO org.springframework.boot.test.context.SpringBootTestContextBootstrapper - Using TestExecutionListeners: [org.springframework.test.context.web.ServletTestExecutionListener@46e6458d, org.springframework.test.context.support.DirtiesContextBeforeModesTestExecutionListener@6297cb4b, org.springframework.test.context.event.ApplicationEventsTestExecutionListener@65d6640, org.springframework.boot.test.mock.mockito.MockitoTestExecutionListener@672d8370, org.springframework.boot.test.autoconfigure.SpringBootDependencyInjectionTestExecutionListener@13137835, org.springframework.test.context.support.DirtiesContextTestExecutionListener@4f82248f, org.springframework.test.context.transaction.TransactionalTestExecutionListener@22002459, org.springframework.test.context.jdbc.SqlScriptsTestExecutionListener@29bd056a, org.springframework.test.context.event.EventPublishingTestExecutionListener@21e702b8, org.springframework.security.test.context.support.WithSecurityContextTestExecutionListener@7f1fec57, org.springframework.security.test.context.support.ReactorContextTestExecutionListener@5c9e3d01, org.springframework.boot.test.mock.mockito.ResetMocksTestExecutionListener@1dc9f5ad, org.springframework.boot.test.autoconfigure.restdocs.RestDocsTestExecutionListener@4a2d66e, org.springframework.boot.test.autoconfigure.web.client.MockRestServiceServerResetTestExecutionListener@4dffff9, org.springframework.boot.test.autoconfigure.web.servlet.MockMvcPrintOnlyOnFailureTestExecutionListener@2904bc56, org.springframework.boot.test.autoconfigure.web.servlet.WebDriverTestExecutionListener@7bb25046, org.springframework.boot.test.autoconfigure.webservices.client.MockWebServiceServerTestExecutionListener@69b1e8f8]
18:31:08.825 [main] DEBUG org.springframework.test.context.support.AbstractDirtiesContextTestExecutionListener - Before test class: context [DefaultTestContext@38b54694 testClass = TestDatabase, testInstance = [null], testMethod = [null], testException = [null], mergedContextConfiguration = [WebMergedContextConfiguration@7619fbe7 testClass = TestDatabase, locations = '{}', classes = '{class com.javaproject.DatabaseServiceProjectApplication}', contextInitializerClasses = '[]', activeProfiles = '{}', propertySourceLocations = '{}', propertySourceProperties = '{org.springframework.boot.test.context.SpringBootTestContextBootstrapper=true}', contextCustomizers = set[[ImportsContextCustomizer@39ead1b7 key = [org.springframework.boot.test.autoconfigure.web.servlet.MockMvcAutoConfiguration, org.springframework.boot.test.autoconfigure.web.servlet.MockMvcWebClientAutoConfiguration, org.springframework.boot.test.autoconfigure.web.servlet.MockMvcWebDriverAutoConfiguration, org.springframework.boot.autoconfigure.security.oauth2.client.servlet.OAuth2ClientAutoConfiguration, org.springframework.boot.autoconfigure.security.oauth2.resource.servlet.OAuth2ResourceServerAutoConfiguration, org.springframework.boot.autoconfigure.security.servlet.SecurityAutoConfiguration, org.springframework.boot.autoconfigure.security.servlet.SecurityFilterAutoConfiguration, org.springframework.boot.autoconfigure.security.servlet.UserDetailsServiceAutoConfiguration, org.springframework.boot.test.autoconfigure.web.servlet.MockMvcSecurityConfiguration]], org.springframework.boot.test.context.filter.ExcludeFilterContextCustomizer@315c081, org.springframework.boot.test.json.DuplicateJsonObjectContextCustomizerFactory$DuplicateJsonObjectContextCustomizer@1f782c05, org.springframework.boot.test.mock.mockito.MockitoContextCustomizer@0, org.springframework.boot.test.web.client.TestRestTemplateContextCustomizer@32a4ecbe, org.springframework.boot.test.autoconfigure.actuate.metrics.MetricsExportContextCustomizerFactory$DisableMetricExportContextCustomizer@1a1ccaaf, org.springframework.boot.test.autoconfigure.properties.PropertyMappingContextCustomizer@4b3fa0b3, org.springframework.boot.test.autoconfigure.web.servlet.WebDriverContextCustomizerFactory$Customizer@5b35c7d, org.springframework.boot.test.context.SpringBootTestArgs@1, org.springframework.boot.test.context.SpringBootTestWebEnvironment@62923ee6], resourceBasePath = 'src/main/webapp', contextLoader = 'org.springframework.boot.test.context.SpringBootContextLoader', parent = [null]], attributes = map['org.springframework.test.context.web.ServletTestExecutionListener.activateListener' -> true]], class annotated with @DirtiesContext [false] with mode [null].
18:31:08.892 [main] DEBUG org.springframework.test.context.support.TestPropertySourceUtils - Adding inlined properties to environment: {spring.jmx.enabled=false, org.springframework.boot.test.context.SpringBootTestContextBootstrapper=true}

  .   ____          _            __ _ _
 /\\ / ___'_ __ _ _(_)_ __  __ _ \ \ \ \
( ( )\___ | '_ | '_| | '_ \/ _` | \ \ \ \
 \\/  ___)| |_)| | | | | || (_| |  ) ) ) )
  '  |____| .__|_| |_|_| |_\__, | / / / /
 =========|_|==============|___/=/_/_/_/
 :: Spring Boot ::                (v2.5.6)

2026-02-09 18:31:09.467  INFO 56506 --- [           main] com.javaproject.TestDatabase             : Starting TestDatabase using Java 11.0.30 on jenkins-server with PID 56506 (started by jenkins in /var/lib/jenkins/workspace/MB-JB-01_feature-1)
2026-02-09 18:31:09.475  INFO 56506 --- [           main] com.javaproject.TestDatabase             : No active profile set, falling back to default profiles: default
2026-02-09 18:31:10.878  INFO 56506 --- [           main] .s.d.r.c.RepositoryConfigurationDelegate : Multiple Spring Data modules found, entering strict repository configuration mode!
2026-02-09 18:31:10.881  INFO 56506 --- [           main] .s.d.r.c.RepositoryConfigurationDelegate : Bootstrapping Spring Data JDBC repositories in DEFAULT mode.
2026-02-09 18:31:10.903  INFO 56506 --- [           main] .s.d.r.c.RepositoryConfigurationDelegate : Finished Spring Data repository scanning in 15 ms. Found 0 JDBC repository interfaces.
2026-02-09 18:31:10.918  INFO 56506 --- [           main] .s.d.r.c.RepositoryConfigurationDelegate : Multiple Spring Data modules found, entering strict repository configuration mode!
2026-02-09 18:31:10.919  INFO 56506 --- [           main] .s.d.r.c.RepositoryConfigurationDelegate : Bootstrapping Spring Data JPA repositories in DEFAULT mode.
2026-02-09 18:31:10.926  INFO 56506 --- [           main] .s.d.r.c.RepositoryConfigurationDelegate : Finished Spring Data repository scanning in 0 ms. Found 0 JPA repository interfaces.
2026-02-09 18:31:11.663  INFO 56506 --- [           main] com.zaxxer.hikari.HikariDataSource       : HikariPool-1 - Starting...
2026-02-09 18:31:12.107  INFO 56506 --- [           main] com.zaxxer.hikari.HikariDataSource       : HikariPool-1 - Start completed.
2026-02-09 18:31:12.458  INFO 56506 --- [           main] o.hibernate.jpa.internal.util.LogHelper  : HHH000204: Processing PersistenceUnitInfo [name: default]
2026-02-09 18:31:12.563  INFO 56506 --- [           main] org.hibernate.Version                    : HHH000412: Hibernate ORM core version 5.4.32.Final
2026-02-09 18:31:12.803  INFO 56506 --- [           main] o.hibernate.annotations.common.Version   : HCANN000001: Hibernate Commons Annotations {5.1.2.Final}
2026-02-09 18:31:13.073  INFO 56506 --- [           main] org.hibernate.dialect.Dialect            : HHH000400: Using dialect: org.hibernate.dialect.H2Dialect
2026-02-09 18:31:13.499  INFO 56506 --- [           main] o.h.e.t.j.p.i.JtaPlatformInitiator       : HHH000490: Using JtaPlatform implementation: [org.hibernate.engine.transaction.jta.platform.internal.NoJtaPlatform]
2026-02-09 18:31:13.522  INFO 56506 --- [           main] j.LocalContainerEntityManagerFactoryBean : Initialized JPA EntityManagerFactory for persistence unit 'default'
2026-02-09 18:31:13.744  WARN 56506 --- [           main] JpaBaseConfiguration$JpaWebConfiguration : spring.jpa.open-in-view is enabled by default. Therefore, database queries may be performed during view rendering. Explicitly configure spring.jpa.open-in-view to disable this warning
2026-02-09 18:31:13.824  INFO 56506 --- [           main] o.s.s.p.JdbcUserDetailsManager           : No authentication manager set. Reauthentication of users when changing passwords will not be performed.
2026-02-09 18:31:14.587  INFO 56506 --- [           main] o.s.s.web.DefaultSecurityFilterChain     : Will secure any request with [org.springframework.security.web.context.request.async.WebAsyncManagerIntegrationFilter@3eae0dcb, org.springframework.security.web.context.SecurityContextPersistenceFilter@4576f822, org.springframework.security.web.header.HeaderWriterFilter@55fec9e3, org.springframework.security.web.authentication.logout.LogoutFilter@652989e5, org.springframework.security.web.authentication.UsernamePasswordAuthenticationFilter@5741207e, org.springframework.security.web.savedrequest.RequestCacheAwareFilter@67ab90a8, org.springframework.security.web.servletapi.SecurityContextHolderAwareRequestFilter@2ee9f1ad, org.springframework.security.web.authentication.AnonymousAuthenticationFilter@4e713f9e, org.springframework.security.web.session.SessionManagementFilter@66446538, org.springframework.security.web.access.ExceptionTranslationFilter@2dae3d18, org.springframework.security.web.access.intercept.FilterSecurityInterceptor@2ebfdec]
2026-02-09 18:31:15.131  INFO 56506 --- [           main] o.s.b.a.h2.H2ConsoleAutoConfiguration    : H2 console available at '/h2-console'. Database available at 'jdbc:h2:mem:testdb'
2026-02-09 18:31:15.238  INFO 56506 --- [           main] o.s.b.a.w.s.WelcomePageHandlerMapping    : Adding welcome page template: index
2026-02-09 18:31:15.844  INFO 56506 --- [           main] o.s.b.t.m.w.SpringBootMockServletContext : Initializing Spring TestDispatcherServlet ''
2026-02-09 18:31:15.844  INFO 56506 --- [           main] o.s.t.web.servlet.TestDispatcherServlet  : Initializing Servlet ''
2026-02-09 18:31:15.845  INFO 56506 --- [           main] o.s.t.web.servlet.TestDispatcherServlet  : Completed initialization in 1 ms
2026-02-09 18:31:15.888  INFO 56506 --- [           main] com.javaproject.TestDatabase             : Started TestDatabase in 6.984 seconds (JVM running for 9.302)
[INFO] Tests run: 1, Failures: 0, Errors: 0, Skipped: 0, Time elapsed: 8.391 s - in com.javaproject.TestDatabase
[INFO] Running com.javaproject.TestController
2026-02-09 18:31:16.289  INFO 56506 --- [           main] .b.t.c.SpringBootTestContextBootstrapper : Neither @ContextConfiguration nor @ContextHierarchy found for test class [com.javaproject.TestController], using SpringBootContextLoader
2026-02-09 18:31:16.290  INFO 56506 --- [           main] o.s.t.c.support.AbstractContextLoader    : Could not detect default resource locations for test class [com.javaproject.TestController]: no resource found for suffixes {-context.xml, Context.groovy}.
2026-02-09 18:31:16.290  INFO 56506 --- [           main] t.c.s.AnnotationConfigContextLoaderUtils : Could not detect default configuration classes for test class [com.javaproject.TestController]: TestController does not declare any static, non-private, non-final, nested classes annotated with @Configuration.
2026-02-09 18:31:16.294  INFO 56506 --- [           main] .b.t.c.SpringBootTestContextBootstrapper : Found @SpringBootConfiguration com.javaproject.DatabaseServiceProjectApplication for test class com.javaproject.TestController
2026-02-09 18:31:16.298  INFO 56506 --- [           main] .b.t.c.SpringBootTestContextBootstrapper : Loaded default TestExecutionListener class names from location [META-INF/spring.factories]: [org.springframework.boot.test.mock.mockito.MockitoTestExecutionListener, org.springframework.boot.test.mock.mockito.ResetMocksTestExecutionListener, org.springframework.boot.test.autoconfigure.restdocs.RestDocsTestExecutionListener, org.springframework.boot.test.autoconfigure.web.client.MockRestServiceServerResetTestExecutionListener, org.springframework.boot.test.autoconfigure.web.servlet.MockMvcPrintOnlyOnFailureTestExecutionListener, org.springframework.boot.test.autoconfigure.web.servlet.WebDriverTestExecutionListener, org.springframework.boot.test.autoconfigure.webservices.client.MockWebServiceServerTestExecutionListener, org.springframework.test.context.web.ServletTestExecutionListener, org.springframework.test.context.support.DirtiesContextBeforeModesTestExecutionListener, org.springframework.test.context.event.ApplicationEventsTestExecutionListener, org.springframework.test.context.support.DependencyInjectionTestExecutionListener, org.springframework.test.context.support.DirtiesContextTestExecutionListener, org.springframework.test.context.transaction.TransactionalTestExecutionListener, org.springframework.test.context.jdbc.SqlScriptsTestExecutionListener, org.springframework.test.context.event.EventPublishingTestExecutionListener, org.springframework.security.test.context.support.WithSecurityContextTestExecutionListener, org.springframework.security.test.context.support.ReactorContextTestExecutionListener]
2026-02-09 18:31:16.299  INFO 56506 --- [           main] .b.t.c.SpringBootTestContextBootstrapper : Using TestExecutionListeners: [org.springframework.test.context.web.ServletTestExecutionListener@2d246203, org.springframework.test.context.support.DirtiesContextBeforeModesTestExecutionListener@19b90e2c, org.springframework.test.context.event.ApplicationEventsTestExecutionListener@7fb7e557, org.springframework.boot.test.mock.mockito.MockitoTestExecutionListener@2ea4129c, org.springframework.boot.test.autoconfigure.SpringBootDependencyInjectionTestExecutionListener@209e5931, org.springframework.test.context.support.DirtiesContextTestExecutionListener@7107fb60, org.springframework.test.context.transaction.TransactionalTestExecutionListener@31da354a, org.springframework.test.context.jdbc.SqlScriptsTestExecutionListener@3fe4f11f, org.springframework.test.context.event.EventPublishingTestExecutionListener@6d617003, org.springframework.security.test.context.support.WithSecurityContextTestExecutionListener@23f34a34, org.springframework.security.test.context.support.ReactorContextTestExecutionListener@43634b65, org.springframework.boot.test.mock.mockito.ResetMocksTestExecutionListener@5b17261f, org.springframework.boot.test.autoconfigure.restdocs.RestDocsTestExecutionListener@3d10a416, org.springframework.boot.test.autoconfigure.web.client.MockRestServiceServerResetTestExecutionListener@48bfb6a, org.springframework.boot.test.autoconfigure.web.servlet.MockMvcPrintOnlyOnFailureTestExecutionListener@5deab0fd, org.springframework.boot.test.autoconfigure.web.servlet.WebDriverTestExecutionListener@3f2f5281, org.springframework.boot.test.autoconfigure.webservices.client.MockWebServiceServerTestExecutionListener@7277166]
return value is: 5

MockHttpServletRequest:
      HTTP Method = POST
      Request URI = /boardgameAdded
       Parameters = {name=[onecard], level=[1], minPlayers=[2], maxPlayers=[+], gameType=[Party Game]}
          Headers = []
             Body = null
    Session Attrs = {}

Handler:
             Type = com.javaproject.controllers.HomeController
           Method = com.javaproject.controllers.HomeController#boardgameAdded(BoardGame)

Async:
    Async started = false
     Async result = null

Resolved Exception:
             Type = null

ModelAndView:
        View name = redirect:/
             View = null
            Model = null

FlashMap:
       Attributes = null

MockHttpServletResponse:
           Status = 302
    Error message = null
          Headers = [Content-Language:"en", X-Content-Type-Options:"nosniff", X-XSS-Protection:"1; mode=block", Cache-Control:"no-cache, no-store, max-age=0, must-revalidate", Pragma:"no-cache", Expires:"0", Location:"/"]
     Content type = null
             Body = 
    Forwarded URL = null
   Redirected URL = /
          Cookies = []
return value is: 1
return value is: 1
[INFO] Tests run: 4, Failures: 0, Errors: 0, Skipped: 0, Time elapsed: 0.784 s - in com.javaproject.TestController
[INFO] Running com.javaproject.DatabaseServiceProjectApplicationTests
2026-02-09 18:31:17.118  INFO 56506 --- [           main] .b.t.c.SpringBootTestContextBootstrapper : Neither @ContextConfiguration nor @ContextHierarchy found for test class [com.javaproject.DatabaseServiceProjectApplicationTests], using SpringBootContextLoader
2026-02-09 18:31:17.119  INFO 56506 --- [           main] o.s.t.c.support.AbstractContextLoader    : Could not detect default resource locations for test class [com.javaproject.DatabaseServiceProjectApplicationTests]: no resource found for suffixes {-context.xml, Context.groovy}.
2026-02-09 18:31:17.120  INFO 56506 --- [           main] t.c.s.AnnotationConfigContextLoaderUtils : Could not detect default configuration classes for test class [com.javaproject.DatabaseServiceProjectApplicationTests]: DatabaseServiceProjectApplicationTests does not declare any static, non-private, non-final, nested classes annotated with @Configuration.
2026-02-09 18:31:17.122  INFO 56506 --- [           main] .b.t.c.SpringBootTestContextBootstrapper : Found @SpringBootConfiguration com.javaproject.DatabaseServiceProjectApplication for test class com.javaproject.DatabaseServiceProjectApplicationTests
2026-02-09 18:31:17.123  INFO 56506 --- [           main] .b.t.c.SpringBootTestContextBootstrapper : Loaded default TestExecutionListener class names from location [META-INF/spring.factories]: [org.springframework.boot.test.mock.mockito.MockitoTestExecutionListener, org.springframework.boot.test.mock.mockito.ResetMocksTestExecutionListener, org.springframework.boot.test.autoconfigure.restdocs.RestDocsTestExecutionListener, org.springframework.boot.test.autoconfigure.web.client.MockRestServiceServerResetTestExecutionListener, org.springframework.boot.test.autoconfigure.web.servlet.MockMvcPrintOnlyOnFailureTestExecutionListener, org.springframework.boot.test.autoconfigure.web.servlet.WebDriverTestExecutionListener, org.springframework.boot.test.autoconfigure.webservices.client.MockWebServiceServerTestExecutionListener, org.springframework.test.context.web.ServletTestExecutionListener, org.springframework.test.context.support.DirtiesContextBeforeModesTestExecutionListener, org.springframework.test.context.event.ApplicationEventsTestExecutionListener, org.springframework.test.context.support.DependencyInjectionTestExecutionListener, org.springframework.test.context.support.DirtiesContextTestExecutionListener, org.springframework.test.context.transaction.TransactionalTestExecutionListener, org.springframework.test.context.jdbc.SqlScriptsTestExecutionListener, org.springframework.test.context.event.EventPublishingTestExecutionListener, org.springframework.security.test.context.support.WithSecurityContextTestExecutionListener, org.springframework.security.test.context.support.ReactorContextTestExecutionListener]
2026-02-09 18:31:17.126  INFO 56506 --- [           main] .b.t.c.SpringBootTestContextBootstrapper : Using TestExecutionListeners: [org.springframework.test.context.web.ServletTestExecutionListener@7fc7e3d9, org.springframework.test.context.support.DirtiesContextBeforeModesTestExecutionListener@3bcf763c, org.springframework.test.context.event.ApplicationEventsTestExecutionListener@62a9c075, org.springframework.boot.test.mock.mockito.MockitoTestExecutionListener@192ea2da, org.springframework.boot.test.autoconfigure.SpringBootDependencyInjectionTestExecutionListener@59b7530d, org.springframework.test.context.support.DirtiesContextTestExecutionListener@1909b091, org.springframework.test.context.transaction.TransactionalTestExecutionListener@358f61ad, org.springframework.test.context.jdbc.SqlScriptsTestExecutionListener@59db3db4, org.springframework.test.context.event.EventPublishingTestExecutionListener@3a1732b9, org.springframework.security.test.context.support.WithSecurityContextTestExecutionListener@6e4e8052, org.springframework.security.test.context.support.ReactorContextTestExecutionListener@2002163f, org.springframework.boot.test.mock.mockito.ResetMocksTestExecutionListener@2034b916, org.springframework.boot.test.autoconfigure.restdocs.RestDocsTestExecutionListener@2335c553, org.springframework.boot.test.autoconfigure.web.client.MockRestServiceServerResetTestExecutionListener@39e38d77, org.springframework.boot.test.autoconfigure.web.servlet.MockMvcPrintOnlyOnFailureTestExecutionListener@960d79a, org.springframework.boot.test.autoconfigure.web.servlet.WebDriverTestExecutionListener@c1923a9, org.springframework.boot.test.autoconfigure.webservices.client.MockWebServiceServerTestExecutionListener@10b7024]
[INFO] Tests run: 1, Failures: 0, Errors: 0, Skipped: 0, Time elapsed: 0.014 s - in com.javaproject.DatabaseServiceProjectApplicationTests
2026-02-09 18:31:17.182  INFO 56506 --- [ionShutdownHook] j.LocalContainerEntityManagerFactoryBean : Closing JPA EntityManagerFactory for persistence unit 'default'
2026-02-09 18:31:17.184  INFO 56506 --- [ionShutdownHook] .SchemaDropperImpl$DelayedDropActionImpl : HHH000477: Starting delayed evictData of schema as part of SessionFactory shut-down'
2026-02-09 18:31:17.186  INFO 56506 --- [ionShutdownHook] com.zaxxer.hikari.HikariDataSource       : HikariPool-1 - Shutdown initiated...
2026-02-09 18:31:17.188  INFO 56506 --- [ionShutdownHook] com.zaxxer.hikari.HikariDataSource       : HikariPool-1 - Shutdown completed.
[INFO] 
[INFO] Results:
[INFO] 
[INFO] Tests run: 6, Failures: 0, Errors: 0, Skipped: 0
[INFO] 
[INFO] 
[INFO] --- maven-jar-plugin:3.2.0:jar (default-jar) @ database_service_project ---
Downloading from central: https://repo.maven.apache.org/maven2/org/apache/maven/maven-parent/26/maven-parent-26.pom
Downloaded from central: https://repo.maven.apache.org/maven2/org/apache/maven/maven-parent/26/maven-parent-26.pom (0 B at 0 B/s)
Downloading from central: https://repo.maven.apache.org/maven2/org/apache/maven/shared/maven-shared-components/21/maven-shared-components-21.pom
Downloaded from central: https://repo.maven.apache.org/maven2/org/apache/maven/shared/maven-shared-components/21/maven-shared-components-21.pom (0 B at 0 B/s)
Downloading from central: https://repo.maven.apache.org/maven2/org/apache/apache/15/apache-15.pom
Downloaded from central: https://repo.maven.apache.org/maven2/org/apache/apache/15/apache-15.pom (0 B at 0 B/s)
Downloading from central: https://repo.maven.apache.org/maven2/org/apache/apache/9/apache-9.pom
Downloaded from central: https://repo.maven.apache.org/maven2/org/apache/apache/9/apache-9.pom (0 B at 0 B/s)
Downloading from central: https://repo.maven.apache.org/maven2/org/apache/maven/shared/maven-shared-components/33/maven-shared-components-33.pom
Downloaded from central: https://repo.maven.apache.org/maven2/org/apache/maven/shared/maven-shared-components/33/maven-shared-components-33.pom (0 B at 0 B/s)
Downloading from central: https://repo.maven.apache.org/maven2/org/apache/commons/commons-compress/1.19/commons-compress-1.19.pom
Downloaded from central: https://repo.maven.apache.org/maven2/org/apache/commons/commons-compress/1.19/commons-compress-1.19.pom (0 B at 0 B/s)
Downloading from central: https://repo.maven.apache.org/maven2/org/iq80/snappy/snappy/0.4/snappy-0.4.pom
Downloaded from central: https://repo.maven.apache.org/maven2/org/iq80/snappy/snappy/0.4/snappy-0.4.pom (0 B at 0 B/s)
Downloading from central: https://repo.maven.apache.org/maven2/org/codehaus/plexus/plexus-archiver/4.2.1/plexus-archiver-4.2.1.pom
Downloaded from central: https://repo.maven.apache.org/maven2/org/codehaus/plexus/plexus-archiver/4.2.1/plexus-archiver-4.2.1.pom (0 B at 0 B/s)
Downloading from central: https://repo.maven.apache.org/maven2/org/apache/maven/shared/file-management/3.0.0/file-management-3.0.0.jar
Downloading from central: https://repo.maven.apache.org/maven2/org/apache/maven/maven-compat/3.0/maven-compat-3.0.jar
Downloading from central: https://repo.maven.apache.org/maven2/org/apache/maven/wagon/wagon-provider-api/2.10/wagon-provider-api-2.10.jar
Downloading from central: https://repo.maven.apache.org/maven2/org/codehaus/plexus/plexus-archiver/4.2.1/plexus-archiver-4.2.1.jar
Downloading from central: https://repo.maven.apache.org/maven2/org/codehaus/plexus/plexus-io/3.2.0/plexus-io-3.2.0.jar
Progress (1): 0.9/54 kBProgress (1): 2.3/54 kBProgress (1): 3.7/54 kBProgress (1): 5.0/54 kBProgress (1): 6.4/54 kBProgress (1): 7.8/54 kBProgress (1): 9.1/54 kBProgress (1): 11/54 kB Progress (1): 12/54 kBProgress (1): 13/54 kBProgress (1): 15/54 kBProgress (1): 16/54 kBProgress (1): 17/54 kBProgress (1): 19/54 kBProgress (1): 20/54 kBProgress (1): 21/54 kBProgress (1): 23/54 kBProgress (1): 24/54 kBProgress (1): 26/54 kBProgress (1): 27/54 kBProgress (1): 28/54 kBProgress (1): 30/54 kBProgress (1): 31/54 kBProgress (1): 32/54 kBProgress (1): 34/54 kBProgress (1): 35/54 kBProgress (1): 37/54 kBProgress (1): 38/54 kBProgress (1): 39/54 kBProgress (1): 41/54 kBProgress (1): 42/54 kBProgress (1): 43/54 kBProgress (1): 45/54 kBProgress (1): 46/54 kBProgress (1): 47/54 kBProgress (1): 49/54 kBProgress (1): 50/54 kBProgress (1): 52/54 kBProgress (1): 53/54 kBProgress (1): 54 kB                      Downloaded from central: https://repo.maven.apache.org/maven2/org/apache/maven/shared/file-management/3.0.0/file-management-3.0.0.jar (0 B at 0 B/s)
Downloading from central: https://repo.maven.apache.org/maven2/org/apache/commons/commons-compress/1.19/commons-compress-1.19.jar
Progress (2): 54 kB | 0.9/615 kBProgress (2): 54 kB | 2.3/615 kBProgress (2): 54 kB | 3.7/615 kBProgress (2): 54 kB | 5.0/615 kBProgress (2): 54 kB | 6.4/615 kBProgress (2): 54 kB | 7.8/615 kBProgress (2): 54 kB | 9.1/615 kBProgress (2): 54 kB | 11/615 kB Progress (2): 54 kB | 12/615 kBProgress (2): 54 kB | 13/615 kBProgress (2): 54 kB | 15/615 kBProgress (2): 54 kB | 16/615 kBProgress (2): 54 kB | 17/615 kBProgress (2): 54 kB | 19/615 kBProgress (2): 54 kB | 20/615 kBProgress (2): 54 kB | 21/615 kB                               Downloaded from central: https://repo.maven.apache.org/maven2/org/apache/maven/wagon/wagon-provider-api/2.10/wagon-provider-api-2.10.jar (54 kB at 321 kB/s)
Downloading from central: https://repo.maven.apache.org/maven2/org/iq80/snappy/snappy/0.4/snappy-0.4.jar
Downloaded from central: https://repo.maven.apache.org/maven2/org/codehaus/plexus/plexus-io/3.2.0/plexus-io-3.2.0.jar (0 B at 0 B/s)
Downloading from central: https://repo.maven.apache.org/maven2/org/tukaani/xz/1.8/xz-1.8.jar
Progress (1): 23/615 kBProgress (1): 24/615 kBProgress (1): 26/615 kBProgress (1): 27/615 kBProgress (1): 28/615 kBProgress (1): 30/615 kBProgress (1): 31/615 kBProgress (1): 32/615 kBProgress (1): 33/615 kBProgress (1): 35/615 kBProgress (1): 36/615 kBProgress (1): 38/615 kBProgress (1): 39/615 kBProgress (1): 40/615 kBProgress (1): 42/615 kBProgress (1): 43/615 kBProgress (1): 44/615 kBProgress (1): 46/615 kBProgress (1): 47/615 kBProgress (1): 48/615 kBProgress (1): 50/615 kBProgress (1): 51/615 kBProgress (1): 53/615 kBProgress (1): 54/615 kBProgress (1): 58/615 kBProgress (1): 58/615 kBProgress (1): 62/615 kBProgress (1): 62/615 kBProgress (1): 67/615 kBProgress (1): 67/615 kBProgress (1): 71/615 kBProgress (1): 71/615 kBProgress (1): 75/615 kBProgress (1): 75/615 kBProgress (1): 79/615 kBProgress (1): 79/615 kBProgress (1): 83/615 kBProgress (1): 84/615 kBProgress (1): 88/615 kBProgress (1): 88/615 kBProgress (1): 92/615 kBProgress (1): 92/615 kBProgress (1): 96/615 kBProgress (1): 96/615 kBProgress (1): 100/615 kBProgress (1): 100/615 kBProgress (1): 105/615 kBProgress (1): 105/615 kBProgress (1): 109/615 kBProgress (1): 109/615 kBProgress (1): 113/615 kBProgress (1): 113/615 kBProgress (1): 117/615 kBProgress (1): 117/615 kBProgress (1): 122/615 kBProgress (1): 122/615 kBProgress (1): 126/615 kBProgress (1): 126/615 kBProgress (1): 130/615 kBProgress (1): 130/615 kBProgress (1): 134/615 kBProgress (1): 134/615 kBProgress (1): 138/615 kBProgress (1): 139/615 kBProgress (1): 143/615 kBProgress (1): 143/615 kBProgress (2): 143/615 kB | 3.8/58 kBProgress (2): 143/615 kB | 7.9/58 kBProgress (2): 143/615 kB | 8.0/58 kBProgress (2): 143/615 kB | 12/58 kB Progress (2): 143/615 kB | 12/58 kBProgress (2): 143/615 kB | 16/58 kBProgress (2): 143/615 kB | 16/58 kBProgress (2): 143/615 kB | 21/58 kBProgress (2): 143/615 kB | 21/58 kBProgress (2): 143/615 kB | 25/58 kBProgress (2): 143/615 kB | 25/58 kBProgress (3): 143/615 kB | 25/58 kB | 0.9/109 kB                                                Downloaded from central: https://repo.maven.apache.org/maven2/org/codehaus/plexus/plexus-archiver/4.2.1/plexus-archiver-4.2.1.jar (0 B at 0 B/s)
Downloading from central: https://repo.maven.apache.org/maven2/org/codehaus/plexus/plexus-utils/3.3.0/plexus-utils-3.3.0.jar
Progress (3): 143/615 kB | 29/58 kB | 0.9/109 kBProgress (3): 143/615 kB | 29/58 kB | 0.9/109 kBProgress (3): 143/615 kB | 33/58 kB | 0.9/109 kBProgress (3): 143/615 kB | 33/58 kB | 0.9/109 kBProgress (3): 143/615 kB | 37/58 kB | 0.9/109 kBProgress (3): 143/615 kB | 38/58 kB | 0.9/109 kBProgress (3): 143/615 kB | 42/58 kB | 0.9/109 kBProgress (3): 143/615 kB | 42/58 kB | 0.9/109 kBProgress (3): 143/615 kB | 46/58 kB | 0.9/109 kBProgress (3): 143/615 kB | 46/58 kB | 0.9/109 kBProgress (3): 143/615 kB | 50/58 kB | 0.9/109 kBProgress (3): 143/615 kB | 50/58 kB | 0.9/109 kBProgress (3): 143/615 kB | 54/58 kB | 0.9/109 kBProgress (3): 143/615 kB | 55/58 kB | 0.9/109 kBProgress (3): 143/615 kB | 58 kB | 0.9/109 kB                                                Downloaded from central: https://repo.maven.apache.org/maven2/org/apache/maven/maven-compat/3.0/maven-compat-3.0.jar (0 B at 0 B/s)
Progress (3): 147/615 kB | 58 kB | 0.9/109 kBProgress (3): 147/615 kB | 58 kB | 0.9/109 kBProgress (3): 151/615 kB | 58 kB | 0.9/109 kBProgress (3): 151/615 kB | 58 kB | 0.9/109 kBProgress (3): 155/615 kB | 58 kB | 0.9/109 kBProgress (3): 155/615 kB | 58 kB | 0.9/109 kBProgress (3): 160/615 kB | 58 kB | 0.9/109 kBProgress (3): 160/615 kB | 58 kB | 0.9/109 kBProgress (3): 163/615 kB | 58 kB | 0.9/109 kBProgress (3): 167/615 kB | 58 kB | 0.9/109 kBProgress (3): 167/615 kB | 58 kB | 0.9/109 kBProgress (3): 171/615 kB | 58 kB | 0.9/109 kBProgress (3): 172/615 kB | 58 kB | 0.9/109 kBProgress (3): 176/615 kB | 58 kB | 0.9/109 kBProgress (3): 176/615 kB | 58 kB | 0.9/109 kBProgress (3): 180/615 kB | 58 kB | 0.9/109 kBProgress (3): 180/615 kB | 58 kB | 0.9/109 kBProgress (3): 184/615 kB | 58 kB | 0.9/109 kBProgress (3): 184/615 kB | 58 kB | 0.9/109 kBProgress (3): 188/615 kB | 58 kB | 0.9/109 kBProgress (3): 189/615 kB | 58 kB | 0.9/109 kBProgress (3): 193/615 kB | 58 kB | 0.9/109 kBProgress (3): 193/615 kB | 58 kB | 0.9/109 kBProgress (3): 197/615 kB | 58 kB | 0.9/109 kBProgress (3): 197/615 kB | 58 kB | 0.9/109 kBProgress (3): 201/615 kB | 58 kB | 0.9/109 kBProgress (3): 201/615 kB | 58 kB | 0.9/109 kBProgress (3): 205/615 kB | 58 kB | 0.9/109 kBProgress (3): 205/615 kB | 58 kB | 2.3/109 kBProgress (3): 205/615 kB | 58 kB | 3.7/109 kBProgress (3): 205/615 kB | 58 kB | 5.0/109 kBProgress (3): 205/615 kB | 58 kB | 6.4/109 kBProgress (3): 205/615 kB | 58 kB | 7.8/109 kBProgress (3): 205/615 kB | 58 kB | 8.2/109 kBProgress (3): 205/615 kB | 58 kB | 9.6/109 kBProgress (3): 205/615 kB | 58 kB | 11/109 kB Progress (3): 205/615 kB | 58 kB | 12/109 kBProgress (3): 205/615 kB | 58 kB | 14/109 kBProgress (3): 205/615 kB | 58 kB | 15/109 kBProgress (3): 205/615 kB | 58 kB | 16/109 kBProgress (3): 205/615 kB | 58 kB | 18/109 kBProgress (3): 205/615 kB | 58 kB | 19/109 kBProgress (3): 205/615 kB | 58 kB | 21/109 kBProgress (3): 205/615 kB | 58 kB | 22/109 kBProgress (3): 205/615 kB | 58 kB | 23/109 kBProgress (3): 205/615 kB | 58 kB | 25/109 kBProgress (3): 205/615 kB | 58 kB | 26/109 kBProgress (3): 205/615 kB | 58 kB | 27/109 kBProgress (3): 205/615 kB | 58 kB | 29/109 kBProgress (3): 205/615 kB | 58 kB | 30/109 kBProgress (3): 205/615 kB | 58 kB | 31/109 kBProgress (3): 205/615 kB | 58 kB | 33/109 kBProgress (3): 205/615 kB | 58 kB | 34/109 kBProgress (3): 205/615 kB | 58 kB | 36/109 kBProgress (3): 205/615 kB | 58 kB | 37/109 kBProgress (3): 205/615 kB | 58 kB | 38/109 kBProgress (3): 205/615 kB | 58 kB | 40/109 kBProgress (3): 205/615 kB | 58 kB | 41/109 kBProgress (3): 205/615 kB | 58 kB | 42/109 kBProgress (3): 205/615 kB | 58 kB | 44/109 kBProgress (3): 205/615 kB | 58 kB | 45/109 kBProgress (3): 205/615 kB | 58 kB | 47/109 kBProgress (3): 205/615 kB | 58 kB | 48/109 kBProgress (3): 205/615 kB | 58 kB | 49/109 kBProgress (3): 205/615 kB | 58 kB | 51/109 kBProgress (3): 205/615 kB | 58 kB | 52/109 kBProgress (3): 205/615 kB | 58 kB | 53/109 kBProgress (3): 205/615 kB | 58 kB | 57/109 kBProgress (3): 205/615 kB | 58 kB | 58/109 kBProgress (3): 205/615 kB | 58 kB | 58/109 kBProgress (3): 210/615 kB | 58 kB | 58/109 kBProgress (3): 210/615 kB | 58 kB | 58/109 kB                                            Downloaded from central: https://repo.maven.apache.org/maven2/org/iq80/snappy/snappy/0.4/snappy-0.4.jar (58 kB at 239 kB/s)
Progress (3): 210/615 kB | 58/109 kB | 0.9/263 kBProgress (3): 210/615 kB | 58/109 kB | 2.3/263 kBProgress (3): 210/615 kB | 58/109 kB | 3.7/263 kBProgress (3): 210/615 kB | 58/109 kB | 5.0/263 kBProgress (3): 210/615 kB | 58/109 kB | 6.4/263 kBProgress (3): 210/615 kB | 58/109 kB | 7.8/263 kBProgress (3): 210/615 kB | 58/109 kB | 9.1/263 kBProgress (3): 210/615 kB | 58/109 kB | 11/263 kB Progress (3): 210/615 kB | 58/109 kB | 12/263 kBProgress (3): 210/615 kB | 58/109 kB | 13/263 kBProgress (3): 210/615 kB | 58/109 kB | 15/263 kBProgress (3): 214/615 kB | 58/109 kB | 15/263 kBProgress (3): 214/615 kB | 58/109 kB | 15/263 kBProgress (3): 218/615 kB | 58/109 kB | 15/263 kBProgress (3): 218/615 kB | 58/109 kB | 15/263 kBProgress (3): 222/615 kB | 58/109 kB | 15/263 kBProgress (3): 222/615 kB | 58/109 kB | 15/263 kBProgress (3): 226/615 kB | 58/109 kB | 15/263 kBProgress (3): 231/615 kB | 58/109 kB | 15/263 kBProgress (3): 235/615 kB | 58/109 kB | 15/263 kBProgress (3): 239/615 kB | 58/109 kB | 15/263 kBProgress (3): 243/615 kB | 58/109 kB | 15/263 kBProgress (3): 247/615 kB | 58/109 kB | 15/263 kBProgress (3): 251/615 kB | 58/109 kB | 15/263 kBProgress (3): 255/615 kB | 58/109 kB | 15/263 kBProgress (3): 259/615 kB | 58/109 kB | 15/263 kBProgress (3): 263/615 kB | 58/109 kB | 15/263 kBProgress (3): 267/615 kB | 58/109 kB | 15/263 kBProgress (3): 272/615 kB | 58/109 kB | 15/263 kBProgress (3): 276/615 kB | 58/109 kB | 15/263 kBProgress (3): 280/615 kB | 58/109 kB | 15/263 kBProgress (3): 284/615 kB | 58/109 kB | 15/263 kBProgress (3): 288/615 kB | 58/109 kB | 15/263 kBProgress (3): 292/615 kB | 58/109 kB | 15/263 kBProgress (3): 292/615 kB | 62/109 kB | 15/263 kBProgress (3): 292/615 kB | 62/109 kB | 15/263 kBProgress (3): 292/615 kB | 62/109 kB | 16/263 kBProgress (3): 292/615 kB | 62/109 kB | 17/263 kBProgress (3): 292/615 kB | 62/109 kB | 19/263 kBProgress (3): 292/615 kB | 62/109 kB | 20/263 kBProgress (3): 292/615 kB | 62/109 kB | 21/263 kBProgress (3): 292/615 kB | 62/109 kB | 23/263 kBProgress (3): 292/615 kB | 62/109 kB | 24/263 kBProgress (3): 292/615 kB | 62/109 kB | 26/263 kBProgress (3): 292/615 kB | 62/109 kB | 27/263 kBProgress (3): 292/615 kB | 62/109 kB | 28/263 kBProgress (3): 292/615 kB | 62/109 kB | 30/263 kBProgress (3): 292/615 kB | 62/109 kB | 31/263 kBProgress (3): 292/615 kB | 62/109 kB | 32/263 kBProgress (3): 292/615 kB | 62/109 kB | 34/263 kBProgress (3): 292/615 kB | 62/109 kB | 35/263 kBProgress (3): 292/615 kB | 62/109 kB | 37/263 kBProgress (3): 292/615 kB | 62/109 kB | 38/263 kBProgress (3): 292/615 kB | 62/109 kB | 39/263 kBProgress (3): 292/615 kB | 62/109 kB | 41/263 kBProgress (3): 292/615 kB | 66/109 kB | 41/263 kBProgress (3): 292/615 kB | 66/109 kB | 41/263 kBProgress (3): 292/615 kB | 70/109 kB | 41/263 kBProgress (3): 292/615 kB | 70/109 kB | 41/263 kBProgress (3): 292/615 kB | 74/109 kB | 41/263 kBProgress (3): 292/615 kB | 75/109 kB | 41/263 kBProgress (3): 292/615 kB | 79/109 kB | 41/263 kBProgress (3): 292/615 kB | 79/109 kB | 41/263 kBProgress (3): 292/615 kB | 83/109 kB | 41/263 kBProgress (3): 292/615 kB | 83/109 kB | 41/263 kBProgress (3): 292/615 kB | 87/109 kB | 41/263 kBProgress (3): 292/615 kB | 87/109 kB | 41/263 kBProgress (3): 292/615 kB | 91/109 kB | 41/263 kBProgress (3): 292/615 kB | 91/109 kB | 41/263 kBProgress (3): 292/615 kB | 96/109 kB | 41/263 kBProgress (3): 292/615 kB | 96/109 kB | 41/263 kBProgress (3): 292/615 kB | 100/109 kB | 41/263 kBProgress (3): 292/615 kB | 100/109 kB | 41/263 kBProgress (3): 292/615 kB | 104/109 kB | 41/263 kBProgress (3): 292/615 kB | 104/109 kB | 41/263 kBProgress (3): 294/615 kB | 104/109 kB | 41/263 kBProgress (3): 294/615 kB | 108/109 kB | 41/263 kBProgress (3): 294/615 kB | 108/109 kB | 41/263 kBProgress (3): 294/615 kB | 109 kB | 41/263 kB    Progress (3): 298/615 kB | 109 kB | 41/263 kBProgress (3): 302/615 kB | 109 kB | 41/263 kBProgress (3): 307/615 kB | 109 kB | 41/263 kBProgress (3): 311/615 kB | 109 kB | 41/263 kBProgress (3): 315/615 kB | 109 kB | 41/263 kBProgress (3): 319/615 kB | 109 kB | 41/263 kBProgress (3): 323/615 kB | 109 kB | 41/263 kBProgress (3): 327/615 kB | 109 kB | 41/263 kBProgress (3): 331/615 kB | 109 kB | 41/263 kBProgress (3): 335/615 kB | 109 kB | 41/263 kBProgress (3): 339/615 kB | 109 kB | 41/263 kBProgress (3): 343/615 kB | 109 kB | 41/263 kBProgress (3): 347/615 kB | 109 kB | 41/263 kBProgress (3): 352/615 kB | 109 kB | 41/263 kBProgress (3): 356/615 kB | 109 kB | 41/263 kBProgress (3): 356/615 kB | 109 kB | 42/263 kBProgress (3): 356/615 kB | 109 kB | 43/263 kBProgress (3): 356/615 kB | 109 kB | 45/263 kBProgress (3): 356/615 kB | 109 kB | 46/263 kBProgress (3): 356/615 kB | 109 kB | 47/263 kBProgress (3): 356/615 kB | 109 kB | 49/263 kBProgress (3): 356/615 kB | 109 kB | 50/263 kBProgress (3): 356/615 kB | 109 kB | 52/263 kBProgress (3): 356/615 kB | 109 kB | 53/263 kBProgress (3): 356/615 kB | 109 kB | 54/263 kBProgress (3): 356/615 kB | 109 kB | 58/263 kBProgress (3): 356/615 kB | 109 kB | 59/263 kBProgress (3): 356/615 kB | 109 kB | 63/263 kBProgress (3): 356/615 kB | 109 kB | 63/263 kBProgress (3): 356/615 kB | 109 kB | 67/263 kBProgress (3): 356/615 kB | 109 kB | 67/263 kBProgress (3): 356/615 kB | 109 kB | 71/263 kBProgress (3): 356/615 kB | 109 kB | 71/263 kBProgress (3): 356/615 kB | 109 kB | 75/263 kBProgress (3): 356/615 kB | 109 kB | 75/263 kBProgress (3): 356/615 kB | 109 kB | 80/263 kBProgress (3): 356/615 kB | 109 kB | 80/263 kBProgress (3): 356/615 kB | 109 kB | 84/263 kBProgress (3): 356/615 kB | 109 kB | 84/263 kBProgress (3): 356/615 kB | 109 kB | 88/263 kBProgress (3): 356/615 kB | 109 kB | 88/263 kBProgress (3): 356/615 kB | 109 kB | 92/263 kBProgress (3): 356/615 kB | 109 kB | 92/263 kBProgress (3): 356/615 kB | 109 kB | 96/263 kBProgress (3): 356/615 kB | 109 kB | 97/263 kBProgress (3): 356/615 kB | 109 kB | 101/263 kBProgress (3): 356/615 kB | 109 kB | 101/263 kBProgress (3): 356/615 kB | 109 kB | 105/263 kBProgress (3): 356/615 kB | 109 kB | 105/263 kBProgress (3): 356/615 kB | 109 kB | 109/263 kBProgress (3): 356/615 kB | 109 kB | 109/263 kBProgress (3): 356/615 kB | 109 kB | 113/263 kBProgress (3): 356/615 kB | 109 kB | 114/263 kBProgress (3): 356/615 kB | 109 kB | 118/263 kBProgress (3): 356/615 kB | 109 kB | 118/263 kBProgress (3): 360/615 kB | 109 kB | 118/263 kBProgress (3): 364/615 kB | 109 kB | 118/263 kBProgress (3): 368/615 kB | 109 kB | 118/263 kBProgress (3): 372/615 kB | 109 kB | 118/263 kBProgress (3): 376/615 kB | 109 kB | 118/263 kBProgress (3): 380/615 kB | 109 kB | 118/263 kBProgress (3): 384/615 kB | 109 kB | 118/263 kBProgress (3): 388/615 kB | 109 kB | 118/263 kBProgress (3): 393/615 kB | 109 kB | 118/263 kBProgress (3): 397/615 kB | 109 kB | 118/263 kBProgress (3): 401/615 kB | 109 kB | 118/263 kBProgress (3): 405/615 kB | 109 kB | 118/263 kBProgress (3): 409/615 kB | 109 kB | 118/263 kBProgress (3): 413/615 kB | 109 kB | 118/263 kBProgress (3): 417/615 kB | 109 kB | 118/263 kBProgress (3): 421/615 kB | 109 kB | 118/263 kBProgress (3): 425/615 kB | 109 kB | 118/263 kBProgress (3): 429/615 kB | 109 kB | 118/263 kBProgress (3): 433/615 kB | 109 kB | 118/263 kBProgress (3): 438/615 kB | 109 kB | 118/263 kBProgress (3): 442/615 kB | 109 kB | 118/263 kBProgress (3): 446/615 kB | 109 kB | 118/263 kBProgress (3): 450/615 kB | 109 kB | 118/263 kBProgress (3): 454/615 kB | 109 kB | 118/263 kBProgress (3): 458/615 kB | 109 kB | 118/263 kBProgress (3): 462/615 kB | 109 kB | 118/263 kBProgress (3): 466/615 kB | 109 kB | 118/263 kBProgress (3): 470/615 kB | 109 kB | 118/263 kBProgress (3): 474/615 kB | 109 kB | 118/263 kBProgress (3): 479/615 kB | 109 kB | 118/263 kBProgress (3): 483/615 kB | 109 kB | 118/263 kBProgress (3): 487/615 kB | 109 kB | 118/263 kBProgress (3): 491/615 kB | 109 kB | 118/263 kBProgress (3): 491/615 kB | 109 kB | 122/263 kBProgress (3): 491/615 kB | 109 kB | 122/263 kBProgress (3): 491/615 kB | 109 kB | 126/263 kBProgress (3): 491/615 kB | 109 kB | 126/263 kBProgress (3): 491/615 kB | 109 kB | 130/263 kBProgress (3): 491/615 kB | 109 kB | 130/263 kBProgress (3): 491/615 kB | 109 kB | 131/263 kBProgress (3): 491/615 kB | 109 kB | 135/263 kBProgress (3): 491/615 kB | 109 kB | 135/263 kBProgress (3): 491/615 kB | 109 kB | 139/263 kBProgress (3): 491/615 kB | 109 kB | 139/263 kBProgress (3): 491/615 kB | 109 kB | 143/263 kBProgress (3): 491/615 kB | 109 kB | 143/263 kBProgress (3): 491/615 kB | 109 kB | 147/263 kBProgress (3): 491/615 kB | 109 kB | 148/263 kBProgress (3): 491/615 kB | 109 kB | 152/263 kBProgress (3): 491/615 kB | 109 kB | 152/263 kBProgress (3): 491/615 kB | 109 kB | 156/263 kBProgress (3): 491/615 kB | 109 kB | 156/263 kBProgress (3): 491/615 kB | 109 kB | 160/263 kBProgress (3): 491/615 kB | 109 kB | 160/263 kB                                              Downloaded from central: https://repo.maven.apache.org/maven2/org/tukaani/xz/1.8/xz-1.8.jar (109 kB at 384 kB/s)
Progress (2): 495/615 kB | 160/263 kBProgress (2): 499/615 kB | 160/263 kBProgress (2): 503/615 kB | 160/263 kBProgress (2): 507/615 kB | 160/263 kBProgress (2): 511/615 kB | 160/263 kBProgress (2): 515/615 kB | 160/263 kBProgress (2): 519/615 kB | 160/263 kBProgress (2): 524/615 kB | 160/263 kBProgress (2): 528/615 kB | 160/263 kBProgress (2): 532/615 kB | 160/263 kBProgress (2): 536/615 kB | 160/263 kBProgress (2): 540/615 kB | 160/263 kBProgress (2): 544/615 kB | 160/263 kBProgress (2): 548/615 kB | 160/263 kBProgress (2): 552/615 kB | 160/263 kBProgress (2): 556/615 kB | 160/263 kBProgress (2): 556/615 kB | 164/263 kBProgress (2): 556/615 kB | 164/263 kBProgress (2): 556/615 kB | 169/263 kBProgress (2): 556/615 kB | 169/263 kBProgress (2): 556/615 kB | 173/263 kBProgress (2): 556/615 kB | 173/263 kBProgress (2): 556/615 kB | 177/263 kBProgress (2): 556/615 kB | 177/263 kBProgress (2): 556/615 kB | 181/263 kBProgress (2): 556/615 kB | 181/263 kBProgress (2): 556/615 kB | 185/263 kBProgress (2): 556/615 kB | 186/263 kBProgress (2): 556/615 kB | 190/263 kBProgress (2): 556/615 kB | 190/263 kBProgress (2): 556/615 kB | 194/263 kBProgress (2): 556/615 kB | 194/263 kBProgress (2): 556/615 kB | 198/263 kBProgress (2): 556/615 kB | 198/263 kBProgress (2): 556/615 kB | 202/263 kBProgress (2): 556/615 kB | 202/263 kBProgress (2): 556/615 kB | 207/263 kBProgress (2): 556/615 kB | 207/263 kBProgress (2): 556/615 kB | 211/263 kBProgress (2): 556/615 kB | 211/263 kBProgress (2): 556/615 kB | 215/263 kBProgress (2): 556/615 kB | 215/263 kBProgress (2): 556/615 kB | 219/263 kBProgress (2): 556/615 kB | 219/263 kBProgress (2): 556/615 kB | 223/263 kBProgress (2): 556/615 kB | 228/263 kBProgress (2): 556/615 kB | 232/263 kBProgress (2): 556/615 kB | 236/263 kBProgress (2): 560/615 kB | 236/263 kBProgress (2): 565/615 kB | 236/263 kBProgress (2): 569/615 kB | 236/263 kBProgress (2): 573/615 kB | 236/263 kBProgress (2): 577/615 kB | 236/263 kBProgress (2): 581/615 kB | 236/263 kBProgress (2): 585/615 kB | 236/263 kBProgress (2): 589/615 kB | 236/263 kBProgress (2): 593/615 kB | 236/263 kBProgress (2): 597/615 kB | 236/263 kBProgress (2): 601/615 kB | 236/263 kBProgress (2): 606/615 kB | 236/263 kBProgress (2): 610/615 kB | 236/263 kBProgress (2): 614/615 kB | 236/263 kBProgress (2): 615 kB | 236/263 kB    Progress (2): 615 kB | 240/263 kBProgress (2): 615 kB | 244/263 kBProgress (2): 615 kB | 248/263 kBProgress (2): 615 kB | 252/263 kBProgress (2): 615 kB | 256/263 kBProgress (2): 615 kB | 260/263 kBProgress (2): 615 kB | 262/263 kBProgress (2): 615 kB | 263 kB                                 Downloaded from central: https://repo.maven.apache.org/maven2/org/apache/commons/commons-compress/1.19/commons-compress-1.19.jar (615 kB at 1.9 MB/s)
Downloaded from central: https://repo.maven.apache.org/maven2/org/codehaus/plexus/plexus-utils/3.3.0/plexus-utils-3.3.0.jar (263 kB at 813 kB/s)
[INFO] Building jar: /var/lib/jenkins/workspace/MB-JB-01_feature-1/target/database_service_project-0.0.5-SNAPSHOT.jar
[INFO] 
[INFO] --- spring-boot-maven-plugin:2.5.6:repackage (repackage) @ database_service_project ---
Downloading from central: https://repo.maven.apache.org/maven2/net/java/dev/jna/jna/5.7.0/jna-5.7.0.pom
Downloaded from central: https://repo.maven.apache.org/maven2/net/java/dev/jna/jna/5.7.0/jna-5.7.0.pom (0 B at 0 B/s)
Downloading from central: https://repo.maven.apache.org/maven2/org/apache/httpcomponents/httpclient/4.5.13/httpclient-4.5.13.pom
Downloaded from central: https://repo.maven.apache.org/maven2/org/apache/httpcomponents/httpclient/4.5.13/httpclient-4.5.13.pom (0 B at 0 B/s)
Downloading from central: https://repo.maven.apache.org/maven2/org/apache/httpcomponents/httpcore/4.4.13/httpcore-4.4.13.pom
Downloaded from central: https://repo.maven.apache.org/maven2/org/apache/httpcomponents/httpcore/4.4.13/httpcore-4.4.13.pom (0 B at 0 B/s)
Downloading from central: https://repo.maven.apache.org/maven2/commons-logging/commons-logging/1.2/commons-logging-1.2.pom
Downloaded from central: https://repo.maven.apache.org/maven2/commons-logging/commons-logging/1.2/commons-logging-1.2.pom (0 B at 0 B/s)
Downloading from central: https://repo.maven.apache.org/maven2/org/tomlj/tomlj/1.0.0/tomlj-1.0.0.pom
Downloaded from central: https://repo.maven.apache.org/maven2/org/tomlj/tomlj/1.0.0/tomlj-1.0.0.pom (0 B at 0 B/s)
Downloading from central: https://repo.maven.apache.org/maven2/com/google/code/findbugs/jsr305/3.0.2/jsr305-3.0.2.pom
Downloaded from central: https://repo.maven.apache.org/maven2/com/google/code/findbugs/jsr305/3.0.2/jsr305-3.0.2.pom (0 B at 0 B/s)
Downloading from central: https://repo.maven.apache.org/maven2/org/apache/maven/shared/maven-common-artifact-filters/3.2.0/maven-common-artifact-filters-3.2.0.pom
Downloaded from central: https://repo.maven.apache.org/maven2/org/apache/maven/shared/maven-common-artifact-filters/3.2.0/maven-common-artifact-filters-3.2.0.pom (0 B at 0 B/s)
Downloading from central: https://repo.maven.apache.org/maven2/org/apache/maven/maven-model/3.1.1/maven-model-3.1.1.pom
Downloaded from central: https://repo.maven.apache.org/maven2/org/apache/maven/maven-model/3.1.1/maven-model-3.1.1.pom (0 B at 0 B/s)
Downloading from central: https://repo.maven.apache.org/maven2/org/apache/maven/maven-settings/3.1.1/maven-settings-3.1.1.pom
Downloaded from central: https://repo.maven.apache.org/maven2/org/apache/maven/maven-settings/3.1.1/maven-settings-3.1.1.pom (0 B at 0 B/s)
Downloading from central: https://repo.maven.apache.org/maven2/org/codehaus/plexus/plexus-interpolation/1.19/plexus-interpolation-1.19.pom
Downloaded from central: https://repo.maven.apache.org/maven2/org/codehaus/plexus/plexus-interpolation/1.19/plexus-interpolation-1.19.pom (0 B at 0 B/s)
Downloading from central: https://repo.maven.apache.org/maven2/org/apache/maven/maven-plugin-api/3.1.1/maven-plugin-api-3.1.1.pom
Downloaded from central: https://repo.maven.apache.org/maven2/org/apache/maven/maven-plugin-api/3.1.1/maven-plugin-api-3.1.1.pom (0 B at 0 B/s)
Downloading from central: https://repo.maven.apache.org/maven2/org/eclipse/sisu/org.eclipse.sisu.inject/0.0.0.M5/org.eclipse.sisu.inject-0.0.0.M5.pom
Downloaded from central: https://repo.maven.apache.org/maven2/org/eclipse/sisu/org.eclipse.sisu.inject/0.0.0.M5/org.eclipse.sisu.inject-0.0.0.M5.pom (0 B at 0 B/s)
Downloading from central: https://repo.maven.apache.org/maven2/org/apache/maven/maven-model-builder/3.1.1/maven-model-builder-3.1.1.pom
Downloaded from central: https://repo.maven.apache.org/maven2/org/apache/maven/maven-model-builder/3.1.1/maven-model-builder-3.1.1.pom (0 B at 0 B/s)
Downloading from central: https://repo.maven.apache.org/maven2/org/codehaus/plexus/plexus-classworlds/2.5.1/plexus-classworlds-2.5.1.pom
Downloaded from central: https://repo.maven.apache.org/maven2/org/codehaus/plexus/plexus-classworlds/2.5.1/plexus-classworlds-2.5.1.pom (0 B at 0 B/s)
Downloading from central: https://repo.maven.apache.org/maven2/org/apache/maven/maven-model/3.6.3/maven-model-3.6.3.pom
Downloaded from central: https://repo.maven.apache.org/maven2/org/apache/maven/maven-model/3.6.3/maven-model-3.6.3.pom (0 B at 0 B/s)
Downloading from central: https://repo.maven.apache.org/maven2/org/apache/maven/maven-artifact/3.6.3/maven-artifact-3.6.3.pom
Downloaded from central: https://repo.maven.apache.org/maven2/org/apache/maven/maven-artifact/3.6.3/maven-artifact-3.6.3.pom (0 B at 0 B/s)
Downloading from central: https://repo.maven.apache.org/maven2/org/eclipse/sisu/org.eclipse.sisu.inject/0.3.4/org.eclipse.sisu.inject-0.3.4.pom
Downloaded from central: https://repo.maven.apache.org/maven2/org/eclipse/sisu/org.eclipse.sisu.inject/0.3.4/org.eclipse.sisu.inject-0.3.4.pom (0 B at 0 B/s)
Downloading from central: https://repo.maven.apache.org/maven2/org/codehaus/plexus/plexus-utils/3.0.17/plexus-utils-3.0.17.pom
Downloaded from central: https://repo.maven.apache.org/maven2/org/codehaus/plexus/plexus-utils/3.0.17/plexus-utils-3.0.17.pom (0 B at 0 B/s)
Downloading from central: https://repo.maven.apache.org/maven2/org/apache/maven/plugins/maven-shade-plugin/3.2.4/maven-shade-plugin-3.2.4.pom
Downloaded from central: https://repo.maven.apache.org/maven2/org/apache/maven/plugins/maven-shade-plugin/3.2.4/maven-shade-plugin-3.2.4.pom (0 B at 0 B/s)
Downloading from central: https://repo.maven.apache.org/maven2/org/apache/maven/shared/maven-common-artifact-filters/3.0.1/maven-common-artifact-filters-3.0.1.pom
Downloaded from central: https://repo.maven.apache.org/maven2/org/apache/maven/shared/maven-common-artifact-filters/3.0.1/maven-common-artifact-filters-3.0.1.pom (0 B at 0 B/s)
Downloading from central: https://repo.maven.apache.org/maven2/org/slf4j/slf4j-api/1.7.5/slf4j-api-1.7.5.pom
Downloaded from central: https://repo.maven.apache.org/maven2/org/slf4j/slf4j-api/1.7.5/slf4j-api-1.7.5.pom (0 B at 0 B/s)
Downloading from central: https://repo.maven.apache.org/maven2/org/ow2/asm/asm/8.0/asm-8.0.pom
Downloaded from central: https://repo.maven.apache.org/maven2/org/ow2/asm/asm/8.0/asm-8.0.pom (0 B at 0 B/s)
Downloading from central: https://repo.maven.apache.org/maven2/org/ow2/asm/asm-analysis/8.0/asm-analysis-8.0.pom
Downloaded from central: https://repo.maven.apache.org/maven2/org/ow2/asm/asm-analysis/8.0/asm-analysis-8.0.pom (0 B at 0 B/s)
Downloading from central: https://repo.maven.apache.org/maven2/org/apache/maven/shared/maven-dependency-tree/3.0.1/maven-dependency-tree-3.0.1.pom
Downloaded from central: https://repo.maven.apache.org/maven2/org/apache/maven/shared/maven-dependency-tree/3.0.1/maven-dependency-tree-3.0.1.pom (0 B at 0 B/s)
Downloading from central: https://repo.maven.apache.org/maven2/org/codehaus/plexus/plexus/3.3.2/plexus-3.3.2.pom
Downloaded from central: https://repo.maven.apache.org/maven2/org/codehaus/plexus/plexus/3.3.2/plexus-3.3.2.pom (0 B at 0 B/s)
Downloading from central: https://repo.maven.apache.org/maven2/org/ow2/asm/asm-util/8.0/asm-util-8.0.pom
Downloaded from central: https://repo.maven.apache.org/maven2/org/ow2/asm/asm-util/8.0/asm-util-8.0.pom (0 B at 0 B/s)
Downloading from central: https://repo.maven.apache.org/maven2/com/google/guava/guava-parent/28.2-android/guava-parent-28.2-android.pom
Downloaded from central: https://repo.maven.apache.org/maven2/com/google/guava/guava-parent/28.2-android/guava-parent-28.2-android.pom (0 B at 0 B/s)
Downloading from central: https://repo.maven.apache.org/maven2/com/google/guava/guava-parent/26.0-android/guava-parent-26.0-android.pom
Downloaded from central: https://repo.maven.apache.org/maven2/com/google/guava/guava-parent/26.0-android/guava-parent-26.0-android.pom (0 B at 0 B/s)
Downloading from central: https://repo.maven.apache.org/maven2/org/checkerframework/checker-compat-qual/2.5.5/checker-compat-qual-2.5.5.pom
Downloaded from central: https://repo.maven.apache.org/maven2/org/checkerframework/checker-compat-qual/2.5.5/checker-compat-qual-2.5.5.pom (0 B at 0 B/s)
Downloading from central: https://repo.maven.apache.org/maven2/com/google/errorprone/error_prone_parent/2.3.4/error_prone_parent-2.3.4.pom
Downloaded from central: https://repo.maven.apache.org/maven2/com/google/errorprone/error_prone_parent/2.3.4/error_prone_parent-2.3.4.pom (0 B at 0 B/s)
Downloading from central: https://repo.maven.apache.org/maven2/org/apache/commons/commons-lang3/3.7/commons-lang3-3.7.pom
Downloaded from central: https://repo.maven.apache.org/maven2/org/apache/commons/commons-lang3/3.7/commons-lang3-3.7.pom (0 B at 0 B/s)
Downloading from central: https://repo.maven.apache.org/maven2/org/springframework/boot/spring-boot-buildpack-platform/2.5.6/spring-boot-buildpack-platform-2.5.6.jar
Downloading from central: https://repo.maven.apache.org/maven2/net/java/dev/jna/jna-platform/5.7.0/jna-platform-5.7.0.jar
Downloading from central: https://repo.maven.apache.org/maven2/net/java/dev/jna/jna/5.7.0/jna-5.7.0.jar
Downloading from central: https://repo.maven.apache.org/maven2/org/apache/commons/commons-compress/1.20/commons-compress-1.20.jar
Downloading from central: https://repo.maven.apache.org/maven2/org/apache/httpcomponents/httpclient/4.5.13/httpclient-4.5.13.jar
Downloaded from central: https://repo.maven.apache.org/maven2/net/java/dev/jna/jna/5.7.0/jna-5.7.0.jar (0 B at 0 B/s)
Downloading from central: https://repo.maven.apache.org/maven2/org/apache/httpcomponents/httpcore/4.4.13/httpcore-4.4.13.jar
Downloaded from central: https://repo.maven.apache.org/maven2/org/apache/httpcomponents/httpclient/4.5.13/httpclient-4.5.13.jar (0 B at 0 B/s)
Downloading from central: https://repo.maven.apache.org/maven2/commons-logging/commons-logging/1.2/commons-logging-1.2.jar
Downloaded from central: https://repo.maven.apache.org/maven2/org/springframework/boot/spring-boot-buildpack-platform/2.5.6/spring-boot-buildpack-platform-2.5.6.jar (0 B at 0 B/s)
Downloading from central: https://repo.maven.apache.org/maven2/commons-codec/commons-codec/1.11/commons-codec-1.11.jar
Downloaded from central: https://repo.maven.apache.org/maven2/org/apache/commons/commons-compress/1.20/commons-compress-1.20.jar (0 B at 0 B/s)
Downloading from central: https://repo.maven.apache.org/maven2/org/tomlj/tomlj/1.0.0/tomlj-1.0.0.jar
Progress (1): 3.8/62 kBProgress (1): 7.9/62 kBProgress (1): 8.0/62 kBProgress (1): 12/62 kB Progress (1): 12/62 kBProgress (1): 16/62 kBProgress (1): 16/62 kBProgress (1): 21/62 kBProgress (1): 21/62 kBProgress (1): 25/62 kBProgress (1): 25/62 kBProgress (1): 29/62 kBProgress (1): 29/62 kBProgress (1): 33/62 kBProgress (1): 33/62 kBProgress (1): 37/62 kBProgress (1): 38/62 kBProgress (1): 42/62 kBProgress (1): 42/62 kB                      Downloaded from central: https://repo.maven.apache.org/maven2/net/java/dev/jna/jna-platform/5.7.0/jna-platform-5.7.0.jar (0 B at 0 B/s)
Downloading from central: https://repo.maven.apache.org/maven2/org/antlr/antlr4-runtime/4.7.2/antlr4-runtime-4.7.2.jar
Progress (1): 46/62 kBProgress (1): 46/62 kBProgress (1): 50/62 kBProgress (1): 50/62 kBProgress (1): 54/62 kBProgress (1): 55/62 kBProgress (1): 59/62 kBProgress (1): 59/62 kBProgress (1): 62 kB                      Downloaded from central: https://repo.maven.apache.org/maven2/commons-logging/commons-logging/1.2/commons-logging-1.2.jar (62 kB at 250 kB/s)
Downloading from central: https://repo.maven.apache.org/maven2/com/google/code/findbugs/jsr305/3.0.2/jsr305-3.0.2.jar
Downloaded from central: https://repo.maven.apache.org/maven2/commons-codec/commons-codec/1.11/commons-codec-1.11.jar (0 B at 0 B/s)
Downloading from central: https://repo.maven.apache.org/maven2/org/springframework/boot/spring-boot-loader-tools/2.5.6/spring-boot-loader-tools-2.5.6.jar
Downloaded from central: https://repo.maven.apache.org/maven2/org/tomlj/tomlj/1.0.0/tomlj-1.0.0.jar (0 B at 0 B/s)
Downloading from central: https://repo.maven.apache.org/maven2/org/apache/maven/shared/maven-common-artifact-filters/3.2.0/maven-common-artifact-filters-3.2.0.jar
Downloaded from central: https://repo.maven.apache.org/maven2/org/apache/httpcomponents/httpcore/4.4.13/httpcore-4.4.13.jar (0 B at 0 B/s)
Downloading from central: https://repo.maven.apache.org/maven2/org/apache/maven/maven-artifact/3.1.1/maven-artifact-3.1.1.jar
Progress (1): 3.8/250 kBProgress (1): 7.9/250 kBProgress (1): 8.0/250 kBProgress (1): 12/250 kB Progress (1): 12/250 kBProgress (1): 16/250 kBProgress (1): 16/250 kBProgress (1): 21/250 kBProgress (1): 21/250 kBProgress (1): 25/250 kBProgress (1): 25/250 kBProgress (1): 29/250 kBProgress (1): 29/250 kBProgress (1): 33/250 kBProgress (1): 33/250 kBProgress (1): 37/250 kBProgress (1): 38/250 kBProgress (1): 42/250 kBProgress (1): 42/250 kBProgress (1): 46/250 kBProgress (1): 46/250 kBProgress (1): 50/250 kBProgress (1): 50/250 kBProgress (1): 54/250 kBProgress (1): 55/250 kBProgress (1): 59/250 kBProgress (1): 59/250 kBProgress (1): 63/250 kBProgress (1): 63/250 kBProgress (1): 67/250 kBProgress (1): 67/250 kBProgress (1): 71/250 kBProgress (1): 71/250 kBProgress (1): 76/250 kBProgress (1): 76/250 kBProgress (1): 80/250 kBProgress (1): 80/250 kBProgress (1): 84/250 kBProgress (1): 84/250 kBProgress (1): 88/250 kBProgress (1): 92/250 kBProgress (1): 96/250 kBProgress (1): 101/250 kBProgress (1): 105/250 kBProgress (1): 109/250 kBProgress (1): 113/250 kBProgress (1): 117/250 kB                        Downloaded from central: https://repo.maven.apache.org/maven2/org/antlr/antlr4-runtime/4.7.2/antlr4-runtime-4.7.2.jar (0 B at 0 B/s)
Downloading from central: https://repo.maven.apache.org/maven2/org/apache/maven/maven-model/3.1.1/maven-model-3.1.1.jar
Progress (1): 121/250 kBProgress (1): 125/250 kBProgress (1): 129/250 kBProgress (1): 133/250 kBProgress (1): 137/250 kBProgress (1): 141/250 kBProgress (1): 146/250 kBProgress (1): 150/250 kBProgress (1): 154/250 kBProgress (1): 158/250 kBProgress (1): 162/250 kBProgress (1): 166/250 kBProgress (1): 170/250 kBProgress (1): 174/250 kBProgress (1): 178/250 kBProgress (1): 182/250 kBProgress (1): 187/250 kBProgress (1): 191/250 kBProgress (1): 195/250 kBProgress (1): 199/250 kBProgress (2): 199/250 kB | 3.8/61 kBProgress (2): 199/250 kB | 7.9/61 kBProgress (2): 199/250 kB | 8.0/61 kBProgress (2): 199/250 kB | 12/61 kB Progress (2): 199/250 kB | 12/61 kBProgress (2): 199/250 kB | 16/61 kBProgress (2): 199/250 kB | 16/61 kBProgress (2): 199/250 kB | 21/61 kBProgress (2): 199/250 kB | 21/61 kBProgress (2): 199/250 kB | 25/61 kBProgress (2): 199/250 kB | 25/61 kBProgress (2): 199/250 kB | 29/61 kBProgress (2): 199/250 kB | 29/61 kBProgress (2): 199/250 kB | 33/61 kBProgress (2): 199/250 kB | 37/61 kBProgress (2): 199/250 kB | 41/61 kBProgress (2): 199/250 kB | 46/61 kBProgress (2): 199/250 kB | 50/61 kBProgress (2): 199/250 kB | 54/61 kBProgress (2): 199/250 kB | 58/61 kBProgress (2): 199/250 kB | 61 kB   Progress (3): 199/250 kB | 61 kB | 3.4/52 kBProgress (3): 199/250 kB | 61 kB | 7.5/52 kBProgress (3): 199/250 kB | 61 kB | 12/52 kB Progress (3): 199/250 kB | 61 kB | 16/52 kBProgress (3): 199/250 kB | 61 kB | 20/52 kBProgress (3): 199/250 kB | 61 kB | 24/52 kBProgress (3): 199/250 kB | 61 kB | 28/52 kBProgress (3): 199/250 kB | 61 kB | 32/52 kBProgress (3): 199/250 kB | 61 kB | 36/52 kBProgress (3): 199/250 kB | 61 kB | 40/52 kBProgress (3): 199/250 kB | 61 kB | 44/52 kBProgress (3): 199/250 kB | 61 kB | 48/52 kBProgress (3): 199/250 kB | 61 kB | 52 kB   Progress (3): 203/250 kB | 61 kB | 52 kBProgress (3): 207/250 kB | 61 kB | 52 kBProgress (3): 211/250 kB | 61 kB | 52 kBProgress (3): 215/250 kB | 61 kB | 52 kBProgress (3): 219/250 kB | 61 kB | 52 kBProgress (3): 223/250 kB | 61 kB | 52 kBProgress (3): 227/250 kB | 61 kB | 52 kBProgress (3): 232/250 kB | 61 kB | 52 kBProgress (3): 236/250 kB | 61 kB | 52 kBProgress (3): 240/250 kB | 61 kB | 52 kBProgress (3): 244/250 kB | 61 kB | 52 kBProgress (3): 248/250 kB | 61 kB | 52 kBProgress (3): 250 kB | 61 kB | 52 kB    Progress (4): 250 kB | 61 kB | 52 kB | 3.8/154 kBProgress (4): 250 kB | 61 kB | 52 kB | 7.9/154 kBProgress (4): 250 kB | 61 kB | 52 kB | 8.0/154 kBProgress (4): 250 kB | 61 kB | 52 kB | 12/154 kB Progress (4): 250 kB | 61 kB | 52 kB | 12/154 kBProgress (4): 250 kB | 61 kB | 52 kB | 16/154 kBProgress (4): 250 kB | 61 kB | 52 kB | 16/154 kBProgress (4): 250 kB | 61 kB | 52 kB | 21/154 kBProgress (4): 250 kB | 61 kB | 52 kB | 21/154 kBProgress (5): 250 kB | 61 kB | 52 kB | 21/154 kB | 4.1/20 kBProgress (5): 250 kB | 61 kB | 52 kB | 25/154 kB | 4.1/20 kBProgress (5): 250 kB | 61 kB | 52 kB | 25/154 kB | 4.1/20 kBProgress (5): 250 kB | 61 kB | 52 kB | 29/154 kB | 4.1/20 kBProgress (5): 250 kB | 61 kB | 52 kB | 29/154 kB | 4.1/20 kBProgress (5): 250 kB | 61 kB | 52 kB | 33/154 kB | 4.1/20 kBProgress (5): 250 kB | 61 kB | 52 kB | 33/154 kB | 4.1/20 kBProgress (5): 250 kB | 61 kB | 52 kB | 33/154 kB | 7.7/20 kBProgress (5): 250 kB | 61 kB | 52 kB | 33/154 kB | 12/20 kB Progress (5): 250 kB | 61 kB | 52 kB | 33/154 kB | 16/20 kBProgress (5): 250 kB | 61 kB | 52 kB | 33/154 kB | 20 kB   Progress (5): 250 kB | 61 kB | 52 kB | 37/154 kB | 20 kBProgress (5): 250 kB | 61 kB | 52 kB | 38/154 kB | 20 kBProgress (5): 250 kB | 61 kB | 52 kB | 42/154 kB | 20 kBProgress (5): 250 kB | 61 kB | 52 kB | 42/154 kB | 20 kBProgress (5): 250 kB | 61 kB | 52 kB | 46/154 kB | 20 kBProgress (5): 250 kB | 61 kB | 52 kB | 46/154 kB | 20 kBProgress (5): 250 kB | 61 kB | 52 kB | 50/154 kB | 20 kBProgress (5): 250 kB | 61 kB | 52 kB | 50/154 kB | 20 kBProgress (5): 250 kB | 61 kB | 52 kB | 54/154 kB | 20 kBProgress (5): 250 kB | 61 kB | 52 kB | 55/154 kB | 20 kBProgress (5): 250 kB | 61 kB | 52 kB | 59/154 kB | 20 kBProgress (5): 250 kB | 61 kB | 52 kB | 59/154 kB | 20 kBProgress (5): 250 kB | 61 kB | 52 kB | 63/154 kB | 20 kBProgress (5): 250 kB | 61 kB | 52 kB | 63/154 kB | 20 kBProgress (5): 250 kB | 61 kB | 52 kB | 67/154 kB | 20 kBProgress (5): 250 kB | 61 kB | 52 kB | 67/154 kB | 20 kBProgress (5): 250 kB | 61 kB | 52 kB | 71/154 kB | 20 kBProgress (5): 250 kB | 61 kB | 52 kB | 71/154 kB | 20 kBProgress (5): 250 kB | 61 kB | 52 kB | 76/154 kB | 20 kBProgress (5): 250 kB | 61 kB | 52 kB | 76/154 kB | 20 kBProgress (5): 250 kB | 61 kB | 52 kB | 80/154 kB | 20 kBProgress (5): 250 kB | 61 kB | 52 kB | 80/154 kB | 20 kBProgress (5): 250 kB | 61 kB | 52 kB | 84/154 kB | 20 kBProgress (5): 250 kB | 61 kB | 52 kB | 84/154 kB | 20 kBProgress (5): 250 kB | 61 kB | 52 kB | 88/154 kB | 20 kBProgress (5): 250 kB | 61 kB | 52 kB | 88/154 kB | 20 kBProgress (5): 250 kB | 61 kB | 52 kB | 92/154 kB | 20 kBProgress (5): 250 kB | 61 kB | 52 kB | 93/154 kB | 20 kBProgress (5): 250 kB | 61 kB | 52 kB | 97/154 kB | 20 kBProgress (5): 250 kB | 61 kB | 52 kB | 97/154 kB | 20 kBProgress (5): 250 kB | 61 kB | 52 kB | 101/154 kB | 20 kBProgress (5): 250 kB | 61 kB | 52 kB | 105/154 kB | 20 kBProgress (5): 250 kB | 61 kB | 52 kB | 109/154 kB | 20 kBProgress (5): 250 kB | 61 kB | 52 kB | 113/154 kB | 20 kBProgress (5): 250 kB | 61 kB | 52 kB | 117/154 kB | 20 kBProgress (5): 250 kB | 61 kB | 52 kB | 121/154 kB | 20 kBProgress (5): 250 kB | 61 kB | 52 kB | 125/154 kB | 20 kBProgress (5): 250 kB | 61 kB | 52 kB | 130/154 kB | 20 kBProgress (5): 250 kB | 61 kB | 52 kB | 134/154 kB | 20 kBProgress (5): 250 kB | 61 kB | 52 kB | 138/154 kB | 20 kBProgress (5): 250 kB | 61 kB | 52 kB | 142/154 kB | 20 kBProgress (5): 250 kB | 61 kB | 52 kB | 146/154 kB | 20 kBProgress (5): 250 kB | 61 kB | 52 kB | 150/154 kB | 20 kBProgress (5): 250 kB | 61 kB | 52 kB | 154/154 kB | 20 kBProgress (5): 250 kB | 61 kB | 52 kB | 154 kB | 20 kB                                                         Downloaded from central: https://repo.maven.apache.org/maven2/org/apache/maven/maven-artifact/3.1.1/maven-artifact-3.1.1.jar (52 kB at 163 kB/s)
Downloading from central: https://repo.maven.apache.org/maven2/org/apache/maven/maven-core/3.1.1/maven-core-3.1.1.jar
Downloaded from central: https://repo.maven.apache.org/maven2/org/springframework/boot/spring-boot-loader-tools/2.5.6/spring-boot-loader-tools-2.5.6.jar (250 kB at 781 kB/s)
Downloading from central: https://repo.maven.apache.org/maven2/org/apache/maven/maven-settings/3.1.1/maven-settings-3.1.1.jar
Downloaded from central: https://repo.maven.apache.org/maven2/org/apache/maven/shared/maven-common-artifact-filters/3.2.0/maven-common-artifact-filters-3.2.0.jar (61 kB at 191 kB/s)
Downloading from central: https://repo.maven.apache.org/maven2/org/apache/maven/maven-settings-builder/3.1.1/maven-settings-builder-3.1.1.jar
Downloaded from central: https://repo.maven.apache.org/maven2/org/apache/maven/maven-model/3.1.1/maven-model-3.1.1.jar (154 kB at 459 kB/s)
Downloading from central: https://repo.maven.apache.org/maven2/org/apache/maven/maven-repository-metadata/3.1.1/maven-repository-metadata-3.1.1.jar
Progress (2): 20 kB | 4.1/42 kBProgress (2): 20 kB | 7.7/42 kBProgress (2): 20 kB | 12/42 kB Progress (2): 20 kB | 16/42 kBProgress (2): 20 kB | 20/42 kBProgress (2): 20 kB | 24/42 kBProgress (2): 20 kB | 28/42 kBProgress (2): 20 kB | 32/42 kBProgress (2): 20 kB | 36/42 kBProgress (2): 20 kB | 41/42 kBProgress (2): 20 kB | 42 kB   Progress (3): 20 kB | 42 kB | 4.1/557 kBProgress (3): 20 kB | 42 kB | 7.7/557 kBProgress (3): 20 kB | 42 kB | 12/557 kB Progress (3): 20 kB | 42 kB | 16/557 kBProgress (3): 20 kB | 42 kB | 20/557 kBProgress (3): 20 kB | 42 kB | 24/557 kBProgress (3): 20 kB | 42 kB | 28/557 kBProgress (3): 20 kB | 42 kB | 32/557 kBProgress (3): 20 kB | 42 kB | 36/557 kBProgress (3): 20 kB | 42 kB | 41/557 kBProgress (3): 20 kB | 42 kB | 45/557 kBProgress (3): 20 kB | 42 kB | 49/557 kBProgress (3): 20 kB | 42 kB | 53/557 kBProgress (3): 20 kB | 42 kB | 57/557 kBProgress (3): 20 kB | 42 kB | 61/557 kBProgress (3): 20 kB | 42 kB | 65/557 kBProgress (3): 20 kB | 42 kB | 69/557 kBProgress (3): 20 kB | 42 kB | 73/557 kBProgress (3): 20 kB | 42 kB | 77/557 kBProgress (3): 20 kB | 42 kB | 81/557 kBProgress (3): 20 kB | 42 kB | 86/557 kBProgress (3): 20 kB | 42 kB | 90/557 kBProgress (3): 20 kB | 42 kB | 94/557 kBProgress (3): 20 kB | 42 kB | 98/557 kBProgress (3): 20 kB | 42 kB | 102/557 kBProgress (3): 20 kB | 42 kB | 106/557 kBProgress (3): 20 kB | 42 kB | 110/557 kBProgress (3): 20 kB | 42 kB | 114/557 kB                                        Downloaded from central: https://repo.maven.apache.org/maven2/com/google/code/findbugs/jsr305/3.0.2/jsr305-3.0.2.jar (20 kB at 56 kB/s)
Downloading from central: https://repo.maven.apache.org/maven2/org/apache/maven/maven-model-builder/3.1.1/maven-model-builder-3.1.1.jar
Progress (3): 42 kB | 114/557 kB | 4.1/42 kBProgress (3): 42 kB | 114/557 kB | 7.7/42 kBProgress (3): 42 kB | 114/557 kB | 12/42 kB Progress (3): 42 kB | 114/557 kB | 16/42 kBProgress (3): 42 kB | 114/557 kB | 20/42 kBProgress (3): 42 kB | 114/557 kB | 24/42 kBProgress (3): 42 kB | 114/557 kB | 28/42 kBProgress (3): 42 kB | 114/557 kB | 32/42 kBProgress (3): 42 kB | 114/557 kB | 36/42 kBProgress (3): 42 kB | 114/557 kB | 41/42 kBProgress (3): 42 kB | 114/557 kB | 42 kB   Progress (4): 42 kB | 114/557 kB | 42 kB | 4.1/25 kBProgress (4): 42 kB | 114/557 kB | 42 kB | 7.7/25 kBProgress (4): 42 kB | 114/557 kB | 42 kB | 12/25 kB Progress (4): 42 kB | 114/557 kB | 42 kB | 12/25 kBProgress (4): 42 kB | 114/557 kB | 42 kB | 16/25 kBProgress (4): 42 kB | 114/557 kB | 42 kB | 20/25 kBProgress (4): 42 kB | 114/557 kB | 42 kB | 25/25 kBProgress (4): 42 kB | 114/557 kB | 42 kB | 25 kB                                                   Downloaded from central: https://repo.maven.apache.org/maven2/org/apache/maven/maven-settings/3.1.1/maven-settings-3.1.1.jar (42 kB at 116 kB/s)
Downloading from central: https://repo.maven.apache.org/maven2/org/apache/maven/maven-aether-provider/3.1.1/maven-aether-provider-3.1.1.jar
Progress (3): 118/557 kB | 42 kB | 25 kBProgress (3): 122/557 kB | 42 kB | 25 kBProgress (3): 127/557 kB | 42 kB | 25 kBProgress (3): 131/557 kB | 42 kB | 25 kBProgress (3): 135/557 kB | 42 kB | 25 kBProgress (3): 139/557 kB | 42 kB | 25 kBProgress (3): 143/557 kB | 42 kB | 25 kBProgress (3): 147/557 kB | 42 kB | 25 kBProgress (3): 151/557 kB | 42 kB | 25 kBProgress (3): 155/557 kB | 42 kB | 25 kBProgress (3): 159/557 kB | 42 kB | 25 kBProgress (3): 163/557 kB | 42 kB | 25 kBProgress (3): 167/557 kB | 42 kB | 25 kBProgress (3): 172/557 kB | 42 kB | 25 kBProgress (3): 176/557 kB | 42 kB | 25 kBProgress (3): 180/557 kB | 42 kB | 25 kBProgress (3): 184/557 kB | 42 kB | 25 kBProgress (3): 188/557 kB | 42 kB | 25 kBProgress (3): 192/557 kB | 42 kB | 25 kBProgress (3): 196/557 kB | 42 kB | 25 kBProgress (3): 200/557 kB | 42 kB | 25 kBProgress (3): 204/557 kB | 42 kB | 25 kBProgress (3): 208/557 kB | 42 kB | 25 kBProgress (3): 213/557 kB | 42 kB | 25 kBProgress (3): 217/557 kB | 42 kB | 25 kBProgress (3): 221/557 kB | 42 kB | 25 kBProgress (3): 225/557 kB | 42 kB | 25 kBProgress (3): 229/557 kB | 42 kB | 25 kBProgress (3): 233/557 kB | 42 kB | 25 kBProgress (3): 237/557 kB | 42 kB | 25 kBProgress (3): 241/557 kB | 42 kB | 25 kBProgress (3): 245/557 kB | 42 kB | 25 kBProgress (3): 249/557 kB | 42 kB | 25 kBProgress (3): 254/557 kB | 42 kB | 25 kBProgress (3): 258/557 kB | 42 kB | 25 kBProgress (3): 262/557 kB | 42 kB | 25 kBProgress (3): 266/557 kB | 42 kB | 25 kBProgress (3): 270/557 kB | 42 kB | 25 kBProgress (3): 274/557 kB | 42 kB | 25 kBProgress (3): 278/557 kB | 42 kB | 25 kBProgress (3): 282/557 kB | 42 kB | 25 kBProgress (3): 286/557 kB | 42 kB | 25 kBProgress (3): 290/557 kB | 42 kB | 25 kBProgress (3): 294/557 kB | 42 kB | 25 kBProgress (3): 299/557 kB | 42 kB | 25 kBProgress (3): 303/557 kB | 42 kB | 25 kBProgress (3): 307/557 kB | 42 kB | 25 kBProgress (3): 311/557 kB | 42 kB | 25 kBProgress (3): 315/557 kB | 42 kB | 25 kBProgress (3): 319/557 kB | 42 kB | 25 kBProgress (3): 323/557 kB | 42 kB | 25 kBProgress (3): 327/557 kB | 42 kB | 25 kBProgress (3): 331/557 kB | 42 kB | 25 kBProgress (3): 335/557 kB | 42 kB | 25 kBProgress (3): 340/557 kB | 42 kB | 25 kBProgress (3): 344/557 kB | 42 kB | 25 kBProgress (3): 348/557 kB | 42 kB | 25 kBProgress (3): 352/557 kB | 42 kB | 25 kBProgress (3): 356/557 kB | 42 kB | 25 kBProgress (3): 360/557 kB | 42 kB | 25 kBProgress (3): 364/557 kB | 42 kB | 25 kBProgress (3): 368/557 kB | 42 kB | 25 kBProgress (3): 372/557 kB | 42 kB | 25 kBProgress (3): 376/557 kB | 42 kB | 25 kBProgress (3): 380/557 kB | 42 kB | 25 kBProgress (3): 385/557 kB | 42 kB | 25 kBProgress (3): 389/557 kB | 42 kB | 25 kBProgress (3): 393/557 kB | 42 kB | 25 kBProgress (3): 397/557 kB | 42 kB | 25 kBProgress (3): 401/557 kB | 42 kB | 25 kBProgress (3): 405/557 kB | 42 kB | 25 kBProgress (3): 409/557 kB | 42 kB | 25 kBProgress (3): 413/557 kB | 42 kB | 25 kBProgress (3): 417/557 kB | 42 kB | 25 kBProgress (3): 421/557 kB | 42 kB | 25 kBProgress (3): 426/557 kB | 42 kB | 25 kBProgress (3): 430/557 kB | 42 kB | 25 kBProgress (3): 434/557 kB | 42 kB | 25 kBProgress (3): 438/557 kB | 42 kB | 25 kBProgress (3): 442/557 kB | 42 kB | 25 kBProgress (3): 446/557 kB | 42 kB | 25 kBProgress (3): 450/557 kB | 42 kB | 25 kBProgress (3): 454/557 kB | 42 kB | 25 kBProgress (3): 458/557 kB | 42 kB | 25 kBProgress (3): 462/557 kB | 42 kB | 25 kBProgress (3): 466/557 kB | 42 kB | 25 kBProgress (3): 471/557 kB | 42 kB | 25 kBProgress (3): 475/557 kB | 42 kB | 25 kBProgress (3): 479/557 kB | 42 kB | 25 kBProgress (3): 483/557 kB | 42 kB | 25 kBProgress (3): 487/557 kB | 42 kB | 25 kBProgress (3): 491/557 kB | 42 kB | 25 kBProgress (3): 495/557 kB | 42 kB | 25 kBProgress (3): 499/557 kB | 42 kB | 25 kBProgress (3): 503/557 kB | 42 kB | 25 kBProgress (3): 507/557 kB | 42 kB | 25 kBProgress (4): 507/557 kB | 42 kB | 25 kB | 4.1/60 kBProgress (4): 507/557 kB | 42 kB | 25 kB | 7.7/60 kBProgress (4): 507/557 kB | 42 kB | 25 kB | 12/60 kB Progress (4): 507/557 kB | 42 kB | 25 kB | 12/60 kBProgress (4): 512/557 kB | 42 kB | 25 kB | 12/60 kBProgress (4): 516/557 kB | 42 kB | 25 kB | 12/60 kBProgress (4): 520/557 kB | 42 kB | 25 kB | 12/60 kBProgress (4): 520/557 kB | 42 kB | 25 kB | 16/60 kBProgress (4): 520/557 kB | 42 kB | 25 kB | 20/60 kBProgress (4): 520/557 kB | 42 kB | 25 kB | 25/60 kBProgress (4): 520/557 kB | 42 kB | 25 kB | 29/60 kBProgress (4): 520/557 kB | 42 kB | 25 kB | 33/60 kBProgress (4): 520/557 kB | 42 kB | 25 kB | 37/60 kBProgress (4): 520/557 kB | 42 kB | 25 kB | 41/60 kBProgress (4): 520/557 kB | 42 kB | 25 kB | 45/60 kBProgress (4): 520/557 kB | 42 kB | 25 kB | 49/60 kBProgress (4): 524/557 kB | 42 kB | 25 kB | 49/60 kBProgress (4): 528/557 kB | 42 kB | 25 kB | 49/60 kBProgress (4): 532/557 kB | 42 kB | 25 kB | 49/60 kBProgress (4): 536/557 kB | 42 kB | 25 kB | 49/60 kBProgress (4): 540/557 kB | 42 kB | 25 kB | 49/60 kBProgress (4): 544/557 kB | 42 kB | 25 kB | 49/60 kBProgress (4): 548/557 kB | 42 kB | 25 kB | 49/60 kBProgress (4): 553/557 kB | 42 kB | 25 kB | 49/60 kBProgress (4): 557/557 kB | 42 kB | 25 kB | 49/60 kBProgress (4): 557 kB | 42 kB | 25 kB | 49/60 kB                                                   Downloaded from central: https://repo.maven.apache.org/maven2/org/apache/maven/maven-repository-metadata/3.1.1/maven-repository-metadata-3.1.1.jar (25 kB at 66 kB/s)
Progress (3): 557 kB | 42 kB | 53/60 kBProgress (3): 557 kB | 42 kB | 57/60 kBProgress (3): 557 kB | 42 kB | 60 kB                                       Downloaded from central: https://repo.maven.apache.org/maven2/org/apache/maven/maven-settings-builder/3.1.1/maven-settings-builder-3.1.1.jar (42 kB at 108 kB/s)
Downloading from central: https://repo.maven.apache.org/maven2/org/eclipse/sisu/org.eclipse.sisu.plexus/0.0.0.M5/org.eclipse.sisu.plexus-0.0.0.M5.jar
Downloading from central: https://repo.maven.apache.org/maven2/org/codehaus/plexus/plexus-interpolation/1.19/plexus-interpolation-1.19.jar
Progress (3): 557 kB | 60 kB | 4.1/160 kBProgress (3): 557 kB | 60 kB | 7.7/160 kBProgress (3): 557 kB | 60 kB | 12/160 kB Progress (3): 557 kB | 60 kB | 16/160 kBProgress (3): 557 kB | 60 kB | 20/160 kBProgress (3): 557 kB | 60 kB | 24/160 kBProgress (3): 557 kB | 60 kB | 28/160 kBProgress (3): 557 kB | 60 kB | 32/160 kBProgress (3): 557 kB | 60 kB | 36/160 kBProgress (3): 557 kB | 60 kB | 41/160 kBProgress (3): 557 kB | 60 kB | 45/160 kBProgress (3): 557 kB | 60 kB | 49/160 kBProgress (3): 557 kB | 60 kB | 53/160 kBProgress (3): 557 kB | 60 kB | 57/160 kBProgress (3): 557 kB | 60 kB | 61/160 kBProgress (3): 557 kB | 60 kB | 65/160 kBProgress (3): 557 kB | 60 kB | 69/160 kBProgress (3): 557 kB | 60 kB | 73/160 kBProgress (3): 557 kB | 60 kB | 77/160 kBProgress (3): 557 kB | 60 kB | 81/160 kBProgress (3): 557 kB | 60 kB | 86/160 kBProgress (3): 557 kB | 60 kB | 90/160 kBProgress (3): 557 kB | 60 kB | 94/160 kBProgress (3): 557 kB | 60 kB | 98/160 kBProgress (3): 557 kB | 60 kB | 102/160 kBProgress (3): 557 kB | 60 kB | 106/160 kBProgress (3): 557 kB | 60 kB | 110/160 kBProgress (3): 557 kB | 60 kB | 114/160 kBProgress (3): 557 kB | 60 kB | 118/160 kBProgress (3): 557 kB | 60 kB | 122/160 kBProgress (3): 557 kB | 60 kB | 127/160 kBProgress (3): 557 kB | 60 kB | 131/160 kBProgress (3): 557 kB | 60 kB | 135/160 kBProgress (3): 557 kB | 60 kB | 139/160 kBProgress (3): 557 kB | 60 kB | 143/160 kBProgress (3): 557 kB | 60 kB | 147/160 kBProgress (3): 557 kB | 60 kB | 151/160 kBProgress (3): 557 kB | 60 kB | 155/160 kBProgress (3): 557 kB | 60 kB | 159/160 kBProgress (3): 557 kB | 60 kB | 160 kB                                         Downloaded from central: https://repo.maven.apache.org/maven2/org/apache/maven/maven-aether-provider/3.1.1/maven-aether-provider-3.1.1.jar (60 kB at 149 kB/s)
Downloading from central: https://repo.maven.apache.org/maven2/org/eclipse/sisu/org.eclipse.sisu.inject/0.0.0.M5/org.eclipse.sisu.inject-0.0.0.M5.jar
Downloaded from central: https://repo.maven.apache.org/maven2/org/apache/maven/maven-core/3.1.1/maven-core-3.1.1.jar (557 kB at 1.4 MB/s)
Downloading from central: https://repo.maven.apache.org/maven2/org/apache/maven/maven-plugin-api/3.6.3/maven-plugin-api-3.6.3.jar
Progress (2): 160 kB | 4.1/197 kBProgress (2): 160 kB | 7.7/197 kBProgress (2): 160 kB | 12/197 kB Progress (2): 160 kB | 16/197 kBProgress (2): 160 kB | 20/197 kBProgress (2): 160 kB | 24/197 kBProgress (2): 160 kB | 28/197 kBProgress (2): 160 kB | 32/197 kBProgress (2): 160 kB | 36/197 kBProgress (2): 160 kB | 41/197 kBProgress (2): 160 kB | 45/197 kBProgress (2): 160 kB | 49/197 kBProgress (2): 160 kB | 53/197 kBProgress (2): 160 kB | 57/197 kBProgress (2): 160 kB | 61/197 kBProgress (2): 160 kB | 65/197 kBProgress (2): 160 kB | 69/197 kBProgress (2): 160 kB | 73/197 kBProgress (2): 160 kB | 77/197 kBProgress (2): 160 kB | 81/197 kBProgress (2): 160 kB | 86/197 kBProgress (2): 160 kB | 90/197 kBProgress (2): 160 kB | 94/197 kBProgress (2): 160 kB | 98/197 kBProgress (2): 160 kB | 102/197 kBProgress (2): 160 kB | 106/197 kBProgress (2): 160 kB | 110/197 kBProgress (2): 160 kB | 114/197 kBProgress (2): 160 kB | 118/197 kBProgress (2): 160 kB | 122/197 kBProgress (2): 160 kB | 127/197 kBProgress (2): 160 kB | 131/197 kBProgress (2): 160 kB | 135/197 kBProgress (2): 160 kB | 139/197 kBProgress (2): 160 kB | 143/197 kBProgress (2): 160 kB | 147/197 kBProgress (2): 160 kB | 151/197 kBProgress (2): 160 kB | 155/197 kBProgress (2): 160 kB | 159/197 kBProgress (2): 160 kB | 163/197 kBProgress (2): 160 kB | 167/197 kBProgress (2): 160 kB | 172/197 kBProgress (2): 160 kB | 176/197 kBProgress (2): 160 kB | 180/197 kBProgress (2): 160 kB | 184/197 kBProgress (2): 160 kB | 188/197 kBProgress (2): 160 kB | 192/197 kBProgress (2): 160 kB | 196/197 kBProgress (2): 160 kB | 197 kB    Progress (3): 160 kB | 197 kB | 4.1/62 kBProgress (3): 160 kB | 197 kB | 7.7/62 kBProgress (3): 160 kB | 197 kB | 12/62 kB Progress (3): 160 kB | 197 kB | 12/62 kBProgress (3): 160 kB | 197 kB | 16/62 kBProgress (3): 160 kB | 197 kB | 20/62 kBProgress (3): 160 kB | 197 kB | 25/62 kBProgress (3): 160 kB | 197 kB | 29/62 kBProgress (3): 160 kB | 197 kB | 33/62 kBProgress (3): 160 kB | 197 kB | 37/62 kBProgress (3): 160 kB | 197 kB | 41/62 kBProgress (3): 160 kB | 197 kB | 45/62 kBProgress (3): 160 kB | 197 kB | 49/62 kBProgress (3): 160 kB | 197 kB | 53/62 kBProgress (3): 160 kB | 197 kB | 57/62 kBProgress (3): 160 kB | 197 kB | 61/62 kBProgress (3): 160 kB | 197 kB | 62 kB   Progress (4): 160 kB | 197 kB | 62 kB | 4.1/291 kBProgress (4): 160 kB | 197 kB | 62 kB | 8.2/291 kBProgress (4): 160 kB | 197 kB | 62 kB | 12/291 kB Progress (4): 160 kB | 197 kB | 62 kB | 16/291 kBProgress (4): 160 kB | 197 kB | 62 kB | 20/291 kBProgress (4): 160 kB | 197 kB | 62 kB | 25/291 kBProgress (4): 160 kB | 197 kB | 62 kB | 29/291 kBProgress (4): 160 kB | 197 kB | 62 kB | 33/291 kBProgress (4): 160 kB | 197 kB | 62 kB | 37/291 kBProgress (4): 160 kB | 197 kB | 62 kB | 41/291 kBProgress (4): 160 kB | 197 kB | 62 kB | 45/291 kBProgress (4): 160 kB | 197 kB | 62 kB | 49/291 kBProgress (4): 160 kB | 197 kB | 62 kB | 53/291 kBProgress (4): 160 kB | 197 kB | 62 kB | 57/291 kBProgress (4): 160 kB | 197 kB | 62 kB | 61/291 kBProgress (4): 160 kB | 197 kB | 62 kB | 66/291 kBProgress (4): 160 kB | 197 kB | 62 kB | 70/291 kBProgress (4): 160 kB | 197 kB | 62 kB | 74/291 kBProgress (4): 160 kB | 197 kB | 62 kB | 78/291 kBProgress (4): 160 kB | 197 kB | 62 kB | 82/291 kBProgress (4): 160 kB | 197 kB | 62 kB | 86/291 kBProgress (4): 160 kB | 197 kB | 62 kB | 90/291 kBProgress (4): 160 kB | 197 kB | 62 kB | 94/291 kBProgress (4): 160 kB | 197 kB | 62 kB | 98/291 kBProgress (4): 160 kB | 197 kB | 62 kB | 102/291 kBProgress (4): 160 kB | 197 kB | 62 kB | 106/291 kBProgress (4): 160 kB | 197 kB | 62 kB | 111/291 kBProgress (4): 160 kB | 197 kB | 62 kB | 115/291 kBProgress (4): 160 kB | 197 kB | 62 kB | 119/291 kBProgress (4): 160 kB | 197 kB | 62 kB | 123/291 kBProgress (4): 160 kB | 197 kB | 62 kB | 127/291 kBProgress (4): 160 kB | 197 kB | 62 kB | 131/291 kBProgress (4): 160 kB | 197 kB | 62 kB | 135/291 kBProgress (4): 160 kB | 197 kB | 62 kB | 139/291 kBProgress (4): 160 kB | 197 kB | 62 kB | 143/291 kBProgress (4): 160 kB | 197 kB | 62 kB | 147/291 kBProgress (4): 160 kB | 197 kB | 62 kB | 152/291 kBProgress (4): 160 kB | 197 kB | 62 kB | 156/291 kBProgress (4): 160 kB | 197 kB | 62 kB | 160/291 kBProgress (4): 160 kB | 197 kB | 62 kB | 164/291 kBProgress (4): 160 kB | 197 kB | 62 kB | 168/291 kBProgress (4): 160 kB | 197 kB | 62 kB | 172/291 kBProgress (4): 160 kB | 197 kB | 62 kB | 176/291 kBProgress (4): 160 kB | 197 kB | 62 kB | 180/291 kBProgress (4): 160 kB | 197 kB | 62 kB | 184/291 kBProgress (4): 160 kB | 197 kB | 62 kB | 188/291 kBProgress (4): 160 kB | 197 kB | 62 kB | 193/291 kBProgress (4): 160 kB | 197 kB | 62 kB | 197/291 kBProgress (4): 160 kB | 197 kB | 62 kB | 201/291 kBProgress (4): 160 kB | 197 kB | 62 kB | 205/291 kB                                                  Downloaded from central: https://repo.maven.apache.org/maven2/org/apache/maven/maven-model-builder/3.1.1/maven-model-builder-3.1.1.jar (160 kB at 373 kB/s)
Progress (4): 197 kB | 62 kB | 205/291 kB | 4.1/47 kBProgress (4): 197 kB | 62 kB | 205/291 kB | 7.7/47 kBProgress (4): 197 kB | 62 kB | 205/291 kB | 12/47 kB Progress (4): 197 kB | 62 kB | 205/291 kB | 16/47 kBProgress (4): 197 kB | 62 kB | 205/291 kB | 20/47 kBProgress (4): 197 kB | 62 kB | 205/291 kB | 24/47 kBProgress (4): 197 kB | 62 kB | 205/291 kB | 28/47 kBProgress (4): 197 kB | 62 kB | 205/291 kB | 32/47 kBProgress (4): 197 kB | 62 kB | 205/291 kB | 36/47 kBProgress (4): 197 kB | 62 kB | 205/291 kB | 41/47 kBProgress (4): 197 kB | 62 kB | 205/291 kB | 45/47 kBProgress (4): 197 kB | 62 kB | 205/291 kB | 47 kB   Progress (4): 197 kB | 62 kB | 209/291 kB | 47 kBProgress (4): 197 kB | 62 kB | 213/291 kB | 47 kBProgress (4): 197 kB | 62 kB | 217/291 kB | 47 kBProgress (4): 197 kB | 62 kB | 221/291 kB | 47 kBProgress (4): 197 kB | 62 kB | 225/291 kB | 47 kB                                                 Downloading from central: https://repo.maven.apache.org/maven2/org/codehaus/plexus/plexus-utils/3.2.1/plexus-utils-3.2.1.jar
Progress (4): 197 kB | 62 kB | 229/291 kB | 47 kBProgress (4): 197 kB | 62 kB | 233/291 kB | 47 kBProgress (4): 197 kB | 62 kB | 238/291 kB | 47 kBProgress (4): 197 kB | 62 kB | 242/291 kB | 47 kBProgress (4): 197 kB | 62 kB | 246/291 kB | 47 kBProgress (4): 197 kB | 62 kB | 250/291 kB | 47 kBProgress (4): 197 kB | 62 kB | 254/291 kB | 47 kB                                                 Downloaded from central: https://repo.maven.apache.org/maven2/org/eclipse/sisu/org.eclipse.sisu.plexus/0.0.0.M5/org.eclipse.sisu.plexus-0.0.0.M5.jar (197 kB at 457 kB/s)
Progress (3): 62 kB | 258/291 kB | 47 kB                                        Downloading from central: https://repo.maven.apache.org/maven2/org/codehaus/plexus/plexus-classworlds/2.6.0/plexus-classworlds-2.6.0.jar
Progress (3): 62 kB | 262/291 kB | 47 kBProgress (3): 62 kB | 266/291 kB | 47 kBProgress (3): 62 kB | 270/291 kB | 47 kBProgress (3): 62 kB | 274/291 kB | 47 kBProgress (3): 62 kB | 279/291 kB | 47 kBProgress (3): 62 kB | 283/291 kB | 47 kBProgress (3): 62 kB | 287/291 kB | 47 kBProgress (3): 62 kB | 291/291 kB | 47 kBProgress (3): 62 kB | 291 kB | 47 kB                                        Downloaded from central: https://repo.maven.apache.org/maven2/org/codehaus/plexus/plexus-interpolation/1.19/plexus-interpolation-1.19.jar (62 kB at 141 kB/s)
Downloading from central: https://repo.maven.apache.org/maven2/org/apache/maven/plugins/maven-shade-plugin/3.2.4/maven-shade-plugin-3.2.4.jar
Downloaded from central: https://repo.maven.apache.org/maven2/org/eclipse/sisu/org.eclipse.sisu.inject/0.0.0.M5/org.eclipse.sisu.inject-0.0.0.M5.jar (291 kB at 649 kB/s)
Downloading from central: https://repo.maven.apache.org/maven2/org/apache/maven/shared/maven-artifact-transfer/0.12.0/maven-artifact-transfer-0.12.0.jar
Downloaded from central: https://repo.maven.apache.org/maven2/org/apache/maven/maven-plugin-api/3.6.3/maven-plugin-api-3.6.3.jar (47 kB at 104 kB/s)
Downloading from central: https://repo.maven.apache.org/maven2/org/slf4j/slf4j-api/1.7.5/slf4j-api-1.7.5.jar
Progress (1): 4.1/53 kBProgress (1): 7.7/53 kBProgress (1): 8.2/53 kBProgress (1): 12/53 kB Progress (1): 16/53 kBProgress (1): 20/53 kBProgress (1): 25/53 kBProgress (1): 29/53 kBProgress (1): 33/53 kBProgress (1): 37/53 kBProgress (1): 41/53 kBProgress (1): 45/53 kBProgress (1): 49/53 kBProgress (1): 53 kB   Progress (2): 53 kB | 4.1/134 kBProgress (2): 53 kB | 7.7/134 kBProgress (2): 53 kB | 12/134 kB Progress (2): 53 kB | 16/134 kBProgress (2): 53 kB | 20/134 kBProgress (2): 53 kB | 24/134 kBProgress (2): 53 kB | 28/134 kBProgress (2): 53 kB | 32/134 kBProgress (2): 53 kB | 36/134 kBProgress (2): 53 kB | 41/134 kBProgress (2): 53 kB | 45/134 kBProgress (2): 53 kB | 49/134 kBProgress (2): 53 kB | 53/134 kBProgress (2): 53 kB | 57/134 kBProgress (2): 53 kB | 61/134 kBProgress (2): 53 kB | 65/134 kBProgress (2): 53 kB | 69/134 kBProgress (2): 53 kB | 73/134 kBProgress (2): 53 kB | 77/134 kBProgress (2): 53 kB | 81/134 kBProgress (2): 53 kB | 86/134 kBProgress (2): 53 kB | 90/134 kBProgress (2): 53 kB | 94/134 kBProgress (2): 53 kB | 98/134 kBProgress (2): 53 kB | 102/134 kBProgress (2): 53 kB | 106/134 kBProgress (2): 53 kB | 110/134 kBProgress (2): 53 kB | 114/134 kBProgress (2): 53 kB | 118/134 kBProgress (2): 53 kB | 122/134 kBProgress (2): 53 kB | 127/134 kBProgress (2): 53 kB | 131/134 kBProgress (2): 53 kB | 134 kB    Progress (3): 53 kB | 134 kB | 4.1/262 kBProgress (4): 53 kB | 134 kB | 4.1/262 kB | 4.1/26 kBProgress (4): 53 kB | 134 kB | 4.1/262 kB | 7.7/26 kBProgress (4): 53 kB | 134 kB | 4.1/262 kB | 12/26 kB Progress (4): 53 kB | 134 kB | 4.1/262 kB | 16/26 kBProgress (4): 53 kB | 134 kB | 4.1/262 kB | 20/26 kBProgress (4): 53 kB | 134 kB | 4.1/262 kB | 24/26 kBProgress (4): 53 kB | 134 kB | 4.1/262 kB | 26 kB                                                    Downloaded from central: https://repo.maven.apache.org/maven2/org/codehaus/plexus/plexus-classworlds/2.6.0/plexus-classworlds-2.6.0.jar (53 kB at 111 kB/s)
Progress (4): 134 kB | 4.1/262 kB | 26 kB | 4.1/120 kBProgress (4): 134 kB | 4.1/262 kB | 26 kB | 7.7/120 kBProgress (4): 134 kB | 4.1/262 kB | 26 kB | 12/120 kB Progress (4): 134 kB | 4.1/262 kB | 26 kB | 16/120 kBProgress (4): 134 kB | 4.1/262 kB | 26 kB | 20/120 kBProgress (4): 134 kB | 4.1/262 kB | 26 kB | 24/120 kBProgress (4): 134 kB | 4.1/262 kB | 26 kB | 28/120 kBProgress (4): 134 kB | 4.1/262 kB | 26 kB | 32/120 kB                                                     Downloading from central: https://repo.maven.apache.org/maven2/org/ow2/asm/asm/8.0/asm-8.0.jar
Progress (4): 134 kB | 7.7/262 kB | 26 kB | 32/120 kBProgress (4): 134 kB | 12/262 kB | 26 kB | 32/120 kB Progress (4): 134 kB | 16/262 kB | 26 kB | 32/120 kBProgress (4): 134 kB | 16/262 kB | 26 kB | 36/120 kBProgress (4): 134 kB | 16/262 kB | 26 kB | 41/120 kBProgress (4): 134 kB | 16/262 kB | 26 kB | 45/120 kBProgress (4): 134 kB | 16/262 kB | 26 kB | 49/120 kBProgress (4): 134 kB | 20/262 kB | 26 kB | 49/120 kBProgress (4): 134 kB | 24/262 kB | 26 kB | 49/120 kBProgress (4): 134 kB | 28/262 kB | 26 kB | 49/120 kBProgress (4): 134 kB | 32/262 kB | 26 kB | 49/120 kBProgress (4): 134 kB | 36/262 kB | 26 kB | 49/120 kBProgress (4): 134 kB | 41/262 kB | 26 kB | 49/120 kBProgress (4): 134 kB | 45/262 kB | 26 kB | 49/120 kBProgress (4): 134 kB | 49/262 kB | 26 kB | 49/120 kBProgress (4): 134 kB | 53/262 kB | 26 kB | 49/120 kBProgress (4): 134 kB | 57/262 kB | 26 kB | 49/120 kBProgress (4): 134 kB | 61/262 kB | 26 kB | 49/120 kBProgress (4): 134 kB | 65/262 kB | 26 kB | 49/120 kBProgress (4): 134 kB | 69/262 kB | 26 kB | 49/120 kBProgress (4): 134 kB | 73/262 kB | 26 kB | 49/120 kBProgress (4): 134 kB | 77/262 kB | 26 kB | 49/120 kBProgress (4): 134 kB | 81/262 kB | 26 kB | 49/120 kBProgress (4): 134 kB | 86/262 kB | 26 kB | 49/120 kBProgress (4): 134 kB | 90/262 kB | 26 kB | 49/120 kBProgress (4): 134 kB | 94/262 kB | 26 kB | 49/120 kBProgress (4): 134 kB | 98/262 kB | 26 kB | 49/120 kBProgress (4): 134 kB | 102/262 kB | 26 kB | 49/120 kBProgress (4): 134 kB | 106/262 kB | 26 kB | 49/120 kBProgress (4): 134 kB | 110/262 kB | 26 kB | 49/120 kBProgress (4): 134 kB | 114/262 kB | 26 kB | 49/120 kBProgress (4): 134 kB | 118/262 kB | 26 kB | 49/120 kBProgress (4): 134 kB | 122/262 kB | 26 kB | 49/120 kBProgress (4): 134 kB | 127/262 kB | 26 kB | 49/120 kBProgress (4): 134 kB | 127/262 kB | 26 kB | 53/120 kBProgress (4): 134 kB | 127/262 kB | 26 kB | 57/120 kBProgress (4): 134 kB | 127/262 kB | 26 kB | 61/120 kBProgress (4): 134 kB | 127/262 kB | 26 kB | 65/120 kBProgress (4): 134 kB | 127/262 kB | 26 kB | 69/120 kBProgress (4): 134 kB | 127/262 kB | 26 kB | 73/120 kBProgress (4): 134 kB | 127/262 kB | 26 kB | 77/120 kBProgress (4): 134 kB | 127/262 kB | 26 kB | 81/120 kBProgress (4): 134 kB | 127/262 kB | 26 kB | 86/120 kBProgress (4): 134 kB | 127/262 kB | 26 kB | 90/120 kBProgress (4): 134 kB | 127/262 kB | 26 kB | 94/120 kBProgress (4): 134 kB | 127/262 kB | 26 kB | 98/120 kBProgress (4): 134 kB | 127/262 kB | 26 kB | 102/120 kBProgress (4): 134 kB | 127/262 kB | 26 kB | 106/120 kBProgress (4): 134 kB | 127/262 kB | 26 kB | 110/120 kBProgress (4): 134 kB | 127/262 kB | 26 kB | 114/120 kBProgress (4): 134 kB | 127/262 kB | 26 kB | 118/120 kBProgress (4): 134 kB | 127/262 kB | 26 kB | 120 kB    Progress (4): 134 kB | 131/262 kB | 26 kB | 120 kBProgress (4): 134 kB | 135/262 kB | 26 kB | 120 kBProgress (4): 134 kB | 139/262 kB | 26 kB | 120 kBProgress (4): 134 kB | 143/262 kB | 26 kB | 120 kBProgress (4): 134 kB | 147/262 kB | 26 kB | 120 kBProgress (4): 134 kB | 151/262 kB | 26 kB | 120 kBProgress (4): 134 kB | 155/262 kB | 26 kB | 120 kBProgress (4): 134 kB | 159/262 kB | 26 kB | 120 kBProgress (4): 134 kB | 163/262 kB | 26 kB | 120 kBProgress (4): 134 kB | 167/262 kB | 26 kB | 120 kBProgress (4): 134 kB | 172/262 kB | 26 kB | 120 kBProgress (4): 134 kB | 176/262 kB | 26 kB | 120 kBProgress (4): 134 kB | 180/262 kB | 26 kB | 120 kBProgress (4): 134 kB | 184/262 kB | 26 kB | 120 kBProgress (4): 134 kB | 188/262 kB | 26 kB | 120 kBProgress (4): 134 kB | 192/262 kB | 26 kB | 120 kBProgress (4): 134 kB | 196/262 kB | 26 kB | 120 kBProgress (4): 134 kB | 200/262 kB | 26 kB | 120 kBProgress (4): 134 kB | 204/262 kB | 26 kB | 120 kBProgress (4): 134 kB | 208/262 kB | 26 kB | 120 kBProgress (4): 134 kB | 213/262 kB | 26 kB | 120 kBProgress (4): 134 kB | 217/262 kB | 26 kB | 120 kBProgress (4): 134 kB | 221/262 kB | 26 kB | 120 kBProgress (4): 134 kB | 225/262 kB | 26 kB | 120 kBProgress (4): 134 kB | 229/262 kB | 26 kB | 120 kBProgress (4): 134 kB | 233/262 kB | 26 kB | 120 kBProgress (4): 134 kB | 237/262 kB | 26 kB | 120 kBProgress (4): 134 kB | 241/262 kB | 26 kB | 120 kBProgress (4): 134 kB | 245/262 kB | 26 kB | 120 kBProgress (4): 134 kB | 249/262 kB | 26 kB | 120 kBProgress (4): 134 kB | 254/262 kB | 26 kB | 120 kBProgress (4): 134 kB | 258/262 kB | 26 kB | 120 kBProgress (4): 134 kB | 262/262 kB | 26 kB | 120 kBProgress (4): 134 kB | 262 kB | 26 kB | 120 kB                                                  Downloaded from central: https://repo.maven.apache.org/maven2/org/apache/maven/plugins/maven-shade-plugin/3.2.4/maven-shade-plugin-3.2.4.jar (134 kB at 275 kB/s)
Downloading from central: https://repo.maven.apache.org/maven2/org/ow2/asm/asm-commons/8.0/asm-commons-8.0.jar
Downloaded from central: https://repo.maven.apache.org/maven2/org/slf4j/slf4j-api/1.7.5/slf4j-api-1.7.5.jar (26 kB at 52 kB/s)
Downloading from central: https://repo.maven.apache.org/maven2/org/ow2/asm/asm-tree/8.0/asm-tree-8.0.jar
Progress (3): 262 kB | 120 kB | 4.1/122 kBProgress (3): 262 kB | 120 kB | 7.7/122 kBProgress (3): 262 kB | 120 kB | 7.8/122 kBProgress (3): 262 kB | 120 kB | 12/122 kB Progress (3): 262 kB | 120 kB | 16/122 kBProgress (3): 262 kB | 120 kB | 20/122 kBProgress (3): 262 kB | 120 kB | 24/122 kBProgress (3): 262 kB | 120 kB | 28/122 kBProgress (3): 262 kB | 120 kB | 32/122 kBProgress (3): 262 kB | 120 kB | 36/122 kBProgress (3): 262 kB | 120 kB | 41/122 kBProgress (3): 262 kB | 120 kB | 45/122 kBProgress (3): 262 kB | 120 kB | 49/122 kBProgress (3): 262 kB | 120 kB | 53/122 kBProgress (3): 262 kB | 120 kB | 57/122 kBProgress (3): 262 kB | 120 kB | 61/122 kBProgress (3): 262 kB | 120 kB | 65/122 kBProgress (3): 262 kB | 120 kB | 69/122 kBProgress (3): 262 kB | 120 kB | 73/122 kB                                         Downloaded from central: https://repo.maven.apache.org/maven2/org/apache/maven/shared/maven-artifact-transfer/0.12.0/maven-artifact-transfer-0.12.0.jar (120 kB at 237 kB/s)
Downloading from central: https://repo.maven.apache.org/maven2/org/ow2/asm/asm-analysis/8.0/asm-analysis-8.0.jar
Progress (2): 262 kB | 77/122 kBProgress (2): 262 kB | 81/122 kBProgress (2): 262 kB | 86/122 kBProgress (2): 262 kB | 90/122 kBProgress (2): 262 kB | 94/122 kBProgress (2): 262 kB | 98/122 kBProgress (2): 262 kB | 102/122 kBProgress (2): 262 kB | 106/122 kBProgress (2): 262 kB | 110/122 kBProgress (2): 262 kB | 114/122 kBProgress (2): 262 kB | 115/122 kBProgress (2): 262 kB | 119/122 kBProgress (2): 262 kB | 122 kB                                 Downloaded from central: https://repo.maven.apache.org/maven2/org/codehaus/plexus/plexus-utils/3.2.1/plexus-utils-3.2.1.jar (262 kB at 504 kB/s)
Downloading from central: https://repo.maven.apache.org/maven2/org/jdom/jdom2/2.0.6/jdom2-2.0.6.jar
Progress (2): 122 kB | 4.1/53 kBProgress (2): 122 kB | 7.7/53 kBProgress (2): 122 kB | 12/53 kB Progress (2): 122 kB | 16/53 kBProgress (2): 122 kB | 20/53 kBProgress (2): 122 kB | 24/53 kBProgress (2): 122 kB | 28/53 kBProgress (2): 122 kB | 32/53 kBProgress (2): 122 kB | 36/53 kBProgress (2): 122 kB | 41/53 kBProgress (2): 122 kB | 45/53 kBProgress (2): 122 kB | 49/53 kBProgress (2): 122 kB | 53 kB   Progress (3): 122 kB | 53 kB | 4.1/72 kBProgress (3): 122 kB | 53 kB | 7.7/72 kBProgress (3): 122 kB | 53 kB | 12/72 kB Progress (3): 122 kB | 53 kB | 16/72 kBProgress (3): 122 kB | 53 kB | 20/72 kBProgress (3): 122 kB | 53 kB | 24/72 kBProgress (3): 122 kB | 53 kB | 28/72 kBProgress (3): 122 kB | 53 kB | 32/72 kBProgress (3): 122 kB | 53 kB | 36/72 kBProgress (3): 122 kB | 53 kB | 41/72 kBProgress (3): 122 kB | 53 kB | 45/72 kBProgress (3): 122 kB | 53 kB | 49/72 kBProgress (3): 122 kB | 53 kB | 53/72 kBProgress (3): 122 kB | 53 kB | 57/72 kBProgress (3): 122 kB | 53 kB | 61/72 kBProgress (3): 122 kB | 53 kB | 65/72 kBProgress (3): 122 kB | 53 kB | 69/72 kBProgress (3): 122 kB | 53 kB | 72 kB   Progress (4): 122 kB | 53 kB | 72 kB | 3.4/33 kBProgress (4): 122 kB | 53 kB | 72 kB | 7.5/33 kBProgress (4): 122 kB | 53 kB | 72 kB | 12/33 kB Progress (4): 122 kB | 53 kB | 72 kB | 16/33 kBProgress (4): 122 kB | 53 kB | 72 kB | 20/33 kBProgress (4): 122 kB | 53 kB | 72 kB | 24/33 kBProgress (4): 122 kB | 53 kB | 72 kB | 28/33 kBProgress (4): 122 kB | 53 kB | 72 kB | 32/33 kBProgress (4): 122 kB | 53 kB | 72 kB | 33 kB                                               Downloaded from central: https://repo.maven.apache.org/maven2/org/ow2/asm/asm/8.0/asm-8.0.jar (122 kB at 228 kB/s)
Downloading from central: https://repo.maven.apache.org/maven2/org/apache/maven/shared/maven-dependency-tree/3.0.1/maven-dependency-tree-3.0.1.jar
Downloaded from central: https://repo.maven.apache.org/maven2/org/ow2/asm/asm-analysis/8.0/asm-analysis-8.0.jar (33 kB at 61 kB/s)
Downloading from central: https://repo.maven.apache.org/maven2/org/vafer/jdependency/2.4.0/jdependency-2.4.0.jar
Progress (3): 53 kB | 72 kB | 4.1/305 kBProgress (3): 53 kB | 72 kB | 7.7/305 kBProgress (3): 53 kB | 72 kB | 12/305 kB Progress (3): 53 kB | 72 kB | 16/305 kBProgress (3): 53 kB | 72 kB | 20/305 kBProgress (3): 53 kB | 72 kB | 24/305 kBProgress (3): 53 kB | 72 kB | 28/305 kBProgress (3): 53 kB | 72 kB | 32/305 kBProgress (3): 53 kB | 72 kB | 36/305 kBProgress (3): 53 kB | 72 kB | 41/305 kBProgress (3): 53 kB | 72 kB | 45/305 kBProgress (3): 53 kB | 72 kB | 49/305 kBProgress (3): 53 kB | 72 kB | 53/305 kBProgress (3): 53 kB | 72 kB | 57/305 kBProgress (3): 53 kB | 72 kB | 61/305 kBProgress (3): 53 kB | 72 kB | 65/305 kBProgress (3): 53 kB | 72 kB | 69/305 kBProgress (3): 53 kB | 72 kB | 73/305 kBProgress (3): 53 kB | 72 kB | 77/305 kBProgress (3): 53 kB | 72 kB | 81/305 kBProgress (3): 53 kB | 72 kB | 86/305 kBProgress (3): 53 kB | 72 kB | 90/305 kBProgress (3): 53 kB | 72 kB | 94/305 kBProgress (3): 53 kB | 72 kB | 98/305 kBProgress (3): 53 kB | 72 kB | 102/305 kBProgress (3): 53 kB | 72 kB | 106/305 kBProgress (3): 53 kB | 72 kB | 110/305 kBProgress (3): 53 kB | 72 kB | 114/305 kBProgress (3): 53 kB | 72 kB | 118/305 kB                                        Downloaded from central: https://repo.maven.apache.org/maven2/org/ow2/asm/asm-commons/8.0/asm-commons-8.0.jar (72 kB at 129 kB/s)
Progress (2): 53 kB | 122/305 kB                                Downloading from central: https://repo.maven.apache.org/maven2/org/ow2/asm/asm-util/8.0/asm-util-8.0.jar
Progress (2): 53 kB | 127/305 kBProgress (2): 53 kB | 131/305 kBProgress (2): 53 kB | 135/305 kBProgress (2): 53 kB | 139/305 kBProgress (2): 53 kB | 143/305 kBProgress (2): 53 kB | 147/305 kBProgress (2): 53 kB | 151/305 kBProgress (2): 53 kB | 155/305 kBProgress (2): 53 kB | 159/305 kBProgress (2): 53 kB | 163/305 kBProgress (2): 53 kB | 167/305 kBProgress (2): 53 kB | 172/305 kBProgress (2): 53 kB | 176/305 kBProgress (2): 53 kB | 180/305 kBProgress (2): 53 kB | 184/305 kBProgress (2): 53 kB | 188/305 kBProgress (2): 53 kB | 192/305 kBProgress (2): 53 kB | 196/305 kBProgress (2): 53 kB | 200/305 kBProgress (2): 53 kB | 204/305 kBProgress (2): 53 kB | 208/305 kBProgress (2): 53 kB | 213/305 kB                                Downloaded from central: https://repo.maven.apache.org/maven2/org/ow2/asm/asm-tree/8.0/asm-tree-8.0.jar (53 kB at 94 kB/s)
Downloading from central: https://repo.maven.apache.org/maven2/com/google/guava/guava/28.2-android/guava-28.2-android.jar
Progress (1): 217/305 kBProgress (1): 221/305 kBProgress (1): 225/305 kBProgress (1): 229/305 kBProgress (1): 233/305 kBProgress (1): 237/305 kBProgress (1): 241/305 kBProgress (1): 245/305 kBProgress (1): 249/305 kBProgress (1): 254/305 kBProgress (1): 258/305 kBProgress (1): 262/305 kBProgress (1): 266/305 kBProgress (1): 270/305 kBProgress (1): 274/305 kBProgress (1): 278/305 kBProgress (2): 278/305 kB | 4.1/37 kBProgress (2): 278/305 kB | 7.7/37 kBProgress (2): 278/305 kB | 12/37 kB Progress (2): 278/305 kB | 16/37 kBProgress (2): 278/305 kB | 20/37 kBProgress (2): 278/305 kB | 24/37 kBProgress (2): 278/305 kB | 28/37 kBProgress (2): 278/305 kB | 32/37 kBProgress (2): 278/305 kB | 36/37 kBProgress (2): 278/305 kB | 37 kB   Progress (2): 282/305 kB | 37 kBProgress (2): 286/305 kB | 37 kBProgress (2): 290/305 kB | 37 kBProgress (2): 294/305 kB | 37 kBProgress (2): 299/305 kB | 37 kBProgress (2): 303/305 kB | 37 kBProgress (2): 305 kB | 37 kB    Progress (3): 305 kB | 37 kB | 4.1/180 kBProgress (3): 305 kB | 37 kB | 7.7/180 kBProgress (3): 305 kB | 37 kB | 12/180 kB Progress (3): 305 kB | 37 kB | 16/180 kBProgress (3): 305 kB | 37 kB | 20/180 kBProgress (3): 305 kB | 37 kB | 24/180 kBProgress (3): 305 kB | 37 kB | 28/180 kBProgress (3): 305 kB | 37 kB | 32/180 kBProgress (3): 305 kB | 37 kB | 36/180 kBProgress (3): 305 kB | 37 kB | 41/180 kBProgress (3): 305 kB | 37 kB | 45/180 kBProgress (3): 305 kB | 37 kB | 49/180 kBProgress (3): 305 kB | 37 kB | 53/180 kBProgress (3): 305 kB | 37 kB | 57/180 kBProgress (3): 305 kB | 37 kB | 61/180 kBProgress (3): 305 kB | 37 kB | 65/180 kBProgress (3): 305 kB | 37 kB | 69/180 kBProgress (3): 305 kB | 37 kB | 73/180 kBProgress (3): 305 kB | 37 kB | 77/180 kBProgress (3): 305 kB | 37 kB | 81/180 kBProgress (3): 305 kB | 37 kB | 86/180 kBProgress (3): 305 kB | 37 kB | 90/180 kBProgress (3): 305 kB | 37 kB | 94/180 kBProgress (3): 305 kB | 37 kB | 98/180 kBProgress (3): 305 kB | 37 kB | 102/180 kBProgress (3): 305 kB | 37 kB | 106/180 kBProgress (3): 305 kB | 37 kB | 110/180 kBProgress (3): 305 kB | 37 kB | 114/180 kBProgress (3): 305 kB | 37 kB | 118/180 kBProgress (3): 305 kB | 37 kB | 122/180 kBProgress (3): 305 kB | 37 kB | 127/180 kBProgress (3): 305 kB | 37 kB | 131/180 kBProgress (3): 305 kB | 37 kB | 135/180 kBProgress (3): 305 kB | 37 kB | 139/180 kBProgress (3): 305 kB | 37 kB | 143/180 kBProgress (3): 305 kB | 37 kB | 147/180 kBProgress (3): 305 kB | 37 kB | 151/180 kBProgress (3): 305 kB | 37 kB | 155/180 kBProgress (3): 305 kB | 37 kB | 159/180 kBProgress (3): 305 kB | 37 kB | 163/180 kBProgress (3): 305 kB | 37 kB | 167/180 kBProgress (3): 305 kB | 37 kB | 172/180 kBProgress (3): 305 kB | 37 kB | 176/180 kBProgress (3): 305 kB | 37 kB | 180/180 kBProgress (3): 305 kB | 37 kB | 180 kB                                         Downloaded from central: https://repo.maven.apache.org/maven2/org/apache/maven/shared/maven-dependency-tree/3.0.1/maven-dependency-tree-3.0.1.jar (37 kB at 63 kB/s)
Downloading from central: https://repo.maven.apache.org/maven2/com/google/guava/failureaccess/1.0.1/failureaccess-1.0.1.jar
Downloaded from central: https://repo.maven.apache.org/maven2/org/jdom/jdom2/2.0.6/jdom2-2.0.6.jar (305 kB at 519 kB/s)
Downloading from central: https://repo.maven.apache.org/maven2/com/google/guava/listenablefuture/9999.0-empty-to-avoid-conflict-with-guava/listenablefuture-9999.0-empty-to-avoid-conflict-with-guava.jar
Progress (2): 180 kB | 4.1/85 kBProgress (2): 180 kB | 7.7/85 kBProgress (2): 180 kB | 12/85 kB Progress (2): 180 kB | 16/85 kBProgress (2): 180 kB | 20/85 kBProgress (2): 180 kB | 24/85 kBProgress (2): 180 kB | 28/85 kBProgress (2): 180 kB | 32/85 kBProgress (2): 180 kB | 36/85 kBProgress (2): 180 kB | 41/85 kBProgress (2): 180 kB | 45/85 kBProgress (2): 180 kB | 49/85 kBProgress (2): 180 kB | 53/85 kBProgress (2): 180 kB | 57/85 kBProgress (2): 180 kB | 61/85 kBProgress (2): 180 kB | 65/85 kBProgress (2): 180 kB | 69/85 kBProgress (2): 180 kB | 73/85 kBProgress (2): 180 kB | 77/85 kBProgress (2): 180 kB | 81/85 kBProgress (2): 180 kB | 85 kB                               Downloaded from central: https://repo.maven.apache.org/maven2/org/vafer/jdependency/2.4.0/jdependency-2.4.0.jar (180 kB at 298 kB/s)
Downloading from central: https://repo.maven.apache.org/maven2/org/checkerframework/checker-compat-qual/2.5.5/checker-compat-qual-2.5.5.jar
Progress (2): 85 kB | 4.1/4.6 kBProgress (2): 85 kB | 4.6 kB                                Downloaded from central: https://repo.maven.apache.org/maven2/org/ow2/asm/asm-util/8.0/asm-util-8.0.jar (85 kB at 136 kB/s)
Downloading from central: https://repo.maven.apache.org/maven2/com/google/errorprone/error_prone_annotations/2.3.4/error_prone_annotations-2.3.4.jar
Progress (2): 4.6 kB | 4.1/5.9 kBProgress (2): 4.6 kB | 5.9 kB    Progress (3): 4.6 kB | 5.9 kB | 2.2 kB                                      Downloaded from central: https://repo.maven.apache.org/maven2/com/google/guava/failureaccess/1.0.1/failureaccess-1.0.1.jar (4.6 kB at 7.2 kB/s)
Downloading from central: https://repo.maven.apache.org/maven2/com/google/j2objc/j2objc-annotations/1.3/j2objc-annotations-1.3.jar
Downloaded from central: https://repo.maven.apache.org/maven2/org/checkerframework/checker-compat-qual/2.5.5/checker-compat-qual-2.5.5.jar (5.9 kB at 9.0 kB/s)
Downloading from central: https://repo.maven.apache.org/maven2/org/apache/commons/commons-lang3/3.7/commons-lang3-3.7.jar
Progress (2): 2.2 kB | 4.1/14 kBProgress (2): 2.2 kB | 7.7/14 kBProgress (2): 2.2 kB | 8.2/14 kBProgress (2): 2.2 kB | 12/14 kB Progress (2): 2.2 kB | 14 kB                               Downloaded from central: https://repo.maven.apache.org/maven2/com/google/guava/listenablefuture/9999.0-empty-to-avoid-conflict-with-guava/listenablefuture-9999.0-empty-to-avoid-conflict-with-guava.jar (2.2 kB at 3.4 kB/s)
Progress (2): 14 kB | 4.1/500 kBProgress (2): 14 kB | 7.7/500 kBProgress (2): 14 kB | 12/500 kB Progress (2): 14 kB | 16/500 kBProgress (2): 14 kB | 20/500 kBProgress (2): 14 kB | 24/500 kBProgress (2): 14 kB | 28/500 kBProgress (2): 14 kB | 32/500 kBProgress (2): 14 kB | 36/500 kBProgress (2): 14 kB | 41/500 kBProgress (2): 14 kB | 45/500 kBProgress (2): 14 kB | 49/500 kBProgress (2): 14 kB | 53/500 kBProgress (2): 14 kB | 57/500 kBProgress (2): 14 kB | 61/500 kBProgress (2): 14 kB | 65/500 kBProgress (2): 14 kB | 69/500 kBProgress (2): 14 kB | 73/500 kBProgress (2): 14 kB | 77/500 kBProgress (2): 14 kB | 81/500 kBProgress (2): 14 kB | 86/500 kBProgress (2): 14 kB | 90/500 kBProgress (2): 14 kB | 94/500 kBProgress (3): 14 kB | 94/500 kB | 4.1/8.8 kBProgress (3): 14 kB | 94/500 kB | 7.7/8.8 kBProgress (3): 14 kB | 94/500 kB | 8.8 kB    Progress (3): 14 kB | 98/500 kB | 8.8 kBProgress (3): 14 kB | 102/500 kB | 8.8 kBProgress (3): 14 kB | 106/500 kB | 8.8 kBProgress (3): 14 kB | 110/500 kB | 8.8 kBProgress (3): 14 kB | 114/500 kB | 8.8 kBProgress (3): 14 kB | 118/500 kB | 8.8 kBProgress (3): 14 kB | 122/500 kB | 8.8 kBProgress (3): 14 kB | 127/500 kB | 8.8 kBProgress (3): 14 kB | 131/500 kB | 8.8 kBProgress (3): 14 kB | 135/500 kB | 8.8 kBProgress (3): 14 kB | 139/500 kB | 8.8 kBProgress (3): 14 kB | 143/500 kB | 8.8 kBProgress (3): 14 kB | 147/500 kB | 8.8 kBProgress (3): 14 kB | 151/500 kB | 8.8 kBProgress (3): 14 kB | 155/500 kB | 8.8 kBProgress (3): 14 kB | 159/500 kB | 8.8 kBProgress (3): 14 kB | 163/500 kB | 8.8 kBProgress (3): 14 kB | 167/500 kB | 8.8 kBProgress (3): 14 kB | 172/500 kB | 8.8 kBProgress (3): 14 kB | 176/500 kB | 8.8 kBProgress (3): 14 kB | 180/500 kB | 8.8 kBProgress (3): 14 kB | 184/500 kB | 8.8 kBProgress (3): 14 kB | 188/500 kB | 8.8 kBProgress (3): 14 kB | 192/500 kB | 8.8 kBProgress (3): 14 kB | 196/500 kB | 8.8 kBProgress (3): 14 kB | 200/500 kB | 8.8 kBProgress (3): 14 kB | 204/500 kB | 8.8 kBProgress (3): 14 kB | 208/500 kB | 8.8 kBProgress (3): 14 kB | 213/500 kB | 8.8 kBProgress (3): 14 kB | 217/500 kB | 8.8 kBProgress (3): 14 kB | 221/500 kB | 8.8 kBProgress (3): 14 kB | 225/500 kB | 8.8 kBProgress (3): 14 kB | 229/500 kB | 8.8 kBProgress (3): 14 kB | 233/500 kB | 8.8 kBProgress (3): 14 kB | 237/500 kB | 8.8 kBProgress (3): 14 kB | 241/500 kB | 8.8 kBProgress (3): 14 kB | 245/500 kB | 8.8 kBProgress (3): 14 kB | 249/500 kB | 8.8 kBProgress (3): 14 kB | 254/500 kB | 8.8 kBProgress (3): 14 kB | 258/500 kB | 8.8 kBProgress (3): 14 kB | 262/500 kB | 8.8 kBProgress (3): 14 kB | 266/500 kB | 8.8 kBProgress (3): 14 kB | 270/500 kB | 8.8 kBProgress (3): 14 kB | 274/500 kB | 8.8 kBProgress (3): 14 kB | 278/500 kB | 8.8 kBProgress (3): 14 kB | 282/500 kB | 8.8 kBProgress (3): 14 kB | 286/500 kB | 8.8 kBProgress (3): 14 kB | 290/500 kB | 8.8 kBProgress (3): 14 kB | 294/500 kB | 8.8 kBProgress (3): 14 kB | 299/500 kB | 8.8 kBProgress (3): 14 kB | 303/500 kB | 8.8 kBProgress (3): 14 kB | 307/500 kB | 8.8 kBProgress (3): 14 kB | 311/500 kB | 8.8 kBProgress (3): 14 kB | 315/500 kB | 8.8 kBProgress (3): 14 kB | 319/500 kB | 8.8 kBProgress (3): 14 kB | 323/500 kB | 8.8 kBProgress (3): 14 kB | 327/500 kB | 8.8 kBProgress (3): 14 kB | 331/500 kB | 8.8 kBProgress (3): 14 kB | 335/500 kB | 8.8 kBProgress (3): 14 kB | 340/500 kB | 8.8 kBProgress (3): 14 kB | 344/500 kB | 8.8 kBProgress (3): 14 kB | 348/500 kB | 8.8 kBProgress (3): 14 kB | 352/500 kB | 8.8 kBProgress (3): 14 kB | 356/500 kB | 8.8 kBProgress (3): 14 kB | 360/500 kB | 8.8 kBProgress (3): 14 kB | 364/500 kB | 8.8 kBProgress (3): 14 kB | 368/500 kB | 8.8 kBProgress (3): 14 kB | 372/500 kB | 8.8 kBProgress (3): 14 kB | 376/500 kB | 8.8 kBProgress (3): 14 kB | 380/500 kB | 8.8 kBProgress (3): 14 kB | 385/500 kB | 8.8 kBProgress (3): 14 kB | 389/500 kB | 8.8 kBProgress (3): 14 kB | 393/500 kB | 8.8 kBProgress (3): 14 kB | 397/500 kB | 8.8 kBProgress (3): 14 kB | 401/500 kB | 8.8 kBProgress (3): 14 kB | 405/500 kB | 8.8 kBProgress (3): 14 kB | 409/500 kB | 8.8 kBProgress (3): 14 kB | 413/500 kB | 8.8 kBProgress (3): 14 kB | 417/500 kB | 8.8 kBProgress (3): 14 kB | 421/500 kB | 8.8 kBProgress (3): 14 kB | 426/500 kB | 8.8 kBProgress (3): 14 kB | 430/500 kB | 8.8 kBProgress (3): 14 kB | 434/500 kB | 8.8 kBProgress (3): 14 kB | 438/500 kB | 8.8 kBProgress (3): 14 kB | 442/500 kB | 8.8 kBProgress (3): 14 kB | 446/500 kB | 8.8 kBProgress (3): 14 kB | 450/500 kB | 8.8 kBProgress (3): 14 kB | 454/500 kB | 8.8 kBProgress (3): 14 kB | 458/500 kB | 8.8 kBProgress (3): 14 kB | 462/500 kB | 8.8 kBProgress (3): 14 kB | 466/500 kB | 8.8 kBProgress (3): 14 kB | 471/500 kB | 8.8 kBProgress (3): 14 kB | 475/500 kB | 8.8 kB                                         Downloaded from central: https://repo.maven.apache.org/maven2/com/google/guava/guava/28.2-android/guava-28.2-android.jar (0 B at 0 B/s)
Progress (3): 14 kB | 479/500 kB | 8.8 kBProgress (3): 14 kB | 483/500 kB | 8.8 kBProgress (3): 14 kB | 487/500 kB | 8.8 kBProgress (3): 14 kB | 491/500 kB | 8.8 kBProgress (3): 14 kB | 495/500 kB | 8.8 kBProgress (3): 14 kB | 499/500 kB | 8.8 kBProgress (3): 14 kB | 500 kB | 8.8 kB                                         Downloaded from central: https://repo.maven.apache.org/maven2/com/google/errorprone/error_prone_annotations/2.3.4/error_prone_annotations-2.3.4.jar (14 kB at 20 kB/s)
Downloaded from central: https://repo.maven.apache.org/maven2/com/google/j2objc/j2objc-annotations/1.3/j2objc-annotations-1.3.jar (8.8 kB at 13 kB/s)
Downloaded from central: https://repo.maven.apache.org/maven2/org/apache/commons/commons-lang3/3.7/commons-lang3-3.7.jar (500 kB at 683 kB/s)
[INFO] Replacing main artifact with repackaged archive
[INFO] 
[INFO] --- jacoco-maven-plugin:0.8.7:report (jacoco-site) @ database_service_project ---
[INFO] Loading execution data file /var/lib/jenkins/workspace/MB-JB-01_feature-1/target/jacoco.exec
[INFO] Analyzed bundle 'database_service_project' with 9 classes
[INFO] 
[INFO] --- maven-install-plugin:2.5.2:install (default-install) @ database_service_project ---
Downloading from central: https://repo.maven.apache.org/maven2/junit/junit/3.8.1/junit-3.8.1.pom
Progress (1): 998 B                   Downloaded from central: https://repo.maven.apache.org/maven2/junit/junit/3.8.1/junit-3.8.1.pom (998 B at 17 kB/s)
Downloading from central: https://repo.maven.apache.org/maven2/commons-codec/commons-codec/1.6/commons-codec-1.6.pom
Progress (1): 752 BProgress (1): 2.1 kBProgress (1): 4.4 kBProgress (1): 6.6 kBProgress (1): 9.2 kBProgress (1): 11 kB                    Downloaded from central: https://repo.maven.apache.org/maven2/commons-codec/commons-codec/1.6/commons-codec-1.6.pom (11 kB at 203 kB/s)
Downloading from central: https://repo.maven.apache.org/maven2/org/apache/commons/commons-parent/22/commons-parent-22.pom
Progress (1): 724 BProgress (1): 1.9 kBProgress (1): 3.4 kBProgress (1): 7.0 kBProgress (1): 9.8 kBProgress (1): 14 kB Progress (1): 17 kBProgress (1): 19 kBProgress (1): 23 kBProgress (1): 27 kBProgress (1): 30 kBProgress (1): 33 kBProgress (1): 36 kBProgress (1): 38 kBProgress (1): 41 kBProgress (1): 42 kB                   Downloaded from central: https://repo.maven.apache.org/maven2/org/apache/commons/commons-parent/22/commons-parent-22.pom (42 kB at 762 kB/s)
Downloading from central: https://repo.maven.apache.org/maven2/org/apache/maven/shared/maven-shared-utils/0.4/maven-shared-utils-0.4.pom
Progress (1): 1.2 kBProgress (1): 3.7 kBProgress (1): 4.0 kB                    Downloaded from central: https://repo.maven.apache.org/maven2/org/apache/maven/shared/maven-shared-utils/0.4/maven-shared-utils-0.4.pom (4.0 kB at 74 kB/s)
Downloading from central: https://repo.maven.apache.org/maven2/junit/junit/3.8.1/junit-3.8.1.jar
Downloading from central: https://repo.maven.apache.org/maven2/commons-codec/commons-codec/1.6/commons-codec-1.6.jar
Downloading from central: https://repo.maven.apache.org/maven2/org/apache/maven/shared/maven-shared-utils/0.4/maven-shared-utils-0.4.jar
Downloading from central: https://repo.maven.apache.org/maven2/com/google/code/findbugs/jsr305/2.0.1/jsr305-2.0.1.jar
Downloading from central: https://repo.maven.apache.org/maven2/org/codehaus/plexus/plexus-utils/3.0.15/plexus-utils-3.0.15.jar
Progress (1): 4.1/239 kBProgress (1): 7.7/239 kBProgress (1): 12/239 kB Progress (1): 16/239 kBProgress (1): 20/239 kBProgress (1): 24/239 kBProgress (1): 28/239 kBProgress (1): 32/239 kBProgress (1): 36/239 kBProgress (1): 41/239 kBProgress (1): 45/239 kBProgress (1): 49/239 kBProgress (1): 53/239 kBProgress (1): 57/239 kBProgress (1): 61/239 kBProgress (1): 65/239 kBProgress (1): 69/239 kBProgress (1): 73/239 kBProgress (1): 77/239 kBProgress (1): 81/239 kBProgress (1): 86/239 kBProgress (1): 90/239 kBProgress (1): 94/239 kBProgress (1): 98/239 kBProgress (1): 102/239 kBProgress (1): 106/239 kBProgress (1): 110/239 kBProgress (1): 114/239 kBProgress (1): 118/239 kBProgress (1): 122/239 kBProgress (1): 127/239 kBProgress (1): 131/239 kBProgress (1): 135/239 kBProgress (1): 139/239 kBProgress (1): 143/239 kBProgress (1): 147/239 kBProgress (1): 151/239 kBProgress (1): 155/239 kBProgress (1): 159/239 kBProgress (1): 163/239 kBProgress (1): 167/239 kBProgress (1): 172/239 kBProgress (1): 176/239 kBProgress (1): 180/239 kBProgress (1): 184/239 kBProgress (1): 188/239 kBProgress (1): 192/239 kBProgress (2): 192/239 kB | 4.1/121 kBProgress (2): 192/239 kB | 7.7/121 kBProgress (2): 192/239 kB | 12/121 kB Progress (2): 192/239 kB | 16/121 kBProgress (2): 192/239 kB | 20/121 kBProgress (2): 192/239 kB | 24/121 kBProgress (2): 192/239 kB | 28/121 kBProgress (2): 192/239 kB | 32/121 kBProgress (2): 192/239 kB | 36/121 kBProgress (2): 192/239 kB | 40/121 kBProgress (2): 192/239 kB | 44/121 kBProgress (2): 192/239 kB | 48/121 kBProgress (2): 192/239 kB | 49/121 kBProgress (2): 192/239 kB | 53/121 kBProgress (2): 192/239 kB | 57/121 kBProgress (2): 192/239 kB | 61/121 kBProgress (2): 192/239 kB | 66/121 kBProgress (2): 192/239 kB | 70/121 kBProgress (2): 192/239 kB | 74/121 kBProgress (2): 192/239 kB | 78/121 kBProgress (2): 192/239 kB | 82/121 kBProgress (2): 192/239 kB | 86/121 kBProgress (2): 192/239 kB | 90/121 kBProgress (2): 192/239 kB | 94/121 kBProgress (2): 192/239 kB | 98/121 kBProgress (2): 192/239 kB | 102/121 kBProgress (2): 192/239 kB | 106/121 kBProgress (2): 196/239 kB | 106/121 kBProgress (2): 200/239 kB | 106/121 kBProgress (2): 204/239 kB | 106/121 kBProgress (2): 208/239 kB | 106/121 kBProgress (2): 213/239 kB | 106/121 kBProgress (2): 217/239 kB | 106/121 kBProgress (2): 221/239 kB | 106/121 kBProgress (2): 225/239 kB | 106/121 kBProgress (2): 229/239 kB | 106/121 kBProgress (2): 233/239 kB | 106/121 kBProgress (2): 237/239 kB | 106/121 kBProgress (2): 239 kB | 106/121 kB    Progress (3): 239 kB | 106/121 kB | 4.1/32 kBProgress (4): 239 kB | 106/121 kB | 4.1/32 kB | 4.1/233 kBProgress (4): 239 kB | 106/121 kB | 4.1/32 kB | 7.7/233 kBProgress (4): 239 kB | 106/121 kB | 4.1/32 kB | 12/233 kB Progress (4): 239 kB | 106/121 kB | 4.1/32 kB | 16/233 kBProgress (4): 239 kB | 106/121 kB | 4.1/32 kB | 20/233 kBProgress (4): 239 kB | 106/121 kB | 4.1/32 kB | 24/233 kBProgress (4): 239 kB | 106/121 kB | 4.1/32 kB | 28/233 kBProgress (4): 239 kB | 106/121 kB | 4.1/32 kB | 32/233 kBProgress (4): 239 kB | 106/121 kB | 4.1/32 kB | 36/233 kBProgress (4): 239 kB | 106/121 kB | 4.1/32 kB | 41/233 kBProgress (4): 239 kB | 106/121 kB | 4.1/32 kB | 45/233 kBProgress (4): 239 kB | 106/121 kB | 4.1/32 kB | 49/233 kBProgress (4): 239 kB | 106/121 kB | 7.7/32 kB | 49/233 kBProgress (4): 239 kB | 111/121 kB | 7.7/32 kB | 49/233 kBProgress (5): 239 kB | 111/121 kB | 7.7/32 kB | 49/233 kB | 4.1/155 kBProgress (5): 239 kB | 111/121 kB | 7.7/32 kB | 49/233 kB | 7.7/155 kBProgress (5): 239 kB | 111/121 kB | 7.7/32 kB | 49/233 kB | 12/155 kB Progress (5): 239 kB | 111/121 kB | 12/32 kB | 49/233 kB | 12/155 kB Progress (5): 239 kB | 111/121 kB | 16/32 kB | 49/233 kB | 12/155 kBProgress (5): 239 kB | 111/121 kB | 16/32 kB | 53/233 kB | 12/155 kBProgress (5): 239 kB | 111/121 kB | 16/32 kB | 57/233 kB | 12/155 kBProgress (5): 239 kB | 111/121 kB | 16/32 kB | 61/233 kB | 12/155 kBProgress (5): 239 kB | 111/121 kB | 20/32 kB | 61/233 kB | 12/155 kBProgress (5): 239 kB | 111/121 kB | 20/32 kB | 61/233 kB | 16/155 kBProgress (5): 239 kB | 115/121 kB | 20/32 kB | 61/233 kB | 16/155 kBProgress (5): 239 kB | 115/121 kB | 20/32 kB | 61/233 kB | 20/155 kBProgress (5): 239 kB | 115/121 kB | 24/32 kB | 61/233 kB | 20/155 kBProgress (5): 239 kB | 115/121 kB | 24/32 kB | 65/233 kB | 20/155 kBProgress (5): 239 kB | 115/121 kB | 28/32 kB | 65/233 kB | 20/155 kBProgress (5): 239 kB | 115/121 kB | 32 kB | 65/233 kB | 20/155 kB   Progress (5): 239 kB | 115/121 kB | 32 kB | 69/233 kB | 20/155 kBProgress (5): 239 kB | 115/121 kB | 32 kB | 73/233 kB | 20/155 kBProgress (5): 239 kB | 115/121 kB | 32 kB | 77/233 kB | 20/155 kBProgress (5): 239 kB | 115/121 kB | 32 kB | 81/233 kB | 20/155 kBProgress (5): 239 kB | 115/121 kB | 32 kB | 81/233 kB | 24/155 kBProgress (5): 239 kB | 115/121 kB | 32 kB | 81/233 kB | 28/155 kBProgress (5): 239 kB | 115/121 kB | 32 kB | 81/233 kB | 32/155 kBProgress (5): 239 kB | 115/121 kB | 32 kB | 81/233 kB | 36/155 kBProgress (5): 239 kB | 115/121 kB | 32 kB | 81/233 kB | 41/155 kBProgress (5): 239 kB | 115/121 kB | 32 kB | 81/233 kB | 45/155 kBProgress (5): 239 kB | 115/121 kB | 32 kB | 81/233 kB | 49/155 kBProgress (5): 239 kB | 115/121 kB | 32 kB | 81/233 kB | 53/155 kBProgress (5): 239 kB | 115/121 kB | 32 kB | 81/233 kB | 57/155 kBProgress (5): 239 kB | 115/121 kB | 32 kB | 81/233 kB | 61/155 kBProgress (5): 239 kB | 115/121 kB | 32 kB | 81/233 kB | 65/155 kBProgress (5): 239 kB | 115/121 kB | 32 kB | 81/233 kB | 69/155 kBProgress (5): 239 kB | 115/121 kB | 32 kB | 81/233 kB | 73/155 kBProgress (5): 239 kB | 115/121 kB | 32 kB | 81/233 kB | 77/155 kBProgress (5): 239 kB | 115/121 kB | 32 kB | 81/233 kB | 81/155 kBProgress (5): 239 kB | 115/121 kB | 32 kB | 81/233 kB | 86/155 kBProgress (5): 239 kB | 115/121 kB | 32 kB | 81/233 kB | 90/155 kBProgress (5): 239 kB | 115/121 kB | 32 kB | 81/233 kB | 94/155 kBProgress (5): 239 kB | 115/121 kB | 32 kB | 81/233 kB | 98/155 kBProgress (5): 239 kB | 115/121 kB | 32 kB | 81/233 kB | 102/155 kBProgress (5): 239 kB | 119/121 kB | 32 kB | 81/233 kB | 102/155 kBProgress (5): 239 kB | 121 kB | 32 kB | 81/233 kB | 102/155 kB    Progress (5): 239 kB | 121 kB | 32 kB | 86/233 kB | 102/155 kBProgress (5): 239 kB | 121 kB | 32 kB | 90/233 kB | 102/155 kBProgress (5): 239 kB | 121 kB | 32 kB | 94/233 kB | 102/155 kBProgress (5): 239 kB | 121 kB | 32 kB | 98/233 kB | 102/155 kBProgress (5): 239 kB | 121 kB | 32 kB | 102/233 kB | 102/155 kBProgress (5): 239 kB | 121 kB | 32 kB | 106/233 kB | 102/155 kBProgress (5): 239 kB | 121 kB | 32 kB | 110/233 kB | 102/155 kBProgress (5): 239 kB | 121 kB | 32 kB | 114/233 kB | 102/155 kBProgress (5): 239 kB | 121 kB | 32 kB | 118/233 kB | 102/155 kBProgress (5): 239 kB | 121 kB | 32 kB | 122/233 kB | 102/155 kBProgress (5): 239 kB | 121 kB | 32 kB | 127/233 kB | 102/155 kBProgress (5): 239 kB | 121 kB | 32 kB | 127/233 kB | 106/155 kBProgress (5): 239 kB | 121 kB | 32 kB | 127/233 kB | 110/155 kBProgress (5): 239 kB | 121 kB | 32 kB | 127/233 kB | 114/155 kBProgress (5): 239 kB | 121 kB | 32 kB | 127/233 kB | 118/155 kBProgress (5): 239 kB | 121 kB | 32 kB | 127/233 kB | 122/155 kBProgress (5): 239 kB | 121 kB | 32 kB | 127/233 kB | 127/155 kBProgress (5): 239 kB | 121 kB | 32 kB | 127/233 kB | 131/155 kBProgress (5): 239 kB | 121 kB | 32 kB | 127/233 kB | 135/155 kBProgress (5): 239 kB | 121 kB | 32 kB | 127/233 kB | 139/155 kBProgress (5): 239 kB | 121 kB | 32 kB | 127/233 kB | 143/155 kBProgress (5): 239 kB | 121 kB | 32 kB | 127/233 kB | 147/155 kBProgress (5): 239 kB | 121 kB | 32 kB | 127/233 kB | 151/155 kBProgress (5): 239 kB | 121 kB | 32 kB | 127/233 kB | 155/155 kBProgress (5): 239 kB | 121 kB | 32 kB | 127/233 kB | 155 kB    Progress (5): 239 kB | 121 kB | 32 kB | 131/233 kB | 155 kBProgress (5): 239 kB | 121 kB | 32 kB | 135/233 kB | 155 kBProgress (5): 239 kB | 121 kB | 32 kB | 139/233 kB | 155 kBProgress (5): 239 kB | 121 kB | 32 kB | 143/233 kB | 155 kBProgress (5): 239 kB | 121 kB | 32 kB | 147/233 kB | 155 kBProgress (5): 239 kB | 121 kB | 32 kB | 151/233 kB | 155 kBProgress (5): 239 kB | 121 kB | 32 kB | 155/233 kB | 155 kBProgress (5): 239 kB | 121 kB | 32 kB | 159/233 kB | 155 kBProgress (5): 239 kB | 121 kB | 32 kB | 163/233 kB | 155 kBProgress (5): 239 kB | 121 kB | 32 kB | 167/233 kB | 155 kBProgress (5): 239 kB | 121 kB | 32 kB | 172/233 kB | 155 kBProgress (5): 239 kB | 121 kB | 32 kB | 176/233 kB | 155 kBProgress (5): 239 kB | 121 kB | 32 kB | 180/233 kB | 155 kBProgress (5): 239 kB | 121 kB | 32 kB | 184/233 kB | 155 kBProgress (5): 239 kB | 121 kB | 32 kB | 188/233 kB | 155 kBProgress (5): 239 kB | 121 kB | 32 kB | 192/233 kB | 155 kBProgress (5): 239 kB | 121 kB | 32 kB | 196/233 kB | 155 kBProgress (5): 239 kB | 121 kB | 32 kB | 200/233 kB | 155 kBProgress (5): 239 kB | 121 kB | 32 kB | 204/233 kB | 155 kBProgress (5): 239 kB | 121 kB | 32 kB | 208/233 kB | 155 kBProgress (5): 239 kB | 121 kB | 32 kB | 213/233 kB | 155 kBProgress (5): 239 kB | 121 kB | 32 kB | 217/233 kB | 155 kBProgress (5): 239 kB | 121 kB | 32 kB | 221/233 kB | 155 kBProgress (5): 239 kB | 121 kB | 32 kB | 225/233 kB | 155 kBProgress (5): 239 kB | 121 kB | 32 kB | 229/233 kB | 155 kBProgress (5): 239 kB | 121 kB | 32 kB | 233 kB | 155 kB                                                           Downloaded from central: https://repo.maven.apache.org/maven2/org/codehaus/plexus/plexus-utils/3.0.15/plexus-utils-3.0.15.jar (239 kB at 4.2 MB/s)
Downloaded from central: https://repo.maven.apache.org/maven2/junit/junit/3.8.1/junit-3.8.1.jar (121 kB at 1.8 MB/s)
Downloaded from central: https://repo.maven.apache.org/maven2/commons-codec/commons-codec/1.6/commons-codec-1.6.jar (233 kB at 3.3 MB/s)
Downloaded from central: https://repo.maven.apache.org/maven2/com/google/code/findbugs/jsr305/2.0.1/jsr305-2.0.1.jar (32 kB at 455 kB/s)
Downloaded from central: https://repo.maven.apache.org/maven2/org/apache/maven/shared/maven-shared-utils/0.4/maven-shared-utils-0.4.jar (155 kB at 2.1 MB/s)
[INFO] Installing /var/lib/jenkins/workspace/MB-JB-01_feature-1/target/database_service_project-0.0.5-SNAPSHOT.jar to /var/lib/jenkins/.m2/repository/com/javaproject/database_service_project/0.0.5-SNAPSHOT/database_service_project-0.0.5-SNAPSHOT.jar
[INFO] Installing /var/lib/jenkins/workspace/MB-JB-01_feature-1/pom.xml to /var/lib/jenkins/.m2/repository/com/javaproject/database_service_project/0.0.5-SNAPSHOT/database_service_project-0.0.5-SNAPSHOT.pom
[INFO] ------------------------------------------------------------------------
[INFO] BUILD SUCCESS
[INFO] ------------------------------------------------------------------------
[INFO] Total time:  21.198 s
[INFO] Finished at: 2026-02-09T18:31:24Z
[INFO] ------------------------------------------------------------------------
[8mha:////4CQWr/SygieJRHNTh59ZNMoraUurt7qFsY8/3+VrgAWlAAAAox+LCAAAAAAAAP9tjTESwiAURH/iWNhaeghSZSwcK1uGxhNggghh/idAJJUn8mreQTQzVm6xs2+b93zBOgY4UtDMKhwMxs4w7yZdFssUhqujzCxdWEcYySkmVBbUq9OCgpKCJVUNKw4bhZ2jaFAn2HIr77JxEnVzTqF8Bw616Ud4QMWLOcmQvjAH2N2mPhL+PH8FMHufoG73n2rfmYKm674AAAA=[0m[Pipeline] }
[8mha:////4PaMcFiJdhAzAbdgbUNH1ZxdoFQBVnLsMmdkbfntMQ6bAAAApR+LCAAAAAAAAP9tjTEOwjAQBC9BFLSUPOLSgISEqNJabniBiY1xYt0Z2yGpeBFf4w8EIlGxxWpnm3m+YJkiHDlabA11jlLjMPjeTgsHjt3F84Atn7FhSuwNSjNI1qaeUXI2MKcoYSFgZajxnBzZDGvRqruqvCJbnXKcvoOA0ukbPKAQkzmrmL8wRthce52Yfp6/AhhDyFDu9p/avgHaAPdtvgAAAA==[0m[Pipeline] // withEnv
[8mha:////4MRuD4Pkan57I8StDsjXK0y5LcXNMK4AmvwS4TrCgFT4AAAApR+LCAAAAAAAAP9tjTEOwjAQBC9BFLSUPOLSQBEhqrRWGl5gYmOcWHfGdkgqXsTX+AMWkajYYrWzzbzesI4BThwM9poGS7Gz6N1o8sKJw3B1PGHPF+yYIjuNrZ5aVrpZsOWkYUlRwkrARlPnOFoyCbailw9ZOUmmOqeQv6OA0qo7PKEQ2ZxkSF+YA+xuo4pMP89fAczeJygPda59/QGDngHBvgAAAA==[0m[Pipeline] }
[8mha:////4HP1XRnfepjylJzikQldfF3lMFQyRauU8ps8zaKL2vBpAAAAph+LCAAAAAAAAP9tjTEOwjAQBC9BFLSUPOJCgRASSkVrueEFJjHGiXUXbAen4kV8jT9gEYmKLVY728zrDcvgoWZvsNPUWwqNxcGNJi9M7Pur44QdX7BhCuw0Sp0kt/o0o+SoYU5RwkLASlPjOFgyEdaiUw9VOUWmOkefv6OA0rZ3eEIhsjkqH78wedjcxjYw/Tx/BTANQ4Ryv821O3wAQOXhoL4AAAA=[0m[Pipeline] // stage
[8mha:////4BrCM9tdXE7DG1mpZwNqh4iEir0nRnAbz0Bg4Uwp/3qOAAAAqB+LCAAAAAAAAP9tjTEOwjAUQ3+LOrAycohUZWBBTF2jLpwgNCEkjf4vSUo6cSKuxh0IVGLCg2Vbst7zBVXwcCSvmVU4GAy9YaObdE4skR8ujhKzdGY9YSCnWKdSR1K1S+0oKlhUlLDisFbYOwoGdYQNt+IuaidQ16fo83bgUBp5gwcUPJOj8PFbZg/b6yQD4Y/zFwDzGKHcNdn2zedZvQG/kgevwgAAAA==[0m[Pipeline] stage
[8mha:////4H118qDHNnllbRxbuiXmnypE6MbmFFh+yPluWWSCtr/EAAAApx+LCAAAAAAAAP9tjTEOwjAUQ3+LOrAycohUMLAgpq5RFk4QmhDSRv+Xn5R24kRcjTvQUokJD5ZtyXqvNxSR4UTsRGOx9RhrL7rQuymJgbi9BhpEQxdRE0YKVig7KDK2WqqiZGFRlsNKwtpiHSh6dAk2stEPXQaNrjwnnrajhNybOzwhkxM5aU7fMjJsb72JhD/OXwCMXYL8sJttPz+LD27blSrCAAAA[0m[Pipeline] { (deploy)
[8mha:////4BgeWj90MSz+WpiONO6gZZ6QhMvHu3H1Q53uS3Z5lSYvAAAApR+LCAAAAAAAAP9tjTEOwjAQBC9BFLSUPOIigUSDqNJabniBiY1xYt0Z2yGpeBFf4w8EIlGxxWpnm3m+YJkiHDlabA11jlLjMPjeTgsHjt3F84Atn7FhSuwNSjNI1qaeUXI2MKcoYSFgZajxnBzZDGvRqruqvCJbnXKcvoOA0ukbPKAQkzmrmL8wRthce52Yfp6/AhhDhnK//dQuvAHlNhISvgAAAA==[0m[Pipeline] tool
[8mha:////4CUkyPp/kTuJkDA03TrFxqJczBwfBu5u3A06H5JJWi+lAAAApR+LCAAAAAAAAP9tjTEOwjAQBC9BFLSUPOIiIUSDqNJabniBiY1xYt0Z2yGpeBFf4w8EIlGxxWpnm3m+YJkiHDlabA11jlLjMPjeTgsHjt3F84Atn7FhSuwNSjNI1qaeUXI2MKcoYSFgZajxnBzZDGvRqruqvCJbnXKcvoOA0ukbPKAQkzmrmL8wRthce52Yfp6/AhhDhnK//dQuvAEioFNdvgAAAA==[0m[Pipeline] envVarsForTool
[8mha:////4OY234+UKQ85Y+ughTO8HHNW9e4hRcUcyC/yRF2zm3VTAAAApR+LCAAAAAAAAP9tjTEOwjAQBC9BFLSUPOIiIUGDqNJabniBiY1xYt0Z2yGpeBFf4w8EIlGxxWpnm3m+YJkiHDlabA11jlLjMPjeTgsHjt3F84Atn7FhSuwNSjNI1qaeUXI2MKcoYSFgZajxnBzZDGvRqruqvCJbnXKcvoOA0ukbPKAQkzmrmL8wRthce52Yfp6/AhhDhnK//dQuvAFjkUhEvgAAAA==[0m[Pipeline] tool
[8mha:////4NvbNorwR3hk9vvNIwvkX8lk1WitvMdxHKz7GrfMoSdIAAAApB+LCAAAAAAAAP9tjTEOwjAQBC9BFLSUPOIiUaRBVLRWGl5gEmPsWHeO7eBUvIiv8QcCkajYYrWzzTxfsI4Bjhw0WkW9odga9G7U88LMob86zmj5gi1TZKewUbnhTp0WbDgpWFKUsBKwUdQ6joZ0gq2w8i4rJ0lX5xTm7yCgNN0ADyjEbE4ypC9MAXa3sYtMP89fAUw+QVnvP1X7N6DCZW++AAAA[0m[Pipeline] envVarsForTool
[8mha:////4A12qy+jlmWG1+PATrl1skzZmC7P4CLbg3wPHX3la2qPAAAAqB+LCAAAAAAAAP9tjTEOwjAUQ3+LOrAycohUYoABMXWNsnCC0ISQNvq//KS0EyfiatyBlkpMeLBsS9Z7vaGIDCdiJxqLrcdYe9GF3k1JDMTtNdAgGrqImjBSsELZQZGx1VIVJQuLshxWEtYW60DRo0uwkY1+6DJodOU58bQdJeTe3OEJmZzISXP6lpFhe+tNJPxx/gJg7BLk+91sh/lZfADcLLrjwgAAAA==[0m[Pipeline] withEnv
[8mha:////4GpYU1mkDJY8yzE4tZUy+Vmmbmuh/UgTA/97ndnSy809AAAApx+LCAAAAAAAAP9tjTEOwjAUQ3+LOrAycoh0AyTE1DXKwglCE0La6P/yk9JOnIircQdaKjHhwbItWe/1hiIynIidaCy2HmPtRRd6NyUxELfXQINo6CJqwkjBCmUHRcZWS1WULCzKclhJWFusA0WPLsFGNvqhy6DRlefE03aUkHtzhydkciInzelbRobtrTeR8Mf5C4CxS5Dv9rMd5mfxAUsyu2PCAAAA[0m[Pipeline] {
[8mha:////4Cww3Bq22QeWimC04UXSE/tjHm5tVLqDkR+RcWWtyeXQAAAApB+LCAAAAAAAAP9tjTEOwjAQBC9BFLSUPOLSIRCiSmu54QUmNsaJdWdsh6TiRXyNPxCIRMUWq51t5vmCZYpw5GixNdQ5So3D4Hs7LRw4dhfPA7Z8xoYpsTcozSBZm3pGydnAnKKEhYCVocZzcmQzrEWr7qryimx1ynH6DgJKp2/wgEJM5qxi/sIYYXPtdWL6ef4KYAwZyu3uU/vwBiGBjUy+AAAA[0m[Pipeline] sh
+ mvn deploy
[INFO] Scanning for projects...
[INFO] 
[INFO] --------------< com.javaproject:database_service_project >--------------
[INFO] Building database_service_project 0.0.5-SNAPSHOT
[INFO] --------------------------------[ jar ]---------------------------------
Downloading from central: https://repo.maven.apache.org/maven2/org/apache/maven/plugins/maven-deploy-plugin/2.8.2/maven-deploy-plugin-2.8.2.pom
Progress (1): 771 BProgress (1): 1.9 kBProgress (1): 4.7 kBProgress (1): 7.0 kBProgress (1): 7.1 kB                    Downloaded from central: https://repo.maven.apache.org/maven2/org/apache/maven/plugins/maven-deploy-plugin/2.8.2/maven-deploy-plugin-2.8.2.pom (7.1 kB at 17 kB/s)
Downloading from central: https://repo.maven.apache.org/maven2/org/apache/maven/plugins/maven-deploy-plugin/2.8.2/maven-deploy-plugin-2.8.2.jar
Progress (1): 0.9/34 kBProgress (1): 2.3/34 kBProgress (1): 3.7/34 kBProgress (1): 5.0/34 kBProgress (1): 6.4/34 kBProgress (1): 7.8/34 kBProgress (1): 9.1/34 kBProgress (1): 11/34 kB Progress (1): 12/34 kBProgress (1): 13/34 kBProgress (1): 15/34 kBProgress (1): 16/34 kBProgress (1): 17/34 kBProgress (1): 19/34 kBProgress (1): 20/34 kBProgress (1): 21/34 kBProgress (1): 23/34 kBProgress (1): 24/34 kBProgress (1): 26/34 kBProgress (1): 27/34 kBProgress (1): 28/34 kBProgress (1): 30/34 kBProgress (1): 31/34 kBProgress (1): 32/34 kBProgress (1): 33/34 kBProgress (1): 34 kB                      Downloaded from central: https://repo.maven.apache.org/maven2/org/apache/maven/plugins/maven-deploy-plugin/2.8.2/maven-deploy-plugin-2.8.2.jar (34 kB at 588 kB/s)
[INFO] 
[INFO] --- jacoco-maven-plugin:0.8.7:prepare-agent (jacoco-initialize) @ database_service_project ---
[INFO] argLine set to -javaagent:/var/lib/jenkins/.m2/repository/org/jacoco/org.jacoco.agent/0.8.7/org.jacoco.agent-0.8.7-runtime.jar=destfile=/var/lib/jenkins/workspace/MB-JB-01_feature-1/target/jacoco.exec
[INFO] 
[INFO] --- maven-resources-plugin:3.2.0:resources (default-resources) @ database_service_project ---
[INFO] Using 'UTF-8' encoding to copy filtered resources.
[INFO] Using 'UTF-8' encoding to copy filtered properties files.
[INFO] Copying 1 resource
[INFO] Copying 19 resources
[INFO] 
[INFO] --- maven-compiler-plugin:3.8.1:compile (default-compile) @ database_service_project ---
[INFO] Nothing to compile - all classes are up to date
[INFO] 
[INFO] --- maven-resources-plugin:3.2.0:testResources (default-testResources) @ database_service_project ---
[INFO] Using 'UTF-8' encoding to copy filtered resources.
[INFO] Using 'UTF-8' encoding to copy filtered properties files.
[INFO] skip non existing resourceDirectory /var/lib/jenkins/workspace/MB-JB-01_feature-1/src/test/resources
[INFO] 
[INFO] --- maven-compiler-plugin:3.8.1:testCompile (default-testCompile) @ database_service_project ---
[INFO] Nothing to compile - all classes are up to date
[INFO] 
[INFO] --- maven-surefire-plugin:2.22.2:test (default-test) @ database_service_project ---
[INFO] 
[INFO] -------------------------------------------------------
[INFO]  T E S T S
[INFO] -------------------------------------------------------
[INFO] Running com.javaproject.TestDatabase
18:31:30.396 [main] DEBUG org.springframework.test.context.BootstrapUtils - Instantiating CacheAwareContextLoaderDelegate from class [org.springframework.test.context.cache.DefaultCacheAwareContextLoaderDelegate]
18:31:30.418 [main] DEBUG org.springframework.test.context.BootstrapUtils - Instantiating BootstrapContext using constructor [public org.springframework.test.context.support.DefaultBootstrapContext(java.lang.Class,org.springframework.test.context.CacheAwareContextLoaderDelegate)]
18:31:30.490 [main] DEBUG org.springframework.test.context.BootstrapUtils - Instantiating TestContextBootstrapper for test class [com.javaproject.TestDatabase] from class [org.springframework.boot.test.context.SpringBootTestContextBootstrapper]
18:31:30.533 [main] INFO org.springframework.boot.test.context.SpringBootTestContextBootstrapper - Neither @ContextConfiguration nor @ContextHierarchy found for test class [com.javaproject.TestDatabase], using SpringBootContextLoader
18:31:30.546 [main] DEBUG org.springframework.test.context.support.AbstractContextLoader - Did not detect default resource location for test class [com.javaproject.TestDatabase]: class path resource [com/javaproject/TestDatabase-context.xml] does not exist
18:31:30.546 [main] DEBUG org.springframework.test.context.support.AbstractContextLoader - Did not detect default resource location for test class [com.javaproject.TestDatabase]: class path resource [com/javaproject/TestDatabaseContext.groovy] does not exist
18:31:30.546 [main] INFO org.springframework.test.context.support.AbstractContextLoader - Could not detect default resource locations for test class [com.javaproject.TestDatabase]: no resource found for suffixes {-context.xml, Context.groovy}.
18:31:30.550 [main] INFO org.springframework.test.context.support.AnnotationConfigContextLoaderUtils - Could not detect default configuration classes for test class [com.javaproject.TestDatabase]: TestDatabase does not declare any static, non-private, non-final, nested classes annotated with @Configuration.
18:31:30.653 [main] DEBUG org.springframework.test.context.support.ActiveProfilesUtils - Could not find an 'annotation declaring class' for annotation type [org.springframework.test.context.ActiveProfiles] and class [com.javaproject.TestDatabase]
18:31:30.771 [main] DEBUG org.springframework.context.annotation.ClassPathScanningCandidateComponentProvider - Identified candidate component class: file [/var/lib/jenkins/workspace/MB-JB-01_feature-1/target/classes/com/javaproject/DatabaseServiceProjectApplication.class]
18:31:30.774 [main] INFO org.springframework.boot.test.context.SpringBootTestContextBootstrapper - Found @SpringBootConfiguration com.javaproject.DatabaseServiceProjectApplication for test class com.javaproject.TestDatabase
18:31:30.937 [main] DEBUG org.springframework.boot.test.context.SpringBootTestContextBootstrapper - @TestExecutionListeners is not present for class [com.javaproject.TestDatabase]: using defaults.
18:31:30.938 [main] INFO org.springframework.boot.test.context.SpringBootTestContextBootstrapper - Loaded default TestExecutionListener class names from location [META-INF/spring.factories]: [org.springframework.boot.test.mock.mockito.MockitoTestExecutionListener, org.springframework.boot.test.mock.mockito.ResetMocksTestExecutionListener, org.springframework.boot.test.autoconfigure.restdocs.RestDocsTestExecutionListener, org.springframework.boot.test.autoconfigure.web.client.MockRestServiceServerResetTestExecutionListener, org.springframework.boot.test.autoconfigure.web.servlet.MockMvcPrintOnlyOnFailureTestExecutionListener, org.springframework.boot.test.autoconfigure.web.servlet.WebDriverTestExecutionListener, org.springframework.boot.test.autoconfigure.webservices.client.MockWebServiceServerTestExecutionListener, org.springframework.test.context.web.ServletTestExecutionListener, org.springframework.test.context.support.DirtiesContextBeforeModesTestExecutionListener, org.springframework.test.context.event.ApplicationEventsTestExecutionListener, org.springframework.test.context.support.DependencyInjectionTestExecutionListener, org.springframework.test.context.support.DirtiesContextTestExecutionListener, org.springframework.test.context.transaction.TransactionalTestExecutionListener, org.springframework.test.context.jdbc.SqlScriptsTestExecutionListener, org.springframework.test.context.event.EventPublishingTestExecutionListener, org.springframework.security.test.context.support.WithSecurityContextTestExecutionListener, org.springframework.security.test.context.support.ReactorContextTestExecutionListener]
18:31:30.976 [main] INFO org.springframework.boot.test.context.SpringBootTestContextBootstrapper - Using TestExecutionListeners: [org.springframework.test.context.web.ServletTestExecutionListener@6150afc6, org.springframework.test.context.support.DirtiesContextBeforeModesTestExecutionListener@49f50c8f, org.springframework.test.context.event.ApplicationEventsTestExecutionListener@46e6458d, org.springframework.boot.test.mock.mockito.MockitoTestExecutionListener@6297cb4b, org.springframework.boot.test.autoconfigure.SpringBootDependencyInjectionTestExecutionListener@65d6640, org.springframework.test.context.support.DirtiesContextTestExecutionListener@672d8370, org.springframework.test.context.transaction.TransactionalTestExecutionListener@13137835, org.springframework.test.context.jdbc.SqlScriptsTestExecutionListener@4f82248f, org.springframework.test.context.event.EventPublishingTestExecutionListener@22002459, org.springframework.security.test.context.support.WithSecurityContextTestExecutionListener@29bd056a, org.springframework.security.test.context.support.ReactorContextTestExecutionListener@21e702b8, org.springframework.boot.test.mock.mockito.ResetMocksTestExecutionListener@7f1fec57, org.springframework.boot.test.autoconfigure.restdocs.RestDocsTestExecutionListener@5c9e3d01, org.springframework.boot.test.autoconfigure.web.client.MockRestServiceServerResetTestExecutionListener@1dc9f5ad, org.springframework.boot.test.autoconfigure.web.servlet.MockMvcPrintOnlyOnFailureTestExecutionListener@4a2d66e, org.springframework.boot.test.autoconfigure.web.servlet.WebDriverTestExecutionListener@4dffff9, org.springframework.boot.test.autoconfigure.webservices.client.MockWebServiceServerTestExecutionListener@2904bc56]
18:31:30.982 [main] DEBUG org.springframework.test.context.support.AbstractDirtiesContextTestExecutionListener - Before test class: context [DefaultTestContext@2d3c501b testClass = TestDatabase, testInstance = [null], testMethod = [null], testException = [null], mergedContextConfiguration = [WebMergedContextConfiguration@7b8cb283 testClass = TestDatabase, locations = '{}', classes = '{class com.javaproject.DatabaseServiceProjectApplication}', contextInitializerClasses = '[]', activeProfiles = '{}', propertySourceLocations = '{}', propertySourceProperties = '{org.springframework.boot.test.context.SpringBootTestContextBootstrapper=true}', contextCustomizers = set[[ImportsContextCustomizer@38b54694 key = [org.springframework.boot.test.autoconfigure.web.servlet.MockMvcAutoConfiguration, org.springframework.boot.test.autoconfigure.web.servlet.MockMvcWebClientAutoConfiguration, org.springframework.boot.test.autoconfigure.web.servlet.MockMvcWebDriverAutoConfiguration, org.springframework.boot.autoconfigure.security.oauth2.client.servlet.OAuth2ClientAutoConfiguration, org.springframework.boot.autoconfigure.security.oauth2.resource.servlet.OAuth2ResourceServerAutoConfiguration, org.springframework.boot.autoconfigure.security.servlet.SecurityAutoConfiguration, org.springframework.boot.autoconfigure.security.servlet.SecurityFilterAutoConfiguration, org.springframework.boot.autoconfigure.security.servlet.UserDetailsServiceAutoConfiguration, org.springframework.boot.test.autoconfigure.web.servlet.MockMvcSecurityConfiguration]], org.springframework.boot.test.context.filter.ExcludeFilterContextCustomizer@6909f6be, org.springframework.boot.test.json.DuplicateJsonObjectContextCustomizerFactory$DuplicateJsonObjectContextCustomizer@764b14b8, org.springframework.boot.test.mock.mockito.MockitoContextCustomizer@0, org.springframework.boot.test.web.client.TestRestTemplateContextCustomizer@515b9d4a, org.springframework.boot.test.autoconfigure.actuate.metrics.MetricsExportContextCustomizerFactory$DisableMetricExportContextCustomizer@43471a7e, org.springframework.boot.test.autoconfigure.properties.PropertyMappingContextCustomizer@4b3fa0b3, org.springframework.boot.test.autoconfigure.web.servlet.WebDriverContextCustomizerFactory$Customizer@27585351, org.springframework.boot.test.context.SpringBootTestArgs@1, org.springframework.boot.test.context.SpringBootTestWebEnvironment@7cbee484], resourceBasePath = 'src/main/webapp', contextLoader = 'org.springframework.boot.test.context.SpringBootContextLoader', parent = [null]], attributes = map['org.springframework.test.context.web.ServletTestExecutionListener.activateListener' -> true]], class annotated with @DirtiesContext [false] with mode [null].
18:31:31.041 [main] DEBUG org.springframework.test.context.support.TestPropertySourceUtils - Adding inlined properties to environment: {spring.jmx.enabled=false, org.springframework.boot.test.context.SpringBootTestContextBootstrapper=true}

  .   ____          _            __ _ _
 /\\ / ___'_ __ _ _(_)_ __  __ _ \ \ \ \
( ( )\___ | '_ | '_| | '_ \/ _` | \ \ \ \
 \\/  ___)| |_)| | | | | || (_| |  ) ) ) )
  '  |____| .__|_| |_|_| |_\__, | / / / /
 =========|_|==============|___/=/_/_/_/
 :: Spring Boot ::                (v2.5.6)

2026-02-09 18:31:31.597  INFO 56808 --- [           main] com.javaproject.TestDatabase             : Starting TestDatabase using Java 11.0.30 on jenkins-server with PID 56808 (started by jenkins in /var/lib/jenkins/workspace/MB-JB-01_feature-1)
2026-02-09 18:31:31.603  INFO 56808 --- [           main] com.javaproject.TestDatabase             : No active profile set, falling back to default profiles: default
2026-02-09 18:31:32.686  INFO 56808 --- [           main] .s.d.r.c.RepositoryConfigurationDelegate : Multiple Spring Data modules found, entering strict repository configuration mode!
2026-02-09 18:31:32.688  INFO 56808 --- [           main] .s.d.r.c.RepositoryConfigurationDelegate : Bootstrapping Spring Data JDBC repositories in DEFAULT mode.
2026-02-09 18:31:32.699  INFO 56808 --- [           main] .s.d.r.c.RepositoryConfigurationDelegate : Finished Spring Data repository scanning in 7 ms. Found 0 JDBC repository interfaces.
2026-02-09 18:31:32.708  INFO 56808 --- [           main] .s.d.r.c.RepositoryConfigurationDelegate : Multiple Spring Data modules found, entering strict repository configuration mode!
2026-02-09 18:31:32.712  INFO 56808 --- [           main] .s.d.r.c.RepositoryConfigurationDelegate : Bootstrapping Spring Data JPA repositories in DEFAULT mode.
2026-02-09 18:31:32.718  INFO 56808 --- [           main] .s.d.r.c.RepositoryConfigurationDelegate : Finished Spring Data repository scanning in 1 ms. Found 0 JPA repository interfaces.
2026-02-09 18:31:33.144  INFO 56808 --- [           main] com.zaxxer.hikari.HikariDataSource       : HikariPool-1 - Starting...
2026-02-09 18:31:33.428  INFO 56808 --- [           main] com.zaxxer.hikari.HikariDataSource       : HikariPool-1 - Start completed.
2026-02-09 18:31:33.784  INFO 56808 --- [           main] o.hibernate.jpa.internal.util.LogHelper  : HHH000204: Processing PersistenceUnitInfo [name: default]
2026-02-09 18:31:33.905  INFO 56808 --- [           main] org.hibernate.Version                    : HHH000412: Hibernate ORM core version 5.4.32.Final
2026-02-09 18:31:34.138  INFO 56808 --- [           main] o.hibernate.annotations.common.Version   : HCANN000001: Hibernate Commons Annotations {5.1.2.Final}
2026-02-09 18:31:34.370  INFO 56808 --- [           main] org.hibernate.dialect.Dialect            : HHH000400: Using dialect: org.hibernate.dialect.H2Dialect
2026-02-09 18:31:34.871  INFO 56808 --- [           main] o.h.e.t.j.p.i.JtaPlatformInitiator       : HHH000490: Using JtaPlatform implementation: [org.hibernate.engine.transaction.jta.platform.internal.NoJtaPlatform]
2026-02-09 18:31:34.884  INFO 56808 --- [           main] j.LocalContainerEntityManagerFactoryBean : Initialized JPA EntityManagerFactory for persistence unit 'default'
2026-02-09 18:31:35.120  WARN 56808 --- [           main] JpaBaseConfiguration$JpaWebConfiguration : spring.jpa.open-in-view is enabled by default. Therefore, database queries may be performed during view rendering. Explicitly configure spring.jpa.open-in-view to disable this warning
2026-02-09 18:31:35.200  INFO 56808 --- [           main] o.s.s.p.JdbcUserDetailsManager           : No authentication manager set. Reauthentication of users when changing passwords will not be performed.
2026-02-09 18:31:35.985  INFO 56808 --- [           main] o.s.s.web.DefaultSecurityFilterChain     : Will secure any request with [org.springframework.security.web.context.request.async.WebAsyncManagerIntegrationFilter@584f06b2, org.springframework.security.web.context.SecurityContextPersistenceFilter@de20a4, org.springframework.security.web.header.HeaderWriterFilter@553b9c69, org.springframework.security.web.authentication.logout.LogoutFilter@484c4714, org.springframework.security.web.authentication.UsernamePasswordAuthenticationFilter@6dc5b32, org.springframework.security.web.savedrequest.RequestCacheAwareFilter@160149cc, org.springframework.security.web.servletapi.SecurityContextHolderAwareRequestFilter@5a9bca8d, org.springframework.security.web.authentication.AnonymousAuthenticationFilter@3eae0dcb, org.springframework.security.web.session.SessionManagementFilter@6f156467, org.springframework.security.web.access.ExceptionTranslationFilter@72a0e33f, org.springframework.security.web.access.intercept.FilterSecurityInterceptor@59c414f3]
2026-02-09 18:31:36.554  INFO 56808 --- [           main] o.s.b.a.h2.H2ConsoleAutoConfiguration    : H2 console available at '/h2-console'. Database available at 'jdbc:h2:mem:testdb'
2026-02-09 18:31:36.670  INFO 56808 --- [           main] o.s.b.a.w.s.WelcomePageHandlerMapping    : Adding welcome page template: index
2026-02-09 18:31:37.189  INFO 56808 --- [           main] o.s.b.t.m.w.SpringBootMockServletContext : Initializing Spring TestDispatcherServlet ''
2026-02-09 18:31:37.189  INFO 56808 --- [           main] o.s.t.web.servlet.TestDispatcherServlet  : Initializing Servlet ''
2026-02-09 18:31:37.190  INFO 56808 --- [           main] o.s.t.web.servlet.TestDispatcherServlet  : Completed initialization in 1 ms
2026-02-09 18:31:37.227  INFO 56808 --- [           main] com.javaproject.TestDatabase             : Started TestDatabase in 6.173 seconds (JVM running for 8.169)
[INFO] Tests run: 1, Failures: 0, Errors: 0, Skipped: 0, Time elapsed: 7.35 s - in com.javaproject.TestDatabase
[INFO] Running com.javaproject.TestController
2026-02-09 18:31:37.632  INFO 56808 --- [           main] .b.t.c.SpringBootTestContextBootstrapper : Neither @ContextConfiguration nor @ContextHierarchy found for test class [com.javaproject.TestController], using SpringBootContextLoader
2026-02-09 18:31:37.638  INFO 56808 --- [           main] o.s.t.c.support.AbstractContextLoader    : Could not detect default resource locations for test class [com.javaproject.TestController]: no resource found for suffixes {-context.xml, Context.groovy}.
2026-02-09 18:31:37.638  INFO 56808 --- [           main] t.c.s.AnnotationConfigContextLoaderUtils : Could not detect default configuration classes for test class [com.javaproject.TestController]: TestController does not declare any static, non-private, non-final, nested classes annotated with @Configuration.
2026-02-09 18:31:37.640  INFO 56808 --- [           main] .b.t.c.SpringBootTestContextBootstrapper : Found @SpringBootConfiguration com.javaproject.DatabaseServiceProjectApplication for test class com.javaproject.TestController
2026-02-09 18:31:37.646  INFO 56808 --- [           main] .b.t.c.SpringBootTestContextBootstrapper : Loaded default TestExecutionListener class names from location [META-INF/spring.factories]: [org.springframework.boot.test.mock.mockito.MockitoTestExecutionListener, org.springframework.boot.test.mock.mockito.ResetMocksTestExecutionListener, org.springframework.boot.test.autoconfigure.restdocs.RestDocsTestExecutionListener, org.springframework.boot.test.autoconfigure.web.client.MockRestServiceServerResetTestExecutionListener, org.springframework.boot.test.autoconfigure.web.servlet.MockMvcPrintOnlyOnFailureTestExecutionListener, org.springframework.boot.test.autoconfigure.web.servlet.WebDriverTestExecutionListener, org.springframework.boot.test.autoconfigure.webservices.client.MockWebServiceServerTestExecutionListener, org.springframework.test.context.web.ServletTestExecutionListener, org.springframework.test.context.support.DirtiesContextBeforeModesTestExecutionListener, org.springframework.test.context.event.ApplicationEventsTestExecutionListener, org.springframework.test.context.support.DependencyInjectionTestExecutionListener, org.springframework.test.context.support.DirtiesContextTestExecutionListener, org.springframework.test.context.transaction.TransactionalTestExecutionListener, org.springframework.test.context.jdbc.SqlScriptsTestExecutionListener, org.springframework.test.context.event.EventPublishingTestExecutionListener, org.springframework.security.test.context.support.WithSecurityContextTestExecutionListener, org.springframework.security.test.context.support.ReactorContextTestExecutionListener]
2026-02-09 18:31:37.646  INFO 56808 --- [           main] .b.t.c.SpringBootTestContextBootstrapper : Using TestExecutionListeners: [org.springframework.test.context.web.ServletTestExecutionListener@45529217, org.springframework.test.context.support.DirtiesContextBeforeModesTestExecutionListener@2d246203, org.springframework.test.context.event.ApplicationEventsTestExecutionListener@19b90e2c, org.springframework.boot.test.mock.mockito.MockitoTestExecutionListener@7fb7e557, org.springframework.boot.test.autoconfigure.SpringBootDependencyInjectionTestExecutionListener@2ea4129c, org.springframework.test.context.support.DirtiesContextTestExecutionListener@209e5931, org.springframework.test.context.transaction.TransactionalTestExecutionListener@7107fb60, org.springframework.test.context.jdbc.SqlScriptsTestExecutionListener@31da354a, org.springframework.test.context.event.EventPublishingTestExecutionListener@3fe4f11f, org.springframework.security.test.context.support.WithSecurityContextTestExecutionListener@6d617003, org.springframework.security.test.context.support.ReactorContextTestExecutionListener@23f34a34, org.springframework.boot.test.mock.mockito.ResetMocksTestExecutionListener@43634b65, org.springframework.boot.test.autoconfigure.restdocs.RestDocsTestExecutionListener@5b17261f, org.springframework.boot.test.autoconfigure.web.client.MockRestServiceServerResetTestExecutionListener@3d10a416, org.springframework.boot.test.autoconfigure.web.servlet.MockMvcPrintOnlyOnFailureTestExecutionListener@48bfb6a, org.springframework.boot.test.autoconfigure.web.servlet.WebDriverTestExecutionListener@5deab0fd, org.springframework.boot.test.autoconfigure.webservices.client.MockWebServiceServerTestExecutionListener@3f2f5281]
return value is: 5

MockHttpServletRequest:
      HTTP Method = POST
      Request URI = /boardgameAdded
       Parameters = {name=[onecard], level=[1], minPlayers=[2], maxPlayers=[+], gameType=[Party Game]}
          Headers = []
             Body = null
    Session Attrs = {}

Handler:
             Type = com.javaproject.controllers.HomeController
           Method = com.javaproject.controllers.HomeController#boardgameAdded(BoardGame)

Async:
    Async started = false
     Async result = null

Resolved Exception:
             Type = null

ModelAndView:
        View name = redirect:/
             View = null
            Model = null

FlashMap:
       Attributes = null

MockHttpServletResponse:
           Status = 302
    Error message = null
          Headers = [Content-Language:"en", X-Content-Type-Options:"nosniff", X-XSS-Protection:"1; mode=block", Cache-Control:"no-cache, no-store, max-age=0, must-revalidate", Pragma:"no-cache", Expires:"0", Location:"/"]
     Content type = null
             Body = 
    Forwarded URL = null
   Redirected URL = /
          Cookies = []
return value is: 1
return value is: 1
[INFO] Tests run: 4, Failures: 0, Errors: 0, Skipped: 0, Time elapsed: 1.007 s - in com.javaproject.TestController
[INFO] Running com.javaproject.DatabaseServiceProjectApplicationTests
2026-02-09 18:31:38.701  INFO 56808 --- [           main] .b.t.c.SpringBootTestContextBootstrapper : Neither @ContextConfiguration nor @ContextHierarchy found for test class [com.javaproject.DatabaseServiceProjectApplicationTests], using SpringBootContextLoader
2026-02-09 18:31:38.701  INFO 56808 --- [           main] o.s.t.c.support.AbstractContextLoader    : Could not detect default resource locations for test class [com.javaproject.DatabaseServiceProjectApplicationTests]: no resource found for suffixes {-context.xml, Context.groovy}.
2026-02-09 18:31:38.702  INFO 56808 --- [           main] t.c.s.AnnotationConfigContextLoaderUtils : Could not detect default configuration classes for test class [com.javaproject.DatabaseServiceProjectApplicationTests]: DatabaseServiceProjectApplicationTests does not declare any static, non-private, non-final, nested classes annotated with @Configuration.
2026-02-09 18:31:38.702  INFO 56808 --- [           main] .b.t.c.SpringBootTestContextBootstrapper : Found @SpringBootConfiguration com.javaproject.DatabaseServiceProjectApplication for test class com.javaproject.DatabaseServiceProjectApplicationTests
2026-02-09 18:31:38.708  INFO 56808 --- [           main] .b.t.c.SpringBootTestContextBootstrapper : Loaded default TestExecutionListener class names from location [META-INF/spring.factories]: [org.springframework.boot.test.mock.mockito.MockitoTestExecutionListener, org.springframework.boot.test.mock.mockito.ResetMocksTestExecutionListener, org.springframework.boot.test.autoconfigure.restdocs.RestDocsTestExecutionListener, org.springframework.boot.test.autoconfigure.web.client.MockRestServiceServerResetTestExecutionListener, org.springframework.boot.test.autoconfigure.web.servlet.MockMvcPrintOnlyOnFailureTestExecutionListener, org.springframework.boot.test.autoconfigure.web.servlet.WebDriverTestExecutionListener, org.springframework.boot.test.autoconfigure.webservices.client.MockWebServiceServerTestExecutionListener, org.springframework.test.context.web.ServletTestExecutionListener, org.springframework.test.context.support.DirtiesContextBeforeModesTestExecutionListener, org.springframework.test.context.event.ApplicationEventsTestExecutionListener, org.springframework.test.context.support.DependencyInjectionTestExecutionListener, org.springframework.test.context.support.DirtiesContextTestExecutionListener, org.springframework.test.context.transaction.TransactionalTestExecutionListener, org.springframework.test.context.jdbc.SqlScriptsTestExecutionListener, org.springframework.test.context.event.EventPublishingTestExecutionListener, org.springframework.security.test.context.support.WithSecurityContextTestExecutionListener, org.springframework.security.test.context.support.ReactorContextTestExecutionListener]
2026-02-09 18:31:38.708  INFO 56808 --- [           main] .b.t.c.SpringBootTestContextBootstrapper : Using TestExecutionListeners: [org.springframework.test.context.web.ServletTestExecutionListener@56fd268, org.springframework.test.context.support.DirtiesContextBeforeModesTestExecutionListener@7fc7e3d9, org.springframework.test.context.event.ApplicationEventsTestExecutionListener@3bcf763c, org.springframework.boot.test.mock.mockito.MockitoTestExecutionListener@62a9c075, org.springframework.boot.test.autoconfigure.SpringBootDependencyInjectionTestExecutionListener@192ea2da, org.springframework.test.context.support.DirtiesContextTestExecutionListener@59b7530d, org.springframework.test.context.transaction.TransactionalTestExecutionListener@1909b091, org.springframework.test.context.jdbc.SqlScriptsTestExecutionListener@358f61ad, org.springframework.test.context.event.EventPublishingTestExecutionListener@59db3db4, org.springframework.security.test.context.support.WithSecurityContextTestExecutionListener@3a1732b9, org.springframework.security.test.context.support.ReactorContextTestExecutionListener@6e4e8052, org.springframework.boot.test.mock.mockito.ResetMocksTestExecutionListener@2002163f, org.springframework.boot.test.autoconfigure.restdocs.RestDocsTestExecutionListener@2034b916, org.springframework.boot.test.autoconfigure.web.client.MockRestServiceServerResetTestExecutionListener@2335c553, org.springframework.boot.test.autoconfigure.web.servlet.MockMvcPrintOnlyOnFailureTestExecutionListener@39e38d77, org.springframework.boot.test.autoconfigure.web.servlet.WebDriverTestExecutionListener@960d79a, org.springframework.boot.test.autoconfigure.webservices.client.MockWebServiceServerTestExecutionListener@c1923a9]
[INFO] Tests run: 1, Failures: 0, Errors: 0, Skipped: 0, Time elapsed: 0.01 s - in com.javaproject.DatabaseServiceProjectApplicationTests
2026-02-09 18:31:38.821  INFO 56808 --- [ionShutdownHook] j.LocalContainerEntityManagerFactoryBean : Closing JPA EntityManagerFactory for persistence unit 'default'
2026-02-09 18:31:38.830  INFO 56808 --- [ionShutdownHook] .SchemaDropperImpl$DelayedDropActionImpl : HHH000477: Starting delayed evictData of schema as part of SessionFactory shut-down'
2026-02-09 18:31:38.838  INFO 56808 --- [ionShutdownHook] com.zaxxer.hikari.HikariDataSource       : HikariPool-1 - Shutdown initiated...
2026-02-09 18:31:38.864  INFO 56808 --- [ionShutdownHook] com.zaxxer.hikari.HikariDataSource       : HikariPool-1 - Shutdown completed.
[INFO] 
[INFO] Results:
[INFO] 
[INFO] Tests run: 6, Failures: 0, Errors: 0, Skipped: 0
[INFO] 
[INFO] 
[INFO] --- maven-jar-plugin:3.2.0:jar (default-jar) @ database_service_project ---
[INFO] 
[INFO] --- spring-boot-maven-plugin:2.5.6:repackage (repackage) @ database_service_project ---
[INFO] Replacing main artifact with repackaged archive
[INFO] 
[INFO] --- jacoco-maven-plugin:0.8.7:report (jacoco-site) @ database_service_project ---
[INFO] Loading execution data file /var/lib/jenkins/workspace/MB-JB-01_feature-1/target/jacoco.exec
[INFO] Analyzed bundle 'database_service_project' with 9 classes
[INFO] 
[INFO] --- maven-install-plugin:2.5.2:install (default-install) @ database_service_project ---
[INFO] Installing /var/lib/jenkins/workspace/MB-JB-01_feature-1/target/database_service_project-0.0.5-SNAPSHOT.jar to /var/lib/jenkins/.m2/repository/com/javaproject/database_service_project/0.0.5-SNAPSHOT/database_service_project-0.0.5-SNAPSHOT.jar
[INFO] Installing /var/lib/jenkins/workspace/MB-JB-01_feature-1/pom.xml to /var/lib/jenkins/.m2/repository/com/javaproject/database_service_project/0.0.5-SNAPSHOT/database_service_project-0.0.5-SNAPSHOT.pom
[INFO] 
[INFO] --- maven-deploy-plugin:2.8.2:deploy (default-deploy) @ database_service_project ---
Downloading from maven-snapshots: http://13.127.177.61:8081/repository/maven-snapshots/com/javaproject/database_service_project/0.0.5-SNAPSHOT/maven-metadata.xml
[WARNING] Could not transfer metadata com.javaproject:database_service_project:0.0.5-SNAPSHOT/maven-metadata.xml from/to maven-snapshots (http://13.127.177.61:8081/repository/maven-snapshots/): Connect to 13.127.177.61:8081 [/13.127.177.61] failed: Connection timed out (Connection timed out)
[INFO] ------------------------------------------------------------------------
[INFO] BUILD FAILURE
[INFO] ------------------------------------------------------------------------
[INFO] Total time:  02:27 min
[INFO] Finished at: 2026-02-09T18:33:54Z
[INFO] ------------------------------------------------------------------------
[ERROR] Failed to execute goal org.apache.maven.plugins:maven-deploy-plugin:2.8.2:deploy (default-deploy) on project database_service_project: Failed to retrieve remote metadata com.javaproject:database_service_project:0.0.5-SNAPSHOT/maven-metadata.xml: Could not transfer metadata com.javaproject:database_service_project:0.0.5-SNAPSHOT/maven-metadata.xml from/to maven-snapshots (http://13.127.177.61:8081/repository/maven-snapshots/): Connect to 13.127.177.61:8081 [/13.127.177.61] failed: Connection timed out (Connection timed out) -> [Help 1]
[ERROR] 
[ERROR] To see the full stack trace of the errors, re-run Maven with the -e switch.
[ERROR] Re-run Maven using the -X switch to enable full debug logging.
[ERROR] 
[ERROR] For more information about the errors and possible solutions, please read the following articles:
[ERROR] [Help 1] http://cwiki.apache.org/confluence/display/MAVEN/MojoExecutionException
[8mha:////4LOpf6Rid89Y6zamEJnEdDY0qXUbgYxnHWFkiOWDiXA5AAAApR+LCAAAAAAAAP9tjTEOwjAQBC9BFLSUPOJCBUgoFa3lhheYxBgn1l2wHZyKF/E1/oBFJCq2WO1sM683LIOHmr3BTlNvKTQWBzeavDCx76+OE3Z8wYYpsNModZLc6tOMkqOGOUUJCwErTY3jYMlEWItOPVTlFJnqHH3+jgJK297hCYXI5qh8/MLkYXMb28D08/wVwDQMEcr9Ntfu8AF2jKA0vgAAAA==[0m[Pipeline] }
[8mha:////4NH6SE9RYAVZUbPFbMQRJIAw6VSBlLZYCDKygt60afZmAAAApR+LCAAAAAAAAP9tjTEOwjAQBC9BFLSUPOIiGlIgqrRWGl5gYmOcWHfGdkgqXsTX+AMWkajYYrWzzbzesI4BThwM9poGS7Gz6N1o8sKJw3B1PGHPF+yYIjuNrZ5aVrpZsOWkYUlRwkrARlPnOFoyCbailw9ZOUmmOqeQv6OA0qo7PKEQ2ZxkSF+YA+xuo4pMP89fAczeJyjrfa5D/QFCQkNvvgAAAA==[0m[Pipeline] // withEnv
[8mha:////4BgnwHyKz+xUBYG/2g7dtG+I7w+HHRxXaRy2BxHwJ7q1AAAApR+LCAAAAAAAAP9tjTEOwjAQBC9BFLSUPOIipYACUaW10vACExvjxLoztkNS8SK+xh+wiETFFqudbeb1hnUMcOJgsNc0WIqdRe9GkxdOHIar4wl7vmDHFNlpbPXUstLNgi0nDUuKElYCNpo6x9GSSbAVvXzIykky1TmF/B0FlFbd4QmFyOYkQ/rCHGB3G1Vk+nn+CmD2PkF5qHPt6w9jxL2ZvgAAAA==[0m[Pipeline] }
[8mha:////4GRwPGJZy7+Z0pizcmOD7yhpaanAC4HoLHRFd5cJ5OxmAAAAph+LCAAAAAAAAP9tjTEOwjAQBC9BFLSUPOIihAQFSkVrueEFJjHGiXUXbAen4kV8jT9gEYmKLVY728zrDcvgoWZvsNPUWwqNxcGNJi9M7Pur44QdX7BhCuw0Sp0kt/o0o+SoYU5RwkLASlPjOFgyEdaiUw9VOUWmOkefv6OA0rZ3eEIhsjkqH78wedjcxjYw/Tx/BTANQ4TysMu1334AfEboy74AAAA=[0m[Pipeline] // stage
[8mha:////4JV8YKIQ7qHwT0xrRmddpNI/4uxw7OIxu93WQN8CLULaAAAAph+LCAAAAAAAAP9tjTEOwjAQBC9BFLSUPOIiEBIFSkVrueEFJjHGiXUXbAen4kV8jT9gEYmKLVY728zrDcvgoWZvsNPUWwqNxcGNJi9M7Pur44QdX7BhCuw0Sp0kt/o0o+SoYU5RwkLASlPjOFgyEdaiUw9VOUWmOkefv6OA0rZ3eEIhsjkqH78wedjcxjYw/Tx/BTANQ4TysM+1234AwLOBsr4AAAA=[0m[Pipeline] }
[8mha:////4AXfBilG+/L3b6EJx8Uf8PoAn/oPvZanAk5IjfWGCMAXAAAAph+LCAAAAAAAAP9tjTEOwjAQBC9BFLSUPOKCkBAFSkVrueEFJjHGiXUXbAen4kV8jT9gEYmKLVY728zrDcvgoWZvsNPUWwqNxcGNJi9M7Pur44QdX7BhCuw0Sp0kt/o0o+SoYU5RwkLASlPjOFgyEdaiUw9VOUWmOkefv6OA0rZ3eEIhsjkqH78wedjcxjYw/Tx/BTANQ4TysM+1234A81DaDr4AAAA=[0m[Pipeline] // withEnv
[8mha:////4NEKsC4f6p4A2i/NTf3tA0RlpIJnj+SeQzvxtUhsayhgAAAApR+LCAAAAAAAAP9tjTEOwjAQBC9BFLSUPOKiNFAgqrRWGl5gYmOcWHfGdkgqXsTX+AMWkajYYrWzzbzesI4BThwM9poGS7Gz6N1o8sKJw3B1PGHPF+yYIjuNrZ5aVrpZsOWkYUlRwkrARlPnOFoyCbailw9ZOUmmOqeQv6OA0qo7PKEQ2ZxkSF+YA+xuo4pMP89fAczeJygP+1x1/QEIQWTUvgAAAA==[0m[Pipeline] }
[8mha:////4NNn5zzej7X3pD5Dcx0T0gNfqKBhaImDYD5xHl8ryIohAAAApB+LCAAAAAAAAP9tjTEOwjAQBC9BFLSUPOICVQpEldZKwwtMbIwT687YDknFi/gaf8AiEhVbrHa2mdcb1jHAiYPBXtNgKXYWvRtNXjhxGK6OJ+z5gh1TZKex1VPLSjcLtpw0LClKWAnYaOocR0smwVb08iErJ8lU5xTydxRQWnWHJxQim5MM6QtzgN1tVJHp5/krgNn7BGVd5zrsPzuiP2i+AAAA[0m[Pipeline] // withEnv
[8mha:////4EidKgcGAHuScLTRPeegqbcFn/J4mz9jXxHN6g6mPlsjAAAApB+LCAAAAAAAAP9tjTEOwjAQBDdBFLSUPMJpkEBCVLRWGl5gEmOcWHfBvpBUvIiv8QciIlGx1c4083pjmSKOHJ1qLLWeUuVVF3o3PTVwbK+BB9XwRVVMiYNVpR1Kru1pxpLFYl6WY6GxslQFTp6cYK0b8zBFMOSKs8TJHTRyX9/xRKanspgoXxgjNre+Tky/zt8Axq4T5Lu9INt+AFmDbDS9AAAA[0m[Pipeline] }
[8mha:////4DE/bkVXXPFSW0ZcqNhNWDe3LUxyP5e5nrMa1E5c7gp4AAAApB+LCAAAAAAAAP9tjTEOwjAQBDdBFLSUPMIpKBBCVLRWGl5gEmOcWHfBvpBUvIiv8QciIlGx1c4083pjmSKOHJ1qLLWeUuVVF3o3PTVwbK+BB9XwRVVMiYNVpR1Kru1pxpLFYl6WY6GxslQFTp6cYK0b8zBFMOSKs8TJHTRyX9/xRKanspgoXxgjNre+Tky/zt8Axq4T5Lu9INt+AEo/aJe9AAAA[0m[Pipeline] // node
[8mha:////4D/VcNNXtwrvhKtk5a3+6C5VqhsHfNhsTDl4CFXjj3niAAAAox+LCAAAAAAAAP9tjTEOwjAQBDdBFLSUPMJBVEiIitZKwwtMYowT6y7YF5KKF/E1/kBEJCq22plmXm8sU8SRo1ONpdZTqrzqQu+mpwaO7TXwoBq+qIopcbCqtEPJtT3NWLJYzMtyLDRWlqrAyZMTrHVjHqYIhlxxlji5g0bu6zueyPRUFhPlC2PE5tbXienX+RvA2HWCfL8VZLsPeN8pHL0AAAA=[0m[Pipeline] End of Pipeline
ERROR: script returned exit code 1
Finished: FAILURE
